[00:39:34.021] Running build in Washington, D.C., USA (East) â€“ iad1
[00:39:34.022] Build machine configuration: 2 cores, 8 GB
[00:39:34.035] Cloning github.com/Cooledricesh/Psyrehab (Branch: main, Commit: 5758647)
[00:39:34.196] Previous build caches not available
[00:39:34.486] Warning: Failed to fetch one or more git submodules
[00:39:34.486] Cloning completed: 451.000ms
[00:39:34.816] Running "vercel build"
[00:39:35.502] Vercel CLI 43.3.0
[00:39:36.271] Installing dependencies...
[00:39:41.943] npm warn deprecated node-domexception@1.0.0: Use your platform's native DOMException instead
[00:39:50.904] 
[00:39:50.905] added 1129 packages in 14s
[00:39:50.906] 
[00:39:50.906] 303 packages are looking for funding
[00:39:50.906]   run `npm fund` for details
[00:39:51.189] 
[00:39:51.189] > psyrehab@0.0.0 build
[00:39:51.191] > tsc -b && vite build
[00:39:51.191] 
[00:40:14.003] src/__tests__/components/assessments/AssessmentForm.test.tsx(6,10): error TS2614: Module '"@/components/assessments/AssessmentForm"' has no exported member 'AssessmentForm'. Did you mean to use 'import AssessmentForm from "@/components/assessments/AssessmentForm"' instead?
[00:40:14.005] src/__tests__/integration/assessment-system.test.tsx(7,10): error TS1484: 'AssessmentData' is a type and must be imported using a type-only import when 'verbatimModuleSyntax' is enabled.
[00:40:14.005] src/__tests__/integration/assessment-system.test.tsx(16,41): error TS2353: Object literal may only specify known properties, and 'activity' does not exist in type 'ConcentrationTimeOptions'.
[00:40:14.006] src/__tests__/integration/assessment-system.test.tsx(19,7): error TS2353: Object literal may only specify known properties, and 'effort_willingness' does not exist in type 'MotivationLevelOptions'.
[00:40:14.006] src/__tests__/integration/assessment-system.test.tsx(24,7): error TS2353: Object literal may only specify known properties, and 'achievement_areas' does not exist in type 'PastSuccessesOptions'.
[00:40:14.007] src/__tests__/integration/assessment-system.test.tsx(30,7): error TS2353: Object literal may only specify known properties, and 'primary_factors' does not exist in type 'ConstraintsOptions'.
[00:40:14.007] src/__tests__/integration/assessment-system.test.tsx(37,7): error TS2353: Object literal may only specify known properties, and 'preferred_group_size' does not exist in type 'SocialPreferenceOptions'.
[00:40:14.008] src/__tests__/integration/assessment-system.test.tsx(45,41): error TS2353: Object literal may only specify known properties, and 'activity' does not exist in type 'ConcentrationTimeOptions'.
[00:40:14.008] src/__tests__/integration/assessment-system.test.tsx(48,7): error TS2353: Object literal may only specify known properties, and 'effort_willingness' does not exist in type 'MotivationLevelOptions'.
[00:40:14.008] src/__tests__/integration/assessment-system.test.tsx(53,7): error TS2353: Object literal may only specify known properties, and 'achievement_areas' does not exist in type 'PastSuccessesOptions'.
[00:40:14.008] src/__tests__/integration/assessment-system.test.tsx(59,7): error TS2353: Object literal may only specify known properties, and 'primary_factors' does not exist in type 'ConstraintsOptions'.
[00:40:14.009] src/__tests__/integration/assessment-system.test.tsx(66,7): error TS2353: Object literal may only specify known properties, and 'preferred_group_size' does not exist in type 'SocialPreferenceOptions'.
[00:40:14.009] src/__tests__/types/assessment-types.test.ts(2,31): error TS2724: '"@/types/assessment"' has no exported member named 'CreateAssessmentData'. Did you mean 'AssessmentData'?
[00:40:14.009] src/__tests__/types/assessment-types.test.ts(12,5): error TS2353: Object literal may only specify known properties, and 'activity' does not exist in type 'ConcentrationTimeOptions'.
[00:40:14.009] src/__tests__/types/assessment-types.test.ts(16,5): error TS2353: Object literal may only specify known properties, and 'effort_willingness' does not exist in type 'MotivationLevelOptions'.
[00:40:14.011] src/__tests__/types/assessment-types.test.ts(21,5): error TS2353: Object literal may only specify known properties, and 'achievement_areas' does not exist in type 'PastSuccessesOptions'.
[00:40:14.012] src/__tests__/types/assessment-types.test.ts(27,5): error TS2353: Object literal may only specify known properties, and 'primary_factors' does not exist in type 'ConstraintsOptions'.
[00:40:14.012] src/__tests__/types/assessment-types.test.ts(34,5): error TS2353: Object literal may only specify known properties, and 'preferred_group_size' does not exist in type 'SocialPreferenceOptions'.
[00:40:14.012] src/__tests__/types/assessment-types.test.ts(105,38): error TS2339: Property 'activity' does not exist on type 'ConcentrationTimeOptions'.
[00:40:14.012] src/__tests__/types/assessment-types.test.ts(113,36): error TS2339: Property 'effort_willingness' does not exist on type 'MotivationLevelOptions'.
[00:40:14.013] src/__tests__/types/assessment-types.test.ts(115,36): error TS2339: Property 'external_support' does not exist on type 'MotivationLevelOptions'.
[00:40:14.013] src/__tests__/types/assessment-types.test.ts(120,29): error TS2339: Property 'effort_willingness' does not exist on type 'MotivationLevelOptions'.
[00:40:14.013] src/__tests__/types/assessment-types.test.ts(121,29): error TS2339: Property 'effort_willingness' does not exist on type 'MotivationLevelOptions'.
[00:40:14.013] src/__tests__/types/assessment-types.test.ts(124,29): error TS2339: Property 'external_support' does not exist on type 'MotivationLevelOptions'.
[00:40:14.013] src/__tests__/types/assessment-types.test.ts(125,29): error TS2339: Property 'external_support' does not exist on type 'MotivationLevelOptions'.
[00:40:14.013] src/__tests__/types/assessment-types.test.ts(131,41): error TS2339: Property 'achievement_areas' does not exist on type 'PastSuccessesOptions'.
[00:40:14.013] src/__tests__/types/assessment-types.test.ts(132,34): error TS2339: Property 'most_significant_achievement' does not exist on type 'PastSuccessesOptions'.
[00:40:14.014] src/__tests__/types/assessment-types.test.ts(133,34): error TS2339: Property 'learning_from_success' does not exist on type 'PastSuccessesOptions'.
[00:40:14.014] src/__tests__/types/assessment-types.test.ts(134,34): error TS2339: Property 'transferable_strategies' does not exist on type 'PastSuccessesOptions'.
[00:40:14.014] src/__tests__/types/assessment-types.test.ts(137,20): error TS2339: Property 'achievement_areas' does not exist on type 'PastSuccessesOptions'.
[00:40:14.014] src/__tests__/types/assessment-types.test.ts(137,47): error TS7006: Parameter 'area' implicitly has an 'any' type.
[00:40:14.014] src/__tests__/types/assessment-types.test.ts(145,38): error TS2339: Property 'primary_factors' does not exist on type 'ConstraintsOptions'.
[00:40:14.014] src/__tests__/types/assessment-types.test.ts(147,38): error TS2339: Property 'management_strategies' does not exist on type 'ConstraintsOptions'.
[00:40:14.014] src/__tests__/types/assessment-types.test.ts(154,17): error TS2339: Property 'primary_factors' does not exist on type 'ConstraintsOptions'.
[00:40:14.014] src/__tests__/types/assessment-types.test.ts(154,41): error TS7006: Parameter 'factor' implicitly has an 'any' type.
[00:40:14.015] src/__tests__/types/assessment-types.test.ts(157,17): error TS2339: Property 'management_strategies' does not exist on type 'ConstraintsOptions'.
[00:40:14.015] src/__tests__/types/assessment-types.test.ts(157,47): error TS7006: Parameter 'strategy' implicitly has an 'any' type.
[00:40:14.015] src/__tests__/types/assessment-types.test.ts(167,37): error TS2339: Property 'preferred_group_size' does not exist on type 'SocialPreferenceOptions'.
[00:40:14.015] src/__tests__/types/assessment-types.test.ts(185,9): error TS2353: Object literal may only specify known properties, and 'activity' does not exist in type 'ConcentrationTimeOptions'.
[00:40:14.015] src/__tests__/types/assessment-types.test.ts(189,9): error TS2353: Object literal may only specify known properties, and 'effort_willingness' does not exist in type 'MotivationLevelOptions'.
[00:40:14.015] src/__tests__/types/assessment-types.test.ts(194,9): error TS2353: Object literal may only specify known properties, and 'achievement_areas' does not exist in type 'PastSuccessesOptions'.
[00:40:14.016] src/__tests__/types/assessment-types.test.ts(200,9): error TS2353: Object literal may only specify known properties, and 'primary_factors' does not exist in type 'ConstraintsOptions'.
[00:40:14.016] src/__tests__/types/assessment-types.test.ts(207,9): error TS2353: Object literal may only specify known properties, and 'preferred_group_size' does not exist in type 'SocialPreferenceOptions'.
[00:40:14.016] src/__tests__/types/assessment-types.test.ts(235,66): error TS2339: Property 'achievement_areas' does not exist on type 'PastSuccessesOptions'.
[00:40:14.016] src/__tests__/types/assessment-types.test.ts(241,61): error TS2339: Property 'primary_factors' does not exist on type 'ConstraintsOptions'.
[00:40:14.016] src/__tests__/types/assessment-types.test.ts(247,57): error TS2339: Property 'management_strategies' does not exist on type 'ConstraintsOptions'.
[00:40:14.016] src/__tests__/types/assessment-types.test.ts(262,35): error TS2339: Property 'effort_willingness' does not exist on type 'MotivationLevelOptions'.
[00:40:14.017] src/__tests__/types/assessment-types.test.ts(264,35): error TS2339: Property 'external_support' does not exist on type 'MotivationLevelOptions'.
[00:40:14.018] src/__tests__/types/assessment-types.test.ts(285,21): error TS2769: No overload matches this call.
[00:40:14.018]   Overload 1 of 4, '(value: string | number | Date): Date', gave the following error.
[00:40:14.018]     Argument of type 'string | undefined' is not assignable to parameter of type 'string | number | Date'.
[00:40:14.018]       Type 'undefined' is not assignable to type 'string | number | Date'.
[00:40:14.020]   Overload 2 of 4, '(value: string | number): Date', gave the following error.
[00:40:14.020]     Argument of type 'string | undefined' is not assignable to parameter of type 'string | number'.
[00:40:14.020]       Type 'undefined' is not assignable to type 'string | number'.
[00:40:14.020] src/__tests__/types/assessment-types.test.ts(286,21): error TS2769: No overload matches this call.
[00:40:14.020]   Overload 1 of 4, '(value: string | number | Date): Date', gave the following error.
[00:40:14.020]     Argument of type 'string | undefined' is not assignable to parameter of type 'string | number | Date'.
[00:40:14.020]       Type 'undefined' is not assignable to type 'string | number | Date'.
[00:40:14.020]   Overload 2 of 4, '(value: string | number): Date', gave the following error.
[00:40:14.020]     Argument of type 'string | undefined' is not assignable to parameter of type 'string | number'.
[00:40:14.020]       Type 'undefined' is not assignable to type 'string | number'.
[00:40:14.020] src/__tests__/types/assessment-types.test.ts(289,21): error TS2769: No overload matches this call.
[00:40:14.020]   Overload 1 of 4, '(value: string | number | Date): Date', gave the following error.
[00:40:14.021]     Argument of type 'string | undefined' is not assignable to parameter of type 'string | number | Date'.
[00:40:14.021]       Type 'undefined' is not assignable to type 'string | number | Date'.
[00:40:14.021]   Overload 2 of 4, '(value: string | number): Date', gave the following error.
[00:40:14.021]     Argument of type 'string | undefined' is not assignable to parameter of type 'string | number'.
[00:40:14.021]       Type 'undefined' is not assignable to type 'string | number'.
[00:40:14.021] src/__tests__/types/assessment-types.test.ts(290,21): error TS2769: No overload matches this call.
[00:40:14.021]   Overload 1 of 4, '(value: string | number | Date): Date', gave the following error.
[00:40:14.021]     Argument of type 'string | undefined' is not assignable to parameter of type 'string | number | Date'.
[00:40:14.021]       Type 'undefined' is not assignable to type 'string | number | Date'.
[00:40:14.021]   Overload 2 of 4, '(value: string | number): Date', gave the following error.
[00:40:14.021]     Argument of type 'string | undefined' is not assignable to parameter of type 'string | number'.
[00:40:14.021]       Type 'undefined' is not assignable to type 'string | number'.
[00:40:14.021] src/app/api/ai/recommend/route.ts(1,43): error TS2307: Cannot find module 'next/server' or its corresponding type declarations.
[00:40:14.021] src/app/api/ai/recommend/route.ts(2,30): error TS2307: Cannot find module '@/lib/supabase/server' or its corresponding type declarations.
[00:40:14.022] src/app/api/webhook/n8n/route.ts(1,43): error TS2307: Cannot find module 'next/server' or its corresponding type declarations.
[00:40:14.022] src/app/api/webhook/n8n/route.ts(2,30): error TS2307: Cannot find module '@/lib/supabase/server' or its corresponding type declarations.
[00:40:14.022] src/components/GoalCard.tsx(18,10): error TS1484: 'BaseGoal' is a type and must be imported using a type-only import when 'verbatimModuleSyntax' is enabled.
[00:40:14.022] src/components/GoalCard.tsx(18,20): error TS1484: 'GoalType' is a type and must be imported using a type-only import when 'verbatimModuleSyntax' is enabled.
[00:40:14.022] src/components/GoalCard.tsx(18,30): error TS1484: 'GoalStatus' is a type and must be imported using a type-only import when 'verbatimModuleSyntax' is enabled.
[00:40:14.022] src/components/GoalCard.tsx(18,42): error TS1484: 'GoalPriority' is a type and must be imported using a type-only import when 'verbatimModuleSyntax' is enabled.
[00:40:14.022] src/components/GoalCard.tsx(18,56): error TS1484: 'GoalCategory' is a type and must be imported using a type-only import when 'verbatimModuleSyntax' is enabled.
[00:40:14.022] src/components/GoalHierarchyTree.tsx(14,3): error TS2724: '"lucide-react"' has no exported member named 'CollapseIcon'. Did you mean 'ListCollapseIcon'?
[00:40:14.022] src/components/GoalHierarchyTree.tsx(18,3): error TS1484: 'BaseGoal' is a type and must be imported using a type-only import when 'verbatimModuleSyntax' is enabled.
[00:40:14.022] src/components/GoalHierarchyTree.tsx(19,3): error TS1484: 'GoalHierarchy' is a type and must be imported using a type-only import when 'verbatimModuleSyntax' is enabled.
[00:40:14.022] src/components/GoalHierarchyTree.tsx(20,3): error TS1484: 'GoalTreeNode' is a type and must be imported using a type-only import when 'verbatimModuleSyntax' is enabled.
[00:40:14.022] src/components/GoalHierarchyTree.tsx(21,3): error TS1484: 'GoalType' is a type and must be imported using a type-only import when 'verbatimModuleSyntax' is enabled.
[00:40:14.022] src/components/GoalHierarchyTree.tsx(22,3): error TS1484: 'GoalStatus' is a type and must be imported using a type-only import when 'verbatimModuleSyntax' is enabled.
[00:40:14.022] src/components/GoalHierarchyTree.tsx(23,3): error TS1484: 'GoalCategory' is a type and must be imported using a type-only import when 'verbatimModuleSyntax' is enabled.
[00:40:14.023] src/components/GoalHierarchyTree.tsx(24,3): error TS2305: Module '"@/types/goals"' has no exported member 'buildGoalTree'.
[00:40:14.023] src/components/GoalHierarchyTree.tsx(25,3): error TS2305: Module '"@/types/goals"' has no exported member 'calculateGoalProgress'.
[00:40:14.023] src/components/GoalHierarchyTree.tsx(389,28): error TS7006: Parameter 'node' implicitly has an 'any' type.
[00:40:14.023] src/components/GoalHierarchyTree.tsx(474,28): error TS7006: Parameter 'node' implicitly has an 'any' type.
[00:40:14.023] src/components/admin/AdminHeader.tsx(3,10): error TS1484: 'User' is a type and must be imported using a type-only import when 'verbatimModuleSyntax' is enabled.
[00:40:14.023] src/components/admin/AdminQuickActions.tsx(4,10): error TS1484: 'Permission' is a type and must be imported using a type-only import when 'verbatimModuleSyntax' is enabled.
[00:40:14.023] src/components/admin/AdminQuickActions.tsx(5,10): error TS1484: 'LucideIcon' is a type and must be imported using a type-only import when 'verbatimModuleSyntax' is enabled.
[00:40:14.023] src/components/admin/AdminSidebar.tsx(5,10): error TS1484: 'Permission' is a type and must be imported using a type-only import when 'verbatimModuleSyntax' is enabled.
[00:40:14.023] src/components/admin/AdminStats.tsx(3,10): error TS1484: 'Permission' is a type and must be imported using a type-only import when 'verbatimModuleSyntax' is enabled.
[00:40:14.023] src/components/admin/AdminStats.tsx(4,10): error TS1484: 'LucideIcon' is a type and must be imported using a type-only import when 'verbatimModuleSyntax' is enabled.
[00:40:14.023] src/components/admin/AdminSystemStatus.tsx(2,10): error TS1484: 'LucideIcon' is a type and must be imported using a type-only import when 'verbatimModuleSyntax' is enabled.
[00:40:14.023] src/components/admin/AnnouncementsList.tsx(75,47): error TS2339: Property 'targeting' does not exist on type 'Announcement'.
[00:40:14.023] src/components/admin/AnnouncementsList.tsx(81,49): error TS2551: Property 'createdAt' does not exist on type 'Announcement'. Did you mean 'created_at'?
[00:40:14.023] src/components/admin/AnnouncementsList.tsx(100,31): error TS2551: Property 'createdAt' does not exist on type 'Announcement'. Did you mean 'created_at'?
[00:40:14.024] src/components/admin/AnnouncementsList.tsx(101,31): error TS2551: Property 'createdAt' does not exist on type 'Announcement'. Did you mean 'created_at'?
[00:40:14.024] src/components/admin/AnnouncementsList.tsx(104,31): error TS2339: Property 'schedule' does not exist on type 'Announcement'.
[00:40:14.024] src/components/admin/AnnouncementsList.tsx(104,55): error TS2551: Property 'createdAt' does not exist on type 'Announcement'. Did you mean 'created_at'?
[00:40:14.024] src/components/admin/AnnouncementsList.tsx(105,31): error TS2339: Property 'schedule' does not exist on type 'Announcement'.
[00:40:14.024] src/components/admin/AnnouncementsList.tsx(105,55): error TS2551: Property 'createdAt' does not exist on type 'Announcement'. Did you mean 'created_at'?
[00:40:14.024] src/components/admin/AnnouncementsList.tsx(108,22): error TS2339: Property 'metadata' does not exist on type 'Announcement'.
[00:40:14.024] src/components/admin/AnnouncementsList.tsx(109,22): error TS2339: Property 'metadata' does not exist on type 'Announcement'.
[00:40:14.024] src/components/admin/AnnouncementsList.tsx(122,22): error TS2551: Property 'createdAt' does not exist on type 'Announcement'. Did you mean 'created_at'?
[00:40:14.024] src/components/admin/AnnouncementsList.tsx(123,22): error TS2551: Property 'createdAt' does not exist on type 'Announcement'. Did you mean 'created_at'?
[00:40:14.024] src/components/admin/AnnouncementsList.tsx(228,42): error TS2345: Argument of type '(prev: AnnouncementFilter) => { status: AnnouncementStatus; type?: AnnouncementType | undefined; priority?: Priority | undefined; ... 5 more ...; targetGroup?: UserGroupType | undefined; }' is not assignable to parameter of type 'SetStateAction<AnnouncementFilter>'.
[00:40:14.024]   Type '(prev: AnnouncementFilter) => { status: AnnouncementStatus; type?: AnnouncementType | undefined; priority?: Priority | undefined; ... 5 more ...; targetGroup?: UserGroupType | undefined; }' is not assignable to type '(prevState: AnnouncementFilter) => AnnouncementFilter'.
[00:40:14.024]     Call signature return types '{ status: AnnouncementStatus; type?: AnnouncementType | undefined; priority?: Priority | undefined; createdDateRange?: { start: Date; end: Date; } | undefined; ... 4 more ...; targetGroup?: UserGroupType | undefined; }' and 'AnnouncementFilter' are incompatible.
[00:40:14.024]       The types of 'status' are incompatible between these types.
[00:40:14.024]         Type 'AnnouncementStatus' is not assignable to type 'Status | undefined'.
[00:40:14.024] src/components/admin/AnnouncementsList.tsx(242,42): error TS2345: Argument of type '(prev: AnnouncementFilter) => { priority: AnnouncementPriority; type?: AnnouncementType | undefined; status?: Status | undefined; ... 5 more ...; targetGroup?: UserGroupType | undefined; }' is not assignable to parameter of type 'SetStateAction<AnnouncementFilter>'.
[00:40:14.025]   Type '(prev: AnnouncementFilter) => { priority: AnnouncementPriority; type?: AnnouncementType | undefined; status?: Status | undefined; ... 5 more ...; targetGroup?: UserGroupType | undefined; }' is not assignable to type '(prevState: AnnouncementFilter) => AnnouncementFilter'.
[00:40:14.025]     Call signature return types '{ priority: AnnouncementPriority; type?: AnnouncementType | undefined; status?: Status | undefined; createdDateRange?: { start: Date; end: Date; } | undefined; ... 4 more ...; targetGroup?: UserGroupType | undefined; }' and 'AnnouncementFilter' are incompatible.
[00:40:14.025]       The types of 'priority' are incompatible between these types.
[00:40:14.025]         Type 'AnnouncementPriority' is not assignable to type 'Priority | undefined'.
[00:40:14.025] src/components/admin/AnnouncementsList.tsx(310,23): error TS2367: This comparison appears to be unintentional because the types '"gray"' and '"orange"' have no overlap.
[00:40:14.025] src/components/admin/AnnouncementsList.tsx(311,23): error TS2367: This comparison appears to be unintentional because the types '"gray"' and '"red"' have no overlap.
[00:40:14.025] src/components/admin/AnnouncementsList.tsx(335,44): error TS2339: Property 'metadata' does not exist on type 'Announcement'.
[00:40:14.025] src/components/admin/AnnouncementsList.tsx(336,43): error TS2339: Property 'metadata' does not exist on type 'Announcement'.
[00:40:14.025] src/components/admin/AnnouncementsList.tsx(337,76): error TS2551: Property 'createdAt' does not exist on type 'Announcement'. Did you mean 'created_at'?
[00:40:14.025] src/components/admin/AnnouncementsList.tsx(340,33): error TS2339: Property 'metadata' does not exist on type 'Announcement'.
[00:40:14.025] src/components/admin/AnnouncementsList.tsx(342,37): error TS2339: Property 'metadata' does not exist on type 'Announcement'.
[00:40:14.025] src/components/admin/AnnouncementsList.tsx(342,56): error TS7006: Parameter 'tag' implicitly has an 'any' type.
[00:40:14.025] src/components/admin/AnnouncementsList.tsx(342,61): error TS7006: Parameter 'index' implicitly has an 'any' type.
[00:40:14.025] src/components/admin/AssessmentOptionsList.tsx(5,3): error TS1484: 'AssessmentOption' is a type and must be imported using a type-only import when 'verbatimModuleSyntax' is enabled.
[00:40:14.025] src/components/admin/AssessmentOptionsList.tsx(6,3): error TS1484: 'AssessmentCategory' is a type and must be imported using a type-only import when 'verbatimModuleSyntax' is enabled.
[00:40:14.026] src/components/admin/AssessmentOptionsList.tsx(145,59): error TS2322: Type '{ className: string; title: string; }' is not assignable to type 'IntrinsicAttributes & Omit<LucideProps, "ref"> & RefAttributes<SVGSVGElement>'.
[00:40:14.026]   Property 'title' does not exist on type 'IntrinsicAttributes & Omit<LucideProps, "ref"> & RefAttributes<SVGSVGElement>'.
[00:40:14.026] src/components/admin/AssessmentStatsDashboard.tsx(5,3): error TS1484: 'AssessmentStatistics' is a type and must be imported using a type-only import when 'verbatimModuleSyntax' is enabled.
[00:40:14.026] src/components/admin/AssessmentStatsDashboard.tsx(6,3): error TS1484: 'AssessmentCategory' is a type and must be imported using a type-only import when 'verbatimModuleSyntax' is enabled.
[00:40:14.026] src/components/admin/AssessmentStatsDashboard.tsx(7,3): error TS1484: 'AssessmentOption' is a type and must be imported using a type-only import when 'verbatimModuleSyntax' is enabled.
[00:40:14.026] src/components/admin/AssessmentStatsDashboard.tsx(380,29): error TS2339: Property 'activeUsers' does not exist on type 'AssessmentStatistics'.
[00:40:14.026] src/components/admin/AssessmentStatsDashboard.tsx(400,43): error TS2339: Property 'avgDuration' does not exist on type 'AssessmentStatistics'.
[00:40:14.026] src/components/admin/AssessmentStatsDashboard.tsx(414,11): error TS2322: Type '{ id: string; name: string; value: number; change: number; category: string; color: string | undefined; }[]' is not assignable to type '{ label: string; value: number; color?: string | undefined; }[]'.
[00:40:14.026]   Property 'label' is missing in type '{ id: string; name: string; value: number; change: number; category: string; color: string | undefined; }' but required in type '{ label: string; value: number; color?: string | undefined; }'.
[00:40:14.026] src/components/admin/CategoryTree.tsx(17,10): error TS1484: 'AssessmentCategory' is a type and must be imported using a type-only import when 'verbatimModuleSyntax' is enabled.
[00:40:14.026] src/components/admin/CategoryTree.tsx(158,59): error TS2322: Type '{ className: string; title: string; }' is not assignable to type 'IntrinsicAttributes & Omit<LucideProps, "ref"> & RefAttributes<SVGSVGElement>'.
[00:40:14.026]   Property 'title' does not exist on type 'IntrinsicAttributes & Omit<LucideProps, "ref"> & RefAttributes<SVGSVGElement>'.
[00:40:14.026] src/components/admin/SettingsForm.tsx(644,59): error TS2322: Type '{ className: string; title: string; }' is not assignable to type 'IntrinsicAttributes & Omit<LucideProps, "ref"> & RefAttributes<SVGSVGElement>'.
[00:40:14.026]   Property 'title' does not exist on type 'IntrinsicAttributes & Omit<LucideProps, "ref"> & RefAttributes<SVGSVGElement>'.
[00:40:14.026] src/components/admin/SettingsHistory.tsx(24,10): error TS1484: 'SettingsChange' is a type and must be imported using a type-only import when 'verbatimModuleSyntax' is enabled.
[00:40:14.026] src/components/admin/UserFilters.tsx(3,10): error TS1484: 'UserRole' is a type and must be imported using a type-only import when 'verbatimModuleSyntax' is enabled.
[00:40:14.026] src/components/admin/UserFilters.tsx(32,7): error TS2740: Type '{ [x: number]: string; }' is missing the following properties from type 'Record<UserRole, string>': user, social_worker, administrator, patient, and 5 more.
[00:40:14.026] src/components/admin/UserFilters.tsx(33,4): error TS2693: 'UserRole' only refers to a type, but is being used as a value here.
[00:40:14.026] src/components/admin/UserFilters.tsx(34,4): error TS2693: 'UserRole' only refers to a type, but is being used as a value here.
[00:40:14.026] src/components/admin/UserFilters.tsx(35,4): error TS2693: 'UserRole' only refers to a type, but is being used as a value here.
[00:40:14.026] src/components/admin/UserFilters.tsx(36,4): error TS2693: 'UserRole' only refers to a type, but is being used as a value here.
[00:40:14.026] src/components/admin/UserFilters.tsx(37,4): error TS2693: 'UserRole' only refers to a type, but is being used as a value here.
[00:40:14.026] src/components/admin/UserFilters.tsx(38,4): error TS2693: 'UserRole' only refers to a type, but is being used as a value here.
[00:40:14.026] src/components/admin/UserFilters.tsx(97,28): error TS2693: 'UserRole' only refers to a type, but is being used as a value here.
[00:40:14.026] src/components/admin/UserFilters.tsx(98,23): error TS2322: Type 'unknown' is not assignable to type 'Key | null | undefined'.
[00:40:14.027] src/components/admin/UserFilters.tsx(98,34): error TS2322: Type 'unknown' is not assignable to type 'string | number | readonly string[] | undefined'.
[00:40:14.027] src/components/admin/UserFilters.tsx(99,29): error TS2538: Type 'unknown' cannot be used as an index type.
[00:40:14.027] src/components/admin/UserModal.tsx(3,10): error TS1484: 'UserRole' is a type and must be imported using a type-only import when 'verbatimModuleSyntax' is enabled.
[00:40:14.027] src/components/admin/UserModal.tsx(55,7): error TS2740: Type '{ [x: number]: string; }' is missing the following properties from type 'Record<UserRole, string>': user, social_worker, administrator, patient, and 5 more.
[00:40:14.027] src/components/admin/UserModal.tsx(56,4): error TS2693: 'UserRole' only refers to a type, but is being used as a value here.
[00:40:14.027] src/components/admin/UserModal.tsx(57,4): error TS2693: 'UserRole' only refers to a type, but is being used as a value here.
[00:40:14.027] src/components/admin/UserModal.tsx(58,4): error TS2693: 'UserRole' only refers to a type, but is being used as a value here.
[00:40:14.027] src/components/admin/UserModal.tsx(59,4): error TS2693: 'UserRole' only refers to a type, but is being used as a value here.
[00:40:14.027] src/components/admin/UserModal.tsx(60,4): error TS2693: 'UserRole' only refers to a type, but is being used as a value here.
[00:40:14.027] src/components/admin/UserModal.tsx(61,4): error TS2693: 'UserRole' only refers to a type, but is being used as a value here.
[00:40:14.027] src/components/admin/UserModal.tsx(64,7): error TS2740: Type '{ [x: number]: string; }' is missing the following properties from type 'Record<UserRole, string>': user, social_worker, administrator, patient, and 5 more.
[00:40:14.027] src/components/admin/UserModal.tsx(65,4): error TS2693: 'UserRole' only refers to a type, but is being used as a value here.
[00:40:14.027] src/components/admin/UserModal.tsx(66,4): error TS2693: 'UserRole' only refers to a type, but is being used as a value here.
[00:40:14.027] src/components/admin/UserModal.tsx(67,4): error TS2693: 'UserRole' only refers to a type, but is being used as a value here.
[00:40:14.027] src/components/admin/UserModal.tsx(68,4): error TS2693: 'UserRole' only refers to a type, but is being used as a value here.
[00:40:14.027] src/components/admin/UserModal.tsx(69,4): error TS2693: 'UserRole' only refers to a type, but is being used as a value here.
[00:40:14.027] src/components/admin/UserModal.tsx(70,4): error TS2693: 'UserRole' only refers to a type, but is being used as a value here.
[00:40:14.027] src/components/admin/UserModal.tsx(84,11): error TS2693: 'UserRole' only refers to a type, but is being used as a value here.
[00:40:14.028] src/components/admin/UserModal.tsx(110,15): error TS2693: 'UserRole' only refers to a type, but is being used as a value here.
[00:40:14.028] src/components/admin/UserModal.tsx(356,36): error TS2693: 'UserRole' only refers to a type, but is being used as a value here.
[00:40:14.028] src/components/admin/UserModal.tsx(357,31): error TS2322: Type 'unknown' is not assignable to type 'Key | null | undefined'.
[00:40:14.028] src/components/admin/UserModal.tsx(357,42): error TS2322: Type 'unknown' is not assignable to type 'string | number | readonly string[] | undefined'.
[00:40:14.028] src/components/admin/UserModal.tsx(358,37): error TS2538: Type 'unknown' cannot be used as an index type.
[00:40:14.028] src/components/admin/UserTable.tsx(5,10): error TS1484: 'User' is a type and must be imported using a type-only import when 'verbatimModuleSyntax' is enabled.
[00:40:14.028] src/components/admin/UserTable.tsx(5,16): error TS1484: 'UserRole' is a type and must be imported using a type-only import when 'verbatimModuleSyntax' is enabled.
[00:40:14.028] src/components/admin/UserTable.tsx(5,38): error TS1484: 'Permission' is a type and must be imported using a type-only import when 'verbatimModuleSyntax' is enabled.
[00:40:14.028] src/components/admin/UserTable.tsx(57,12): error TS2693: 'UserRole' only refers to a type, but is being used as a value here.
[00:40:14.028] src/components/admin/UserTable.tsx(59,12): error TS2693: 'UserRole' only refers to a type, but is being used as a value here.
[00:40:14.028] src/components/admin/UserTable.tsx(61,12): error TS2693: 'UserRole' only refers to a type, but is being used as a value here.
[00:40:14.028] src/components/admin/UserTable.tsx(63,12): error TS2693: 'UserRole' only refers to a type, but is being used as a value here.
[00:40:14.029] src/components/admin/UserTable.tsx(65,12): error TS2693: 'UserRole' only refers to a type, but is being used as a value here.
[00:40:14.029] src/components/admin/UserTable.tsx(101,25): error TS2693: 'Permission' only refers to a type, but is being used as a value here.
[00:40:14.029] src/components/admin/UserTable.tsx(101,68): error TS2693: 'Permission' only refers to a type, but is being used as a value here.
[00:40:14.029] src/components/admin/UserTable.tsx(126,13): error TS18048: 'aValue' is possibly 'undefined'.
[00:40:14.030] src/components/admin/UserTable.tsx(126,22): error TS18048: 'bValue' is possibly 'undefined'.
[00:40:14.030] src/components/admin/UserTable.tsx(129,13): error TS18048: 'aValue' is possibly 'undefined'.
[00:40:14.030] src/components/admin/UserTable.tsx(129,22): error TS18048: 'bValue' is possibly 'undefined'.
[00:40:14.030] src/components/admin/UserTable.tsx(192,32): error TS2693: 'Permission' only refers to a type, but is being used as a value here.
[00:40:14.030] src/components/admin/UserTable.tsx(195,66): error TS2345: Argument of type '"active"' is not assignable to parameter of type 'UserStatus'.
[00:40:14.030] src/components/admin/UserTable.tsx(202,66): error TS2345: Argument of type '"inactive"' is not assignable to parameter of type 'UserStatus'.
[00:40:14.030] src/components/admin/UserTable.tsx(210,32): error TS2693: 'Permission' only refers to a type, but is being used as a value here.
[00:40:14.030] src/components/admin/UserTable.tsx(363,42): error TS2693: 'Permission' only refers to a type, but is being used as a value here.
[00:40:14.030] src/components/admin/UserTable.tsx(371,42): error TS2693: 'Permission' only refers to a type, but is being used as a value here.
[00:40:14.030] src/components/admin/UserTable.tsx(380,42): error TS2693: 'Permission' only refers to a type, but is being used as a value here.
[00:40:14.030] src/components/admin/UserTable.tsx(380,83): error TS2693: 'UserRole' only refers to a type, but is being used as a value here.
[00:40:14.030] src/components/ai/AIRecommendationDisplay.tsx(31,26): error TS2339: Property 'recommendations' does not exist on type '{}'.
[00:40:14.030] src/components/ai/AIRecommendationDisplay.tsx(32,27): error TS2339: Property 'recommendations' does not exist on type '{}'.
[00:40:14.030] src/components/ai/AIRecommendationDisplay.tsx(33,23): error TS2339: Property 'recommendations' does not exist on type '{}'.
[00:40:14.030] src/components/ai/AIRecommendationDisplay.tsx(55,42): error TS2339: Property 'recommendations' does not exist on type '{}'.
[00:40:14.030] src/components/ai/AIRecommendationDisplay.tsx(82,42): error TS2339: Property 'id' does not exist on type '{}'.
[00:40:14.030] src/components/ai/AIRecommendationDisplay.tsx(100,42): error TS2339: Property 'id' does not exist on type '{}'.
[00:40:14.030] src/components/ai/AIRecommendationDisplay.tsx(117,42): error TS2339: Property 'id' does not exist on type '{}'.
[00:40:14.030] src/components/ai/AIRecommendationDisplay.tsx(140,45): error TS2339: Property 'created_at' does not exist on type '{}'.
[00:40:14.030] src/components/ai/AIRecommendationDisplay.tsx(143,31): error TS2339: Property 'is_active' does not exist on type '{}'.
[00:40:14.030] src/components/ai/AIRecommendationDisplay.tsx(144,31): error TS2339: Property 'applied_at' does not exist on type '{}'.
[00:40:14.030] src/components/ai/AIRecommendationDisplay.tsx(144,77): error TS2339: Property 'applied_at' does not exist on type '{}'.
[00:40:14.030] src/components/ai/AIRecommendationDisplay.tsx(150,25): error TS2339: Property 'patient_analysis' does not exist on type '{}'.
[00:40:14.030] src/components/ai/AIRecommendationDisplay.tsx(154,38): error TS2339: Property 'patient_analysis' does not exist on type '{}'.
[00:40:14.030] src/components/ai/AIRecommendationDisplay.tsx(155,34): error TS2339: Property 'patient_analysis' does not exist on type '{}'.
[00:40:14.031] src/components/ai/AIRecommendationDisplay.tsx(156,49): error TS2339: Property 'patient_analysis' does not exist on type '{}'.
[00:40:14.031] src/components/ai/AIRecommendationDisplay.tsx(171,23): error TS7006: Parameter 'plan' implicitly has an 'any' type.
[00:40:14.031] src/components/ai/AIRecommendationDisplay.tsx(187,23): error TS2339: Property 'execution_strategy' does not exist on type '{}'.
[00:40:14.031] src/components/ai/AIRecommendationDisplay.tsx(191,36): error TS2339: Property 'execution_strategy' does not exist on type '{}'.
[00:40:14.031] src/components/ai/AIRecommendationDisplay.tsx(192,32): error TS2339: Property 'execution_strategy' does not exist on type '{}'.
[00:40:14.031] src/components/ai/AIRecommendationDisplay.tsx(193,47): error TS2339: Property 'execution_strategy' does not exist on type '{}'.
[00:40:14.031] src/components/ai/AIRecommendationDisplay.tsx(200,24): error TS2339: Property 'applied_at' does not exist on type '{}'.
[00:40:14.031] src/components/ai/AIRecommendationDisplay.tsx(230,23): error TS2339: Property 'applied_at' does not exist on type '{}'.
[00:40:14.031] src/components/ai/AIRecommendationDisplay.tsx(234,67): error TS2339: Property 'applied_at' does not exist on type '{}'.
[00:40:14.031] src/components/ai/AIRecommendationDisplay.tsx(240,24): error TS2339: Property 'is_active' does not exist on type '{}'.
[00:40:14.031] src/components/assessments/AssessmentDashboard.tsx(2,10): error TS1484: 'AssessmentData' is a type and must be imported using a type-only import when 'verbatimModuleSyntax' is enabled.
[00:40:14.031] src/components/assessments/AssessmentDashboard.tsx(8,15): error TS2614: Module '"./charts/AssessmentComparisonChart"' has no exported member 'AssessmentComparisonItem'. Did you mean to use 'import AssessmentComparisonItem from "./charts/AssessmentComparisonChart"' instead?
[00:40:14.031] src/components/assessments/AssessmentDashboard.tsx(43,26): error TS2769: No overload matches this call.
[00:40:14.031]   Overload 1 of 4, '(value: string | number | Date): Date', gave the following error.
[00:40:14.031]     Argument of type 'string | undefined' is not assignable to parameter of type 'string | number | Date'.
[00:40:14.031]       Type 'undefined' is not assignable to type 'string | number | Date'.
[00:40:14.031]   Overload 2 of 4, '(value: string | number): Date', gave the following error.
[00:40:14.031]     Argument of type 'string | undefined' is not assignable to parameter of type 'string | number'.
[00:40:14.031]       Type 'undefined' is not assignable to type 'string | number'.
[00:40:14.031] src/components/assessments/AssessmentDashboard.tsx(43,61): error TS2769: No overload matches this call.
[00:40:14.031]   Overload 1 of 4, '(value: string | number | Date): Date', gave the following error.
[00:40:14.031]     Argument of type 'string | undefined' is not assignable to parameter of type 'string | number | Date'.
[00:40:14.031]       Type 'undefined' is not assignable to type 'string | number | Date'.
[00:40:14.031]   Overload 2 of 4, '(value: string | number): Date', gave the following error.
[00:40:14.031]     Argument of type 'string | undefined' is not assignable to parameter of type 'string | number'.
[00:40:14.031]       Type 'undefined' is not assignable to type 'string | number'.
[00:40:14.031] src/components/assessments/AssessmentDashboard.tsx(59,16): error TS2769: No overload matches this call.
[00:40:14.032]   Overload 1 of 4, '(value: string | number | Date): Date', gave the following error.
[00:40:14.032]     Argument of type 'string | undefined' is not assignable to parameter of type 'string | number | Date'.
[00:40:14.032]       Type 'undefined' is not assignable to type 'string | number | Date'.
[00:40:14.032]   Overload 2 of 4, '(value: string | number): Date', gave the following error.
[00:40:14.032]     Argument of type 'string | undefined' is not assignable to parameter of type 'string | number'.
[00:40:14.032]       Type 'undefined' is not assignable to type 'string | number'.
[00:40:14.032] src/components/assessments/AssessmentDashboard.tsx(59,47): error TS2769: No overload matches this call.
[00:40:14.032]   Overload 1 of 4, '(value: string | number | Date): Date', gave the following error.
[00:40:14.032]     Argument of type 'string | undefined' is not assignable to parameter of type 'string | number | Date'.
[00:40:14.032]       Type 'undefined' is not assignable to type 'string | number | Date'.
[00:40:14.032]   Overload 2 of 4, '(value: string | number): Date', gave the following error.
[00:40:14.032]     Argument of type 'string | undefined' is not assignable to parameter of type 'string | number'.
[00:40:14.032]       Type 'undefined' is not assignable to type 'string | number'.
[00:40:14.032] src/components/assessments/AssessmentDashboard.tsx(62,40): error TS2769: No overload matches this call.
[00:40:14.032]   Overload 1 of 4, '(value: string | number | Date): Date', gave the following error.
[00:40:14.032]     Argument of type 'string | undefined' is not assignable to parameter of type 'string | number | Date'.
[00:40:14.032]       Type 'undefined' is not assignable to type 'string | number | Date'.
[00:40:14.032]   Overload 2 of 4, '(value: string | number): Date', gave the following error.
[00:40:14.032]     Argument of type 'string | undefined' is not assignable to parameter of type 'string | number'.
[00:40:14.032]       Type 'undefined' is not assignable to type 'string | number'.
[00:40:14.032] src/components/assessments/AssessmentDashboard.tsx(123,37): error TS2769: No overload matches this call.
[00:40:14.032]   Overload 1 of 4, '(value: string | number | Date): Date', gave the following error.
[00:40:14.032]     Argument of type 'string | undefined' is not assignable to parameter of type 'string | number | Date'.
[00:40:14.032]       Type 'undefined' is not assignable to type 'string | number | Date'.
[00:40:14.032]   Overload 2 of 4, '(value: string | number): Date', gave the following error.
[00:40:14.032]     Argument of type 'string | undefined' is not assignable to parameter of type 'string | number'.
[00:40:14.032]       Type 'undefined' is not assignable to type 'string | number'.
[00:40:14.033] src/components/assessments/AssessmentForm.tsx(225,20): error TS2741: Property 'children' is missing in type '{ value: string; id: string; }' but required in type 'RadioGroupItemProps'.
[00:40:14.033] src/components/assessments/AssessmentForm.tsx(254,15): error TS2322: Type '{ value: string; label: string; description?: string | undefined; }[] | undefined' is not assignable to type '{ value: number; label: string; }[] | undefined'.
[00:40:14.033]   Type '{ value: string; label: string; description?: string | undefined; }[]' is not assignable to type '{ value: number; label: string; }[]'.
[00:40:14.033]     Type '{ value: string; label: string; description?: string | undefined; }' is not assignable to type '{ value: number; label: string; }'.
[00:40:14.033]       Types of property 'value' are incompatible.
[00:40:14.033]         Type 'string' is not assignable to type 'number'.
[00:40:14.033] src/components/assessments/AssessmentForm.tsx(572,16): error TS2528: A module cannot have multiple default exports.
[00:40:14.033] src/components/assessments/AssessmentForm.tsx(573,16): error TS2528: A module cannot have multiple default exports.
[00:40:14.033] src/components/assessments/AssessmentList.tsx(28,28): error TS2307: Cannot find module '@/utils/date' or its corresponding type declarations.
[00:40:14.033] src/components/assessments/AssessmentList.tsx(31,23): error TS2307: Cannot find module 'react-hot-toast' or its corresponding type declarations.
[00:40:14.033] src/components/assessments/AssessmentList.tsx(32,18): error TS2307: Cannot find module 'next/link' or its corresponding type declarations.
[00:40:14.033] src/components/assessments/AssessmentList.tsx(124,12): error TS2304: Cannot find name 'AlertCircle'.
[00:40:14.033] src/components/assessments/AssessmentList.tsx(134,39): error TS2339: Property 'data' does not exist on type '{}'.
[00:40:14.033] src/components/assessments/AssessmentList.tsx(135,38): error TS2339: Property 'total_pages' does not exist on type '{}'.
[00:40:14.033] src/components/assessments/AssessmentList.tsx(155,37): error TS2339: Property 'count' does not exist on type '{}'.
[00:40:14.033] src/components/assessments/AssessmentList.tsx(192,27): error TS7006: Parameter 'assessment' implicitly has an 'any' type.
[00:40:14.033] src/components/assessments/AssessmentList.tsx(229,24): error TS2552: Cannot find name 'Clock'. Did you mean 'Lock'?
[00:40:14.033] src/components/assessments/AssessmentList.tsx(235,26): error TS2552: Cannot find name 'Clock'. Did you mean 'Lock'?
[00:40:14.033] src/components/assessments/AssessmentList.tsx(277,23): error TS2322: Type '{ children: Element[]; as: string; className: string; }' is not assignable to type 'IntrinsicAttributes & DropdownMenuProps'.
[00:40:14.033]   Property 'as' does not exist on type 'IntrinsicAttributes & DropdownMenuProps'.
[00:40:14.033] src/components/assessments/AssessmentList.tsx(278,25): error TS2339: Property 'Button' does not exist on type 'FC<DropdownMenuProps>'.
[00:40:14.033] src/components/assessments/AssessmentList.tsx(281,26): error TS2339: Property 'Button' does not exist on type 'FC<DropdownMenuProps>'.
[00:40:14.033] src/components/assessments/AssessmentList.tsx(283,25): error TS2339: Property 'Items' does not exist on type 'FC<DropdownMenuProps>'.
[00:40:14.033] src/components/assessments/AssessmentList.tsx(285,29): error TS2339: Property 'Item' does not exist on type 'FC<DropdownMenuProps>'.
[00:40:14.033] src/components/assessments/AssessmentList.tsx(286,29): error TS7031: Binding element 'active' implicitly has an 'any' type.
[00:40:14.033] src/components/assessments/AssessmentList.tsx(295,30): error TS2339: Property 'Item' does not exist on type 'FC<DropdownMenuProps>'.
[00:40:14.033] src/components/assessments/AssessmentList.tsx(296,29): error TS2339: Property 'Item' does not exist on type 'FC<DropdownMenuProps>'.
[00:40:14.034] src/components/assessments/AssessmentList.tsx(297,29): error TS7031: Binding element 'active' implicitly has an 'any' type.
[00:40:14.034] src/components/assessments/AssessmentList.tsx(306,30): error TS2339: Property 'Item' does not exist on type 'FC<DropdownMenuProps>'.
[00:40:14.034] src/components/assessments/AssessmentList.tsx(307,29): error TS2339: Property 'Item' does not exist on type 'FC<DropdownMenuProps>'.
[00:40:14.034] src/components/assessments/AssessmentList.tsx(308,29): error TS7031: Binding element 'active' implicitly has an 'any' type.
[00:40:14.034] src/components/assessments/AssessmentList.tsx(317,30): error TS2339: Property 'Item' does not exist on type 'FC<DropdownMenuProps>'.
[00:40:14.034] src/components/assessments/AssessmentList.tsx(319,26): error TS2339: Property 'Items' does not exist on type 'FC<DropdownMenuProps>'.
[00:40:14.034] src/components/assessments/AssessmentList.tsx(356,30): error TS2339: Property 'count' does not exist on type '{}'.
[00:40:14.034] src/components/assessments/AssessmentList.tsx(356,126): error TS2339: Property 'count' does not exist on type '{}'.
[00:40:14.034] src/components/assessments/AssessmentTimeline.tsx(7,3): error TS2305: Module '"lucide-react"' has no exported member 'Timeline'.
[00:40:14.034] src/components/assessments/DynamicField.tsx(91,18): error TS2741: Property 'children' is missing in type '{ value: string; id: string; className: string; }' but required in type 'RadioGroupItemProps'.
[00:40:14.034] src/components/assessments/DynamicField.tsx(116,13): error TS2322: Type '{ value: string; label: string; description?: string | undefined; }[]' is not assignable to type '{ value: number; label: string; }[]'.
[00:40:14.034]   Type '{ value: string; label: string; description?: string | undefined; }' is not assignable to type '{ value: number; label: string; }'.
[00:40:14.034]     Types of property 'value' are incompatible.
[00:40:14.034]       Type 'string' is not assignable to type 'number'.
[00:40:14.034] src/components/assessments/SimpleAssessmentForm.tsx(405,15): error TS2322: Type '(value: string) => void' is not assignable to type '(value: string | number) => void'.
[00:40:14.034]   Types of parameters 'value' and 'value' are incompatible.
[00:40:14.034]     Type 'string | number' is not assignable to type 'string'.
[00:40:14.034]       Type 'number' is not assignable to type 'string'.
[00:40:14.034] src/components/assessments/SimpleAssessmentForm.tsx(409,18): error TS2741: Property 'children' is missing in type '{ value: string; id: string; }' but required in type 'RadioGroupItemProps'.
[00:40:14.034] src/components/assessments/SimpleAssessmentForm.tsx(413,18): error TS2741: Property 'children' is missing in type '{ value: string; id: string; }' but required in type 'RadioGroupItemProps'.
[00:40:14.034] src/components/assessments/SimpleAssessmentForm.tsx(417,18): error TS2741: Property 'children' is missing in type '{ value: string; id: string; }' but required in type 'RadioGroupItemProps'.
[00:40:14.034] src/components/assessments/SimpleAssessmentForm.tsx(421,18): error TS2741: Property 'children' is missing in type '{ value: string; id: string; }' but required in type 'RadioGroupItemProps'.
[00:40:14.034] src/components/assessments/SimpleAssessmentForm.tsx(611,15): error TS2322: Type '(value: string) => void' is not assignable to type '(value: string | number) => void'.
[00:40:14.034]   Types of parameters 'value' and 'value' are incompatible.
[00:40:14.034]     Type 'string | number' is not assignable to type 'string'.
[00:40:14.034]       Type 'number' is not assignable to type 'string'.
[00:40:14.034] src/components/assessments/SimpleAssessmentForm.tsx(615,18): error TS2741: Property 'children' is missing in type '{ value: string; id: string; }' but required in type 'RadioGroupItemProps'.
[00:40:14.034] src/components/assessments/SimpleAssessmentForm.tsx(619,18): error TS2741: Property 'children' is missing in type '{ value: string; id: string; }' but required in type 'RadioGroupItemProps'.
[00:40:14.034] src/components/assessments/SimpleAssessmentForm.tsx(625,18): error TS2741: Property 'children' is missing in type '{ value: string; id: string; }' but required in type 'RadioGroupItemProps'.
[00:40:14.034] src/components/assessments/SimpleAssessmentForm.tsx(631,18): error TS2741: Property 'children' is missing in type '{ value: string; id: string; }' but required in type 'RadioGroupItemProps'.
[00:40:14.034] src/components/assessments/SimpleAssessmentForm.tsx(637,18): error TS2741: Property 'children' is missing in type '{ value: string; id: string; }' but required in type 'RadioGroupItemProps'.
[00:40:14.034] src/components/assessments/charts/AssessmentComparisonChart.tsx(13,10): error TS1484: 'AssessmentData' is a type and must be imported using a type-only import when 'verbatimModuleSyntax' is enabled.
[00:40:14.034] src/components/assessments/charts/AssessmentComparisonChart.tsx(46,34): error TS2339: Property 'effort_willingness' does not exist on type 'MotivationLevelOptions'.
[00:40:14.034] src/components/assessments/charts/AssessmentComparisonChart.tsx(48,34): error TS2339: Property 'external_support' does not exist on type 'MotivationLevelOptions'.
[00:40:14.034] src/components/assessments/charts/AssessmentComparisonChart.tsx(52,32): error TS2339: Property 'achievement_areas' does not exist on type 'PastSuccessesOptions'.
[00:40:14.034] src/components/assessments/charts/AssessmentComparisonChart.tsx(53,32): error TS2339: Property 'most_significant_achievement' does not exist on type 'PastSuccessesOptions'.
[00:40:14.034] src/components/assessments/charts/AssessmentComparisonChart.tsx(54,32): error TS2339: Property 'learning_from_success' does not exist on type 'PastSuccessesOptions'.
[00:40:14.035] src/components/assessments/charts/AssessmentComparisonChart.tsx(55,32): error TS2339: Property 'transferable_strategies' does not exist on type 'PastSuccessesOptions'.
[00:40:14.035] src/components/assessments/charts/AssessmentScoreChart.tsx(12,10): error TS1484: 'AssessmentData' is a type and must be imported using a type-only import when 'verbatimModuleSyntax' is enabled.
[00:40:14.035] src/components/assessments/charts/AssessmentScoreChart.tsx(36,34): error TS2339: Property 'effort_willingness' does not exist on type 'MotivationLevelOptions'.
[00:40:14.035] src/components/assessments/charts/AssessmentScoreChart.tsx(38,34): error TS2339: Property 'external_support' does not exist on type 'MotivationLevelOptions'.
[00:40:14.035] src/components/assessments/charts/AssessmentScoreChart.tsx(43,32): error TS2339: Property 'achievement_areas' does not exist on type 'PastSuccessesOptions'.
[00:40:14.035] src/components/assessments/charts/AssessmentScoreChart.tsx(44,32): error TS2339: Property 'most_significant_achievement' does not exist on type 'PastSuccessesOptions'.
[00:40:14.035] src/components/assessments/charts/AssessmentScoreChart.tsx(45,32): error TS2339: Property 'learning_from_success' does not exist on type 'PastSuccessesOptions'.
[00:40:14.035] src/components/assessments/charts/AssessmentScoreChart.tsx(46,32): error TS2339: Property 'transferable_strategies' does not exist on type 'PastSuccessesOptions'.
[00:40:14.035] src/components/assessments/charts/AssessmentTrendChart.tsx(15,10): error TS1484: 'AssessmentData' is a type and must be imported using a type-only import when 'verbatimModuleSyntax' is enabled.
[00:40:14.035] src/components/assessments/charts/AssessmentTrendChart.tsx(38,3): error TS2322: Type '{ date: string | undefined; dateFormatted: string; concentration: number; motivation: number; success: number; constraints: number; social: number; overall: number; }[]' is not assignable to type 'TrendData[]'.
[00:40:14.035]   Type '{ date: string | undefined; dateFormatted: string; concentration: number; motivation: number; success: number; constraints: number; social: number; overall: number; }' is not assignable to type 'TrendData'.
[00:40:14.035]     Types of property 'date' are incompatible.
[00:40:14.035]       Type 'string | undefined' is not assignable to type 'string'.
[00:40:14.039]         Type 'undefined' is not assignable to type 'string'.
[00:40:14.039] src/components/assessments/charts/AssessmentTrendChart.tsx(45,38): error TS2339: Property 'effort_willingness' does not exist on type 'MotivationLevelOptions'.
[00:40:14.039] src/components/assessments/charts/AssessmentTrendChart.tsx(47,38): error TS2339: Property 'external_support' does not exist on type 'MotivationLevelOptions'.
[00:40:14.040] src/components/assessments/charts/AssessmentTrendChart.tsx(51,36): error TS2339: Property 'achievement_areas' does not exist on type 'PastSuccessesOptions'.
[00:40:14.040] src/components/assessments/charts/AssessmentTrendChart.tsx(52,36): error TS2339: Property 'most_significant_achievement' does not exist on type 'PastSuccessesOptions'.
[00:40:14.040] src/components/assessments/charts/AssessmentTrendChart.tsx(53,36): error TS2339: Property 'learning_from_success' does not exist on type 'PastSuccessesOptions'.
[00:40:14.040] src/components/assessments/charts/AssessmentTrendChart.tsx(54,36): error TS2339: Property 'transferable_strategies' does not exist on type 'PastSuccessesOptions'.
[00:40:14.040] src/components/assessments/charts/AssessmentTrendChart.tsx(69,40): error TS2345: Argument of type 'string | undefined' is not assignable to parameter of type 'string'.
[00:40:14.040]   Type 'undefined' is not assignable to type 'string'.
[00:40:14.040] src/components/assessments/charts/AssessmentTrendChart.tsx(78,30): error TS2769: No overload matches this call.
[00:40:14.040]   Overload 1 of 4, '(value: string | number | Date): Date', gave the following error.
[00:40:14.040]     Argument of type 'string | undefined' is not assignable to parameter of type 'string | number | Date'.
[00:40:14.040]       Type 'undefined' is not assignable to type 'string | number | Date'.
[00:40:14.040]   Overload 2 of 4, '(value: string | number): Date', gave the following error.
[00:40:14.040]     Argument of type 'string | undefined' is not assignable to parameter of type 'string | number'.
[00:40:14.040]       Type 'undefined' is not assignable to type 'string | number'.
[00:40:14.040] src/components/assessments/charts/AssessmentTrendChart.tsx(78,59): error TS2769: No overload matches this call.
[00:40:14.040]   Overload 1 of 4, '(value: string | number | Date): Date', gave the following error.
[00:40:14.040]     Argument of type 'string | undefined' is not assignable to parameter of type 'string | number | Date'.
[00:40:14.040]       Type 'undefined' is not assignable to type 'string | number | Date'.
[00:40:14.040]   Overload 2 of 4, '(value: string | number): Date', gave the following error.
[00:40:14.040]     Argument of type 'string | undefined' is not assignable to parameter of type 'string | number'.
[00:40:14.041]       Type 'undefined' is not assignable to type 'string | number'.
[00:40:14.047] src/components/assessments/charts/AssessmentTrendChart.tsx(216,41): error TS2339: Property 'strokeDasharray' does not exist on type '{ color: string; name: string; strokeWidth: number; } | { color: string; name: string; strokeWidth: number; } | { color: string; name: string; strokeWidth: number; } | { color: string; name: string; strokeWidth: number; } | { ...; } | { ...; }'.
[00:40:14.047]   Property 'strokeDasharray' does not exist on type '{ color: string; name: string; strokeWidth: number; }'.
[00:40:14.047] src/components/assessments/charts/__tests__/AssessmentCharts.test.tsx(2,10): error TS2614: Module '"../AssessmentScoreChart"' has no exported member 'AssessmentScoreChart'. Did you mean to use 'import AssessmentScoreChart from "../AssessmentScoreChart"' instead?
[00:40:14.047] src/components/assessments/charts/__tests__/AssessmentCharts.test.tsx(3,10): error TS2614: Module '"../AssessmentTrendChart"' has no exported member 'AssessmentTrendChart'. Did you mean to use 'import AssessmentTrendChart from "../AssessmentTrendChart"' instead?
[00:40:14.047] src/components/assessments/charts/__tests__/AssessmentCharts.test.tsx(4,10): error TS2614: Module '"../AssessmentComparisonChart"' has no exported member 'AssessmentComparisonChart'. Did you mean to use 'import AssessmentComparisonChart from "../AssessmentComparisonChart"' instead?
[00:40:14.047] src/components/assessments/charts/__tests__/AssessmentCharts.test.tsx(5,37): error TS2307: Cannot find module '../AssessmentDashboard' or its corresponding type declarations.
[00:40:14.047] src/components/assessments/charts/__tests__/AssessmentCharts.test.tsx(6,10): error TS1484: 'AssessmentData' is a type and must be imported using a type-only import when 'verbatimModuleSyntax' is enabled.
[00:40:14.047] src/components/assessments/charts/__tests__/AssessmentCharts.test.tsx(9,1): error TS2708: Cannot use namespace 'jest' as a value.
[00:40:14.047] src/components/assessments/charts/__tests__/AssessmentCharts.test.tsx(29,1): error TS2708: Cannot use namespace 'jest' as a value.
[00:40:14.047] src/components/assessments/charts/__tests__/AssessmentCharts.test.tsx(46,40): error TS2353: Object literal may only specify known properties, and 'interruptions' does not exist in type 'ConcentrationTimeOptions'.
[00:40:14.047] src/components/assessments/charts/__tests__/AssessmentCharts.test.tsx(49,5): error TS2353: Object literal may only specify known properties, and 'effort_willingness' does not exist in type 'MotivationLevelOptions'.
[00:40:14.048] src/components/assessments/charts/__tests__/AssessmentCharts.test.tsx(54,5): error TS2353: Object literal may only specify known properties, and 'achievement_areas' does not exist in type 'PastSuccessesOptions'.
[00:40:14.048] src/components/assessments/charts/__tests__/AssessmentCharts.test.tsx(59,3): error TS2740: Type '{ severity_rating: 2; }' is missing the following properties from type 'ConstraintsOptions': physical_limitations, cognitive_challenges, emotional_barriers, social_obstacles, and 3 more.
[00:40:14.048] src/components/assessments/charts/__tests__/AssessmentCharts.test.tsx(60,3): error TS2739: Type '{ comfort_with_strangers: 3; collaboration_willingness: 4; }' is missing the following properties from type 'SocialPreferenceOptions': group_size_preference, interaction_style, communication_preference, support_type_needed
[00:40:14.048] src/components/assessments/charts/__tests__/AssessmentCharts.test.tsx(71,39): error TS2353: Object literal may only specify known properties, and 'interruptions' does not exist in type 'ConcentrationTimeOptions'.
[00:40:14.048] src/components/assessments/charts/__tests__/AssessmentCharts.test.tsx(74,5): error TS2353: Object literal may only specify known properties, and 'effort_willingness' does not exist in type 'MotivationLevelOptions'.
[00:40:14.048] src/components/assessments/charts/__tests__/AssessmentCharts.test.tsx(81,1): error TS2582: Cannot find name 'describe'. Do you need to install type definitions for a test runner? Try `npm i --save-dev @types/jest` or `npm i --save-dev @types/mocha`.
[00:40:14.048] src/components/assessments/charts/__tests__/AssessmentCharts.test.tsx(82,3): error TS2582: Cannot find name 'it'. Do you need to install type definitions for a test runner? Try `npm i --save-dev @types/jest` or `npm i --save-dev @types/mocha`.
[00:40:14.048] src/components/assessments/charts/__tests__/AssessmentCharts.test.tsx(85,5): error TS2304: Cannot find name 'expect'.
[00:40:14.048] src/components/assessments/charts/__tests__/AssessmentCharts.test.tsx(86,5): error TS2304: Cannot find name 'expect'.
[00:40:14.048] src/components/assessments/charts/__tests__/AssessmentCharts.test.tsx(87,5): error TS2304: Cannot find name 'expect'.
[00:40:14.048] src/components/assessments/charts/__tests__/AssessmentCharts.test.tsx(90,3): error TS2582: Cannot find name 'it'. Do you need to install type definitions for a test runner? Try `npm i --save-dev @types/jest` or `npm i --save-dev @types/mocha`.
[00:40:14.048] src/components/assessments/charts/__tests__/AssessmentCharts.test.tsx(98,5): error TS2304: Cannot find name 'expect'.
[00:40:14.048] src/components/assessments/charts/__tests__/AssessmentCharts.test.tsx(99,5): error TS2304: Cannot find name 'expect'.
[00:40:14.048] src/components/assessments/charts/__tests__/AssessmentCharts.test.tsx(100,5): error TS2304: Cannot find name 'expect'.
[00:40:14.048] src/components/assessments/charts/__tests__/AssessmentCharts.test.tsx(103,3): error TS2582: Cannot find name 'it'. Do you need to install type definitions for a test runner? Try `npm i --save-dev @types/jest` or `npm i --save-dev @types/mocha`.
[00:40:14.048] src/components/assessments/charts/__tests__/AssessmentCharts.test.tsx(106,5): error TS2304: Cannot find name 'expect'.
[00:40:14.048] src/components/assessments/charts/__tests__/AssessmentCharts.test.tsx(107,5): error TS2304: Cannot find name 'expect'.
[00:40:14.048] src/components/assessments/charts/__tests__/AssessmentCharts.test.tsx(108,5): error TS2304: Cannot find name 'expect'.
[00:40:14.048] src/components/assessments/charts/__tests__/AssessmentCharts.test.tsx(109,5): error TS2304: Cannot find name 'expect'.
[00:40:14.048] src/components/assessments/charts/__tests__/AssessmentCharts.test.tsx(112,3): error TS2582: Cannot find name 'it'. Do you need to install type definitions for a test runner? Try `npm i --save-dev @types/jest` or `npm i --save-dev @types/mocha`.
[00:40:14.048] src/components/assessments/charts/__tests__/AssessmentCharts.test.tsx(114,5): error TS2304: Cannot find name 'expect'.
[00:40:14.048] src/components/assessments/charts/__tests__/AssessmentCharts.test.tsx(117,5): error TS2304: Cannot find name 'expect'.
[00:40:14.048] src/components/assessments/charts/__tests__/AssessmentCharts.test.tsx(121,1): error TS2582: Cannot find name 'describe'. Do you need to install type definitions for a test runner? Try `npm i --save-dev @types/jest` or `npm i --save-dev @types/mocha`.
[00:40:14.048] src/components/assessments/charts/__tests__/AssessmentCharts.test.tsx(124,3): error TS2582: Cannot find name 'it'. Do you need to install type definitions for a test runner? Try `npm i --save-dev @types/jest` or `npm i --save-dev @types/mocha`.
[00:40:14.048] src/components/assessments/charts/__tests__/AssessmentCharts.test.tsx(127,5): error TS2304: Cannot find name 'expect'.
[00:40:14.048] src/components/assessments/charts/__tests__/AssessmentCharts.test.tsx(128,5): error TS2304: Cannot find name 'expect'.
[00:40:14.049] src/components/assessments/charts/__tests__/AssessmentCharts.test.tsx(129,5): error TS2304: Cannot find name 'expect'.
[00:40:14.049] src/components/assessments/charts/__tests__/AssessmentCharts.test.tsx(132,3): error TS2582: Cannot find name 'it'. Do you need to install type definitions for a test runner? Try `npm i --save-dev @types/jest` or `npm i --save-dev @types/mocha`.
[00:40:14.049] src/components/assessments/charts/__tests__/AssessmentCharts.test.tsx(135,5): error TS2304: Cannot find name 'expect'.
[00:40:14.049] src/components/assessments/charts/__tests__/AssessmentCharts.test.tsx(136,5): error TS2304: Cannot find name 'expect'.
[00:40:14.049] src/components/assessments/charts/__tests__/AssessmentCharts.test.tsx(137,5): error TS2304: Cannot find name 'expect'.
[00:40:14.049] src/components/assessments/charts/__tests__/AssessmentCharts.test.tsx(138,5): error TS2304: Cannot find name 'expect'.
[00:40:14.049] src/components/assessments/charts/__tests__/AssessmentCharts.test.tsx(141,3): error TS2582: Cannot find name 'it'. Do you need to install type definitions for a test runner? Try `npm i --save-dev @types/jest` or `npm i --save-dev @types/mocha`.
[00:40:14.049] src/components/assessments/charts/__tests__/AssessmentCharts.test.tsx(145,5): error TS2304: Cannot find name 'expect'.
[00:40:14.049] src/components/assessments/charts/__tests__/AssessmentCharts.test.tsx(148,3): error TS2582: Cannot find name 'it'. Do you need to install type definitions for a test runner? Try `npm i --save-dev @types/jest` or `npm i --save-dev @types/mocha`.
[00:40:14.049] src/components/assessments/charts/__tests__/AssessmentCharts.test.tsx(151,5): error TS2304: Cannot find name 'expect'.
[00:40:14.049] src/components/assessments/charts/__tests__/AssessmentCharts.test.tsx(155,1): error TS2582: Cannot find name 'describe'. Do you need to install type definitions for a test runner? Try `npm i --save-dev @types/jest` or `npm i --save-dev @types/mocha`.
[00:40:14.049] src/components/assessments/charts/__tests__/AssessmentCharts.test.tsx(161,3): error TS2582: Cannot find name 'it'. Do you need to install type definitions for a test runner? Try `npm i --save-dev @types/jest` or `npm i --save-dev @types/mocha`.
[00:40:14.049] src/components/assessments/charts/__tests__/AssessmentCharts.test.tsx(164,5): error TS2304: Cannot find name 'expect'.
[00:40:14.049] src/components/assessments/charts/__tests__/AssessmentCharts.test.tsx(165,5): error TS2304: Cannot find name 'expect'.
[00:40:14.049] src/components/assessments/charts/__tests__/AssessmentCharts.test.tsx(166,5): error TS2304: Cannot find name 'expect'.
[00:40:14.049] src/components/assessments/charts/__tests__/AssessmentCharts.test.tsx(169,3): error TS2582: Cannot find name 'it'. Do you need to install type definitions for a test runner? Try `npm i --save-dev @types/jest` or `npm i --save-dev @types/mocha`.
[00:40:14.049] src/components/assessments/charts/__tests__/AssessmentCharts.test.tsx(172,5): error TS2304: Cannot find name 'expect'.
[00:40:14.049] src/components/assessments/charts/__tests__/AssessmentCharts.test.tsx(174,5): error TS2304: Cannot find name 'expect'.
[00:40:14.049] src/components/assessments/charts/__tests__/AssessmentCharts.test.tsx(177,3): error TS2582: Cannot find name 'it'. Do you need to install type definitions for a test runner? Try `npm i --save-dev @types/jest` or `npm i --save-dev @types/mocha`.
[00:40:14.049] src/components/assessments/charts/__tests__/AssessmentCharts.test.tsx(180,5): error TS2304: Cannot find name 'expect'.
[00:40:14.049] src/components/assessments/charts/__tests__/AssessmentCharts.test.tsx(181,5): error TS2304: Cannot find name 'expect'.
[00:40:14.049] src/components/assessments/charts/__tests__/AssessmentCharts.test.tsx(184,3): error TS2582: Cannot find name 'it'. Do you need to install type definitions for a test runner? Try `npm i --save-dev @types/jest` or `npm i --save-dev @types/mocha`.
[00:40:14.050] src/components/assessments/charts/__tests__/AssessmentCharts.test.tsx(187,5): error TS2304: Cannot find name 'expect'.
[00:40:14.050] src/components/assessments/charts/__tests__/AssessmentCharts.test.tsx(191,1): error TS2582: Cannot find name 'describe'. Do you need to install type definitions for a test runner? Try `npm i --save-dev @types/jest` or `npm i --save-dev @types/mocha`.
[00:40:14.050] src/components/assessments/charts/__tests__/AssessmentCharts.test.tsx(192,3): error TS2582: Cannot find name 'it'. Do you need to install type definitions for a test runner? Try `npm i --save-dev @types/jest` or `npm i --save-dev @types/mocha`.
[00:40:14.050] src/components/assessments/charts/__tests__/AssessmentCharts.test.tsx(195,5): error TS2304: Cannot find name 'expect'.
[00:40:14.050] src/components/assessments/charts/__tests__/AssessmentCharts.test.tsx(196,5): error TS2304: Cannot find name 'expect'.
[00:40:14.050] src/components/assessments/charts/__tests__/AssessmentCharts.test.tsx(199,3): error TS2582: Cannot find name 'it'. Do you need to install type definitions for a test runner? Try `npm i --save-dev @types/jest` or `npm i --save-dev @types/mocha`.
[00:40:14.050] src/components/assessments/charts/__tests__/AssessmentCharts.test.tsx(203,5): error TS2304: Cannot find name 'expect'.
[00:40:14.050] src/components/assessments/charts/__tests__/AssessmentCharts.test.tsx(204,5): error TS2304: Cannot find name 'expect'.
[00:40:14.050] src/components/assessments/charts/__tests__/AssessmentCharts.test.tsx(205,5): error TS2304: Cannot find name 'expect'.
[00:40:14.050] src/components/assessments/charts/__tests__/AssessmentCharts.test.tsx(206,5): error TS2304: Cannot find name 'expect'.
[00:40:14.050] src/components/assessments/charts/__tests__/AssessmentCharts.test.tsx(209,3): error TS2582: Cannot find name 'it'. Do you need to install type definitions for a test runner? Try `npm i --save-dev @types/jest` or `npm i --save-dev @types/mocha`.
[00:40:14.050] src/components/assessments/charts/__tests__/AssessmentCharts.test.tsx(212,5): error TS2304: Cannot find name 'expect'.
[00:40:14.050] src/components/assessments/charts/__tests__/AssessmentCharts.test.tsx(213,5): error TS2304: Cannot find name 'expect'.
[00:40:14.050] src/components/assessments/charts/__tests__/AssessmentCharts.test.tsx(216,3): error TS2582: Cannot find name 'it'. Do you need to install type definitions for a test runner? Try `npm i --save-dev @types/jest` or `npm i --save-dev @types/mocha`.
[00:40:14.050] src/components/assessments/charts/__tests__/AssessmentCharts.test.tsx(219,5): error TS2304: Cannot find name 'expect'.
[00:40:14.050] src/components/assessments/charts/__tests__/AssessmentCharts.test.tsx(222,3): error TS2582: Cannot find name 'it'. Do you need to install type definitions for a test runner? Try `npm i --save-dev @types/jest` or `npm i --save-dev @types/mocha`.
[00:40:14.050] src/components/assessments/charts/__tests__/AssessmentCharts.test.tsx(225,5): error TS2304: Cannot find name 'expect'.
[00:40:14.050] src/components/assessments/comparison/ComparisonExport.tsx(3,10): error TS1484: 'ComparisonMode' is a type and must be imported using a type-only import when 'verbatimModuleSyntax' is enabled.
[00:40:14.050] src/components/assessments/comparison/ComparisonFilters.tsx(3,10): error TS1484: 'AssessmentData' is a type and must be imported using a type-only import when 'verbatimModuleSyntax' is enabled.
[00:40:14.050] src/components/assessments/comparison/ComparisonFilters.tsx(4,10): error TS1484: 'ComparisonFilters' is a type and must be imported using a type-only import when 'verbatimModuleSyntax' is enabled.
[00:40:14.050] src/components/assessments/comparison/ComparisonFilters.tsx(26,31): error TS2769: No overload matches this call.
[00:40:14.050]   Overload 1 of 4, '(value: string | number | Date): Date', gave the following error.
[00:40:14.050]     Argument of type 'string | undefined' is not assignable to parameter of type 'string | number | Date'.
[00:40:14.050]       Type 'undefined' is not assignable to type 'string | number | Date'.
[00:40:14.050]   Overload 2 of 4, '(value: string | number): Date', gave the following error.
[00:40:14.051]     Argument of type 'string | undefined' is not assignable to parameter of type 'string | number'.
[00:40:14.051]       Type 'undefined' is not assignable to type 'string | number'.
[00:40:14.051] src/components/assessments/comparison/ComparisonFilters.tsx(140,23): error TS2322: Type '{ start: Date; end: Date; } | undefined' is not assignable to type 'TimeRange | undefined'.
[00:40:14.051]   Property 'label' is missing in type '{ start: Date; end: Date; }' but required in type 'TimeRange'.
[00:40:14.051] src/components/assessments/comparison/ComparisonFilters.tsx(158,23): error TS2322: Type '{ start: Date; end: Date; } | undefined' is not assignable to type 'TimeRange | undefined'.
[00:40:14.051]   Property 'label' is missing in type '{ start: Date; end: Date; }' but required in type 'TimeRange'.
[00:40:14.051] src/components/assessments/comparison/ComparisonFilters.tsx(194,35): error TS2741: Property 'label' is missing in type '{ start: Date; end: Date; }' but required in type 'TimeRange'.
[00:40:14.052] src/components/assessments/comparison/ComparisonManager.tsx(11,3): error TS2305: Module '"lucide-react"' has no exported member 'Compare'.
[00:40:14.052] src/components/assessments/comparison/ComparisonManager.tsx(14,10): error TS1484: 'AssessmentData' is a type and must be imported using a type-only import when 'verbatimModuleSyntax' is enabled.
[00:40:14.052] src/components/assessments/comparison/ComparisonManager.tsx(105,35): error TS2769: No overload matches this call.
[00:40:14.052]   Overload 1 of 4, '(value: string | number | Date): Date', gave the following error.
[00:40:14.052]     Argument of type 'string | undefined' is not assignable to parameter of type 'string | number | Date'.
[00:40:14.052]       Type 'undefined' is not assignable to type 'string | number | Date'.
[00:40:14.052]   Overload 2 of 4, '(value: string | number): Date', gave the following error.
[00:40:14.052]     Argument of type 'string | undefined' is not assignable to parameter of type 'string | number'.
[00:40:14.052]       Type 'undefined' is not assignable to type 'string | number'.
[00:40:14.052] src/components/assessments/comparison/ComparisonManager.tsx(109,35): error TS2769: No overload matches this call.
[00:40:14.052]   Overload 1 of 4, '(value: string | number | Date): Date', gave the following error.
[00:40:14.052]     Argument of type 'string | undefined' is not assignable to parameter of type 'string | number | Date'.
[00:40:14.052]       Type 'undefined' is not assignable to type 'string | number | Date'.
[00:40:14.052]   Overload 2 of 4, '(value: string | number): Date', gave the following error.
[00:40:14.052]     Argument of type 'string | undefined' is not assignable to parameter of type 'string | number'.
[00:40:14.052]       Type 'undefined' is not assignable to type 'string | number'.
[00:40:14.052] src/components/assessments/comparison/ComparisonManager.tsx(199,38): error TS2339: Property 'effort_willingness' does not exist on type 'MotivationLevelOptions'.
[00:40:14.052] src/components/assessments/comparison/ComparisonManager.tsx(201,38): error TS2339: Property 'external_support' does not exist on type 'MotivationLevelOptions'.
[00:40:14.052] src/components/assessments/comparison/ComparisonManager.tsx(204,36): error TS2339: Property 'achievement_areas' does not exist on type 'PastSuccessesOptions'.
[00:40:14.052] src/components/assessments/comparison/ComparisonManager.tsx(205,36): error TS2339: Property 'most_significant_achievement' does not exist on type 'PastSuccessesOptions'.
[00:40:14.052] src/components/assessments/comparison/ComparisonManager.tsx(206,36): error TS2339: Property 'learning_from_success' does not exist on type 'PastSuccessesOptions'.
[00:40:14.052] src/components/assessments/comparison/ComparisonManager.tsx(207,36): error TS2339: Property 'transferable_strategies' does not exist on type 'PastSuccessesOptions'.
[00:40:14.052] src/components/assessments/comparison/ComparisonManager.tsx(464,17): error TS2322: Type 'ComparisonMode' is not assignable to type '"time" | "group" | "patient"'.
[00:40:14.053]   Type '"progress"' is not assignable to type '"time" | "group" | "patient"'.
[00:40:14.053] src/components/assessments/comparison/ComparisonSettings.tsx(3,10): error TS1484: 'ComparisonMode' is a type and must be imported using a type-only import when 'verbatimModuleSyntax' is enabled.
[00:40:14.053] src/components/assessments/comparison/ComparisonSettings.tsx(4,10): error TS1484: 'ComparisonPeriod' is a type and must be imported using a type-only import when 'verbatimModuleSyntax' is enabled.
[00:40:14.053] src/components/assessments/comparison/ComparisonSettings.tsx(4,28): error TS2305: Module '"./utils/comparisonUtils"' has no exported member 'TimeRangeConfig'.
[00:40:14.053] src/components/assessments/comparison/charts/ComparisonSummary.tsx(407,72): error TS7053: Element implicitly has an 'any' type because expression of type 'string' can't be used to index type '{ success: string; warning: string; info: string; }'.
[00:40:14.053]   No index signature with a parameter of type 'string' was found on type '{ success: string; warning: string; info: string; }'.
[00:40:14.053] src/components/assessments/comparison/charts/ComparisonSummary.tsx(438,72): error TS7053: Element implicitly has an 'any' type because expression of type 'string' can't be used to index type '{ high: string; medium: string; low: string; }'.
[00:40:14.053]   No index signature with a parameter of type 'string' was found on type '{ high: string; medium: string; low: string; }'.
[00:40:14.053] src/components/assessments/comparison/charts/ComparisonSummary.tsx(446,32): error TS7053: Element implicitly has an 'any' type because expression of type 'string' can't be used to index type '{ high: string; medium: string; low: string; }'.
[00:40:14.053]   No index signature with a parameter of type 'string' was found on type '{ high: string; medium: string; low: string; }'.
[00:40:14.053] src/components/assessments/comparison/charts/ProgressComparisonChart.tsx(176,39): error TS2322: Type '"topRight"' is not assignable to type 'LabelPosition | undefined'.
[00:40:14.053] src/components/assessments/comparison/charts/ProgressComparisonChart.tsx(231,60): error TS2339: Property 'latest' does not exist on type '{ trend: string; change: number; id: string; name: string; color: string; } | { trend: "stable" | "improving" | "declining"; change: number; latest: number; previous: number; id: string; name: string; color: string; }'.
[00:40:14.053]   Property 'latest' does not exist on type '{ trend: string; change: number; id: string; name: string; color: string; }'.
[00:40:14.053] src/components/assessments/comparison/utils/comparisonAlgorithms.ts(1,10): error TS1484: 'AssessmentData' is a type and must be imported using a type-only import when 'verbatimModuleSyntax' is enabled.
[00:40:14.053] src/components/assessments/comparison/utils/comparisonAlgorithms.ts(8,34): error TS2339: Property 'effort_willingness' does not exist on type 'MotivationLevelOptions'.
[00:40:14.053] src/components/assessments/comparison/utils/comparisonAlgorithms.ts(10,34): error TS2339: Property 'external_support' does not exist on type 'MotivationLevelOptions'.
[00:40:14.053] src/components/assessments/comparison/utils/comparisonAlgorithms.ts(13,32): error TS2339: Property 'achievement_areas' does not exist on type 'PastSuccessesOptions'.
[00:40:14.053] src/components/assessments/comparison/utils/comparisonAlgorithms.ts(14,32): error TS2339: Property 'most_significant_achievement' does not exist on type 'PastSuccessesOptions'.
[00:40:14.053] src/components/assessments/comparison/utils/comparisonAlgorithms.ts(15,32): error TS2339: Property 'learning_from_success' does not exist on type 'PastSuccessesOptions'.
[00:40:14.053] src/components/assessments/comparison/utils/comparisonAlgorithms.ts(16,32): error TS2339: Property 'transferable_strategies' does not exist on type 'PastSuccessesOptions'.
[00:40:14.053] src/components/assessments/comparison/utils/comparisonAlgorithms.ts(227,14): error TS2769: No overload matches this call.
[00:40:14.053]   Overload 1 of 4, '(value: string | number | Date): Date', gave the following error.
[00:40:14.053]     Argument of type 'string | undefined' is not assignable to parameter of type 'string | number | Date'.
[00:40:14.054]       Type 'undefined' is not assignable to type 'string | number | Date'.
[00:40:14.054]   Overload 2 of 4, '(value: string | number): Date', gave the following error.
[00:40:14.054]     Argument of type 'string | undefined' is not assignable to parameter of type 'string | number'.
[00:40:14.054]       Type 'undefined' is not assignable to type 'string | number'.
[00:40:14.054] src/components/assessments/comparison/utils/comparisonAlgorithms.ts(227,49): error TS2769: No overload matches this call.
[00:40:14.054]   Overload 1 of 4, '(value: string | number | Date): Date', gave the following error.
[00:40:14.054]     Argument of type 'string | undefined' is not assignable to parameter of type 'string | number | Date'.
[00:40:14.054]       Type 'undefined' is not assignable to type 'string | number | Date'.
[00:40:14.054]   Overload 2 of 4, '(value: string | number): Date', gave the following error.
[00:40:14.054]     Argument of type 'string | undefined' is not assignable to parameter of type 'string | number'.
[00:40:14.054]       Type 'undefined' is not assignable to type 'string | number'.
[00:40:14.054] src/components/assessments/comparison/utils/comparisonAlgorithms.ts(232,21): error TS2769: No overload matches this call.
[00:40:14.054]   Overload 1 of 4, '(value: string | number | Date): Date', gave the following error.
[00:40:14.054]     Argument of type 'string | undefined' is not assignable to parameter of type 'string | number | Date'.
[00:40:14.054]       Type 'undefined' is not assignable to type 'string | number | Date'.
[00:40:14.054]   Overload 2 of 4, '(value: string | number): Date', gave the following error.
[00:40:14.054]     Argument of type 'string | undefined' is not assignable to parameter of type 'string | number'.
[00:40:14.054]       Type 'undefined' is not assignable to type 'string | number'.
[00:40:14.054] src/components/assessments/comparison/utils/comparisonAlgorithms.ts(233,19): error TS2769: No overload matches this call.
[00:40:14.054]   Overload 1 of 4, '(value: string | number | Date): Date', gave the following error.
[00:40:14.054]     Argument of type 'string | undefined' is not assignable to parameter of type 'string | number | Date'.
[00:40:14.054]       Type 'undefined' is not assignable to type 'string | number | Date'.
[00:40:14.055]   Overload 2 of 4, '(value: string | number): Date', gave the following error.
[00:40:14.055]     Argument of type 'string | undefined' is not assignable to parameter of type 'string | number'.
[00:40:14.055]       Type 'undefined' is not assignable to type 'string | number'.
[00:40:14.055] src/components/assessments/comparison/utils/comparisonUtils.ts(1,10): error TS1484: 'AssessmentData' is a type and must be imported using a type-only import when 'verbatimModuleSyntax' is enabled.
[00:40:14.055] src/components/assessments/comparison/utils/comparisonUtils.ts(114,37): error TS2769: No overload matches this call.
[00:40:14.055]   Overload 1 of 4, '(value: string | number | Date): Date', gave the following error.
[00:40:14.055]     Argument of type 'string | undefined' is not assignable to parameter of type 'string | number | Date'.
[00:40:14.055]       Type 'undefined' is not assignable to type 'string | number | Date'.
[00:40:14.055]   Overload 2 of 4, '(value: string | number): Date', gave the following error.
[00:40:14.055]     Argument of type 'string | undefined' is not assignable to parameter of type 'string | number'.
[00:40:14.055]       Type 'undefined' is not assignable to type 'string | number'.
[00:40:14.055] src/components/assessments/comparison/utils/comparisonUtils.ts(147,34): error TS2339: Property 'effort_willingness' does not exist on type 'MotivationLevelOptions'.
[00:40:14.055] src/components/assessments/comparison/utils/comparisonUtils.ts(149,34): error TS2339: Property 'external_support' does not exist on type 'MotivationLevelOptions'.
[00:40:14.055] src/components/assessments/comparison/utils/comparisonUtils.ts(152,32): error TS2339: Property 'achievement_areas' does not exist on type 'PastSuccessesOptions'.
[00:40:14.055] src/components/assessments/comparison/utils/comparisonUtils.ts(153,32): error TS2339: Property 'most_significant_achievement' does not exist on type 'PastSuccessesOptions'.
[00:40:14.055] src/components/assessments/comparison/utils/comparisonUtils.ts(154,32): error TS2339: Property 'learning_from_success' does not exist on type 'PastSuccessesOptions'.
[00:40:14.055] src/components/assessments/comparison/utils/comparisonUtils.ts(155,32): error TS2339: Property 'transferable_strategies' does not exist on type 'PastSuccessesOptions'.
[00:40:14.055] src/components/assessments/comparison/utils/comparisonUtils.ts(182,37): error TS2769: No overload matches this call.
[00:40:14.055]   Overload 1 of 4, '(value: string | number | Date): Date', gave the following error.
[00:40:14.055]     Argument of type 'string | undefined' is not assignable to parameter of type 'string | number | Date'.
[00:40:14.055]       Type 'undefined' is not assignable to type 'string | number | Date'.
[00:40:14.055]   Overload 2 of 4, '(value: string | number): Date', gave the following error.
[00:40:14.055]     Argument of type 'string | undefined' is not assignable to parameter of type 'string | number'.
[00:40:14.056]       Type 'undefined' is not assignable to type 'string | number'.
[00:40:14.056] src/components/assessments/comparison/utils/comparisonUtils.ts(186,48): error TS2769: No overload matches this call.
[00:40:14.056]   Overload 1 of 4, '(value: string | number | Date): Date', gave the following error.
[00:40:14.056]     Argument of type 'string | undefined' is not assignable to parameter of type 'string | number | Date'.
[00:40:14.056]       Type 'undefined' is not assignable to type 'string | number | Date'.
[00:40:14.056]   Overload 2 of 4, '(value: string | number): Date', gave the following error.
[00:40:14.056]     Argument of type 'string | undefined' is not assignable to parameter of type 'string | number'.
[00:40:14.056]       Type 'undefined' is not assignable to type 'string | number'.
[00:40:14.056] src/components/assessments/comparison/utils/comparisonUtils.ts(202,9): error TS2322: Type 'string[]' is not assignable to type 'string'.
[00:40:14.056] src/components/auth/AccessDenied.tsx(26,11): error TS2339: Property 'userRole' does not exist on type '{ profile: AnyUserProfile | null; displayName: string; initials: string; roleDisplayName: string; isComplete: boolean; missingFields: string[]; updateProfile: (updates: Partial<AnyUserProfile>) => Promise<...>; }'.
[00:40:14.056] src/components/auth/AdminRoute.tsx(1,17): error TS1484: 'ReactNode' is a type and must be imported using a type-only import when 'verbatimModuleSyntax' is enabled.
[00:40:14.056] src/components/auth/AdminRoute.tsx(4,10): error TS1484: 'Permission' is a type and must be imported using a type-only import when 'verbatimModuleSyntax' is enabled.
[00:40:14.056] src/components/auth/AuthRouter.tsx(129,9): error TS2322: Type '{ title: string; message: string; }' is not assignable to type 'IntrinsicAttributes'.
[00:40:14.056]   Property 'title' does not exist on type 'IntrinsicAttributes'.
[00:40:14.056] src/components/auth/AuthRouter.tsx(144,11): error TS2322: Type '{ title: string; message: string; }' is not assignable to type 'IntrinsicAttributes'.
[00:40:14.056]   Property 'title' does not exist on type 'IntrinsicAttributes'.
[00:40:14.056] src/components/auth/AuthRouter.tsx(160,11): error TS2322: Type '{ title: string; message: string; }' is not assignable to type 'IntrinsicAttributes'.
[00:40:14.056]   Property 'title' does not exist on type 'IntrinsicAttributes'.
[00:40:14.056] src/components/auth/AuthRouter.tsx(185,11): error TS2322: Type '{ title: string; message: string; }' is not assignable to type 'IntrinsicAttributes'.
[00:40:14.056]   Property 'title' does not exist on type 'IntrinsicAttributes'.
[00:40:14.056] src/components/auth/AuthRouter.tsx(271,3): error TS2339: Property 'redirectOnAuth' does not exist on type 'Omit<AuthRouterProps, "requireAuth" | "redirectOnAuth">'.
[00:40:14.056] src/components/auth/ProtectedRoute.tsx(142,9): error TS2322: Type '{ title: string; message: string; }' is not assignable to type 'IntrinsicAttributes'.
[00:40:14.056]   Property 'title' does not exist on type 'IntrinsicAttributes'.
[00:40:14.057] src/components/auth/ProtectedRoute.tsx(158,11): error TS2322: Type '{ title: string; message: string; }' is not assignable to type 'IntrinsicAttributes'.
[00:40:14.057]   Property 'title' does not exist on type 'IntrinsicAttributes'.
[00:40:14.057] src/components/auth/ProtectedRoute.tsx(175,11): error TS2322: Type '{ title: string; message: string; }' is not assignable to type 'IntrinsicAttributes'.
[00:40:14.057]   Property 'title' does not exist on type 'IntrinsicAttributes'.
[00:40:14.057] src/components/auth/ProtectedRoute.tsx(201,11): error TS2322: Type '{ title: string; message: string; }' is not assignable to type 'IntrinsicAttributes'.
[00:40:14.057]   Property 'title' does not exist on type 'IntrinsicAttributes'.
[00:40:14.057] src/components/auth/ProtectedRoute.tsx(317,3): error TS2339: Property 'redirectOnAuth' does not exist on type 'Omit<ProtectedRouteProps, "requireAuth" | "redirectOnAuth">'.
[00:40:14.057] src/components/auth/RoleBasedMenu.tsx(321,22): error TS2339: Property 'isAdmin' does not exist on type '{ role: "social_worker" | "administrator" | "patient"; canUpdateOwnProfile: boolean; canViewOwnData: boolean; canSubmitCheckIns: boolean; canViewOwnGoals: boolean; canManageUsers: boolean; ... 13 more ...; canViewOwnAnalytics: boolean; } | { ...; } | { ...; }'.
[00:40:14.057]   Property 'isAdmin' does not exist on type '{ role: "social_worker" | "administrator" | "patient"; canUpdateOwnProfile: boolean; canViewOwnData: boolean; canSubmitCheckIns: boolean; canViewOwnGoals: boolean; canManageUsers: boolean; ... 13 more ...; canViewOwnAnalytics: boolean; }'.
[00:40:14.057] src/components/auth/RoleBasedMenu.tsx(323,29): error TS2339: Property 'isStaff' does not exist on type '{ role: "social_worker" | "administrator" | "patient"; canUpdateOwnProfile: boolean; canViewOwnData: boolean; canSubmitCheckIns: boolean; canViewOwnGoals: boolean; canManageUsers: boolean; ... 13 more ...; canViewOwnAnalytics: boolean; } | { ...; } | { ...; }'.
[00:40:14.057]   Property 'isStaff' does not exist on type '{ role: "social_worker" | "administrator" | "patient"; canUpdateOwnProfile: boolean; canViewOwnData: boolean; canSubmitCheckIns: boolean; canViewOwnGoals: boolean; canManageUsers: boolean; ... 13 more ...; canViewOwnAnalytics: boolean; }'.
[00:40:14.057] src/components/auth/RoleBasedMenu.tsx(323,54): error TS2339: Property 'isAdmin' does not exist on type '{ role: "social_worker" | "administrator" | "patient"; canUpdateOwnProfile: boolean; canViewOwnData: boolean; canSubmitCheckIns: boolean; canViewOwnGoals: boolean; canManageUsers: boolean; ... 13 more ...; canViewOwnAnalytics: boolean; } | { ...; } | { ...; }'.
[00:40:14.057]   Property 'isAdmin' does not exist on type '{ role: "social_worker" | "administrator" | "patient"; canUpdateOwnProfile: boolean; canViewOwnData: boolean; canSubmitCheckIns: boolean; canViewOwnGoals: boolean; canManageUsers: boolean; ... 13 more ...; canViewOwnAnalytics: boolean; }'.
[00:40:14.057] src/components/auth/RoleBasedMenu.tsx(325,29): error TS2339: Property 'isClient' does not exist on type '{ role: "social_worker" | "administrator" | "patient"; canUpdateOwnProfile: boolean; canViewOwnData: boolean; canSubmitCheckIns: boolean; canViewOwnGoals: boolean; canManageUsers: boolean; ... 13 more ...; canViewOwnAnalytics: boolean; } | { ...; } | { ...; }'.
[00:40:14.057]   Property 'isClient' does not exist on type '{ role: "social_worker" | "administrator" | "patient"; canUpdateOwnProfile: boolean; canViewOwnData: boolean; canSubmitCheckIns: boolean; canViewOwnGoals: boolean; canManageUsers: boolean; ... 13 more ...; canViewOwnAnalytics: boolean; }'.
[00:40:14.057] src/components/auth/RoleBasedMenu.tsx(343,22): error TS2339: Property 'canCreateGoals' does not exist on type '{ role: "social_worker" | "administrator" | "patient"; canUpdateOwnProfile: boolean; canViewOwnData: boolean; canSubmitCheckIns: boolean; canViewOwnGoals: boolean; canManageUsers: boolean; ... 13 more ...; canViewOwnAnalytics: boolean; } | { ...; } | { ...; }'.
[00:40:14.057]   Property 'canCreateGoals' does not exist on type '{ canManageUsers: boolean; canManagePatients: boolean; canViewAnalytics: boolean; canManageGoals: boolean; canCreateAssessments: boolean; canManageServices: boolean; canViewAllData: boolean; canUpdateOwnProfile: boolean; role: null; }'.
[00:40:14.057] src/components/auth/RoleBasedMenu.tsx(371,22): error TS2339: Property 'canSubmitCheckIns' does not exist on type '{ role: "social_worker" | "administrator" | "patient"; canUpdateOwnProfile: boolean; canViewOwnData: boolean; canSubmitCheckIns: boolean; canViewOwnGoals: boolean; canManageUsers: boolean; ... 13 more ...; canViewOwnAnalytics: boolean; } | { ...; } | { ...; }'.
[00:40:14.057]   Property 'canSubmitCheckIns' does not exist on type '{ canManageUsers: boolean; canManagePatients: boolean; canViewAnalytics: boolean; canManageGoals: boolean; canCreateAssessments: boolean; canManageServices: boolean; canViewAllData: boolean; canUpdateOwnProfile: boolean; role: null; }'.
[00:40:14.057] src/components/auth/RoleGuard.tsx(308,11): error TS2339: Property 'profile' does not exist on type '{ isAuthenticated: boolean; isLoading: boolean; isInitialized: boolean; hasUser: boolean; hasProfile: boolean; hasSession: boolean; isEmailVerified: boolean; needsEmailVerification: boolean; ... 8 more ...; isAuthReady: boolean; }'.
[00:40:14.057] src/components/auth/SessionTimeoutWarning.tsx(21,26): error TS2339: Property 'refreshSession' does not exist on type 'AuthContextType'.
[00:40:14.057] src/components/auth/SessionTimeoutWarning.tsx(22,11): error TS2339: Property 'sessionExpiresAt' does not exist on type '{ lastRefresh: Date | null; refreshSession: () => Promise<void>; isValid: boolean; expiresAt: null; expiresIn: number; needsRefresh: boolean; timeUntilExpiry: number; session: Session | null; } | { ...; }'.
[00:40:14.057] src/components/auth/SessionTimeoutWarning.tsx(22,29): error TS2339: Property 'isSessionValid' does not exist on type '{ lastRefresh: Date | null; refreshSession: () => Promise<void>; isValid: boolean; expiresAt: null; expiresIn: number; needsRefresh: boolean; timeUntilExpiry: number; session: Session | null; } | { ...; }'.
[00:40:14.057] src/components/auth/SessionTimeoutWarning.tsx(22,45): error TS2339: Property 'refreshSessionToken' does not exist on type '{ lastRefresh: Date | null; refreshSession: () => Promise<void>; isValid: boolean; expiresAt: null; expiresIn: number; needsRefresh: boolean; timeUntilExpiry: number; session: Session | null; } | { ...; }'.
[00:40:14.057] src/components/auth/SessionTimeoutWarning.tsx(197,17): error TS2339: Property 'refreshSession' does not exist on type 'AuthContextType'.
[00:40:14.057] src/components/auth/SessionTimeoutWarning.tsx(198,11): error TS2339: Property 'sessionExpiresAt' does not exist on type '{ lastRefresh: Date | null; refreshSession: () => Promise<void>; isValid: boolean; expiresAt: null; expiresIn: number; needsRefresh: boolean; timeUntilExpiry: number; session: Session | null; } | { ...; }'.
[00:40:14.057] src/components/auth/SessionTimeoutWarning.tsx(198,29): error TS2339: Property 'isSessionValid' does not exist on type '{ lastRefresh: Date | null; refreshSession: () => Promise<void>; isValid: boolean; expiresAt: null; expiresIn: number; needsRefresh: boolean; timeUntilExpiry: number; session: Session | null; } | { ...; }'.
[00:40:14.057] src/components/auth/SignUpForm.tsx(175,28): error TS2339: Property 'requiresEmailConfirmation' does not exist on type '{ success: boolean; error?: string | undefined; }'.
[00:40:14.058] src/components/auth/__tests__/ProtectedRoute.test.tsx(68,23): error TS2322: Type '{ children: Element; requiredRole: string; }' is not assignable to type 'IntrinsicAttributes & ProtectedRouteProps'.
[00:40:14.058]   Property 'requiredRole' does not exist on type 'IntrinsicAttributes & ProtectedRouteProps'.
[00:40:14.058] src/components/auth/__tests__/ProtectedRoute.test.tsx(76,36): error TS2322: Type '"user"' is not assignable to type '"admin"'.
[00:40:14.058] src/components/auth/__tests__/ProtectedRoute.test.tsx(87,23): error TS2322: Type '{ children: Element; requiredRole: string; }' is not assignable to type 'IntrinsicAttributes & ProtectedRouteProps'.
[00:40:14.058]   Property 'requiredRole' does not exist on type 'IntrinsicAttributes & ProtectedRouteProps'.
[00:40:14.058] src/components/auth/__tests__/ProtectedRoute.test.tsx(107,23): error TS2322: Type '{ children: Element; requiredPermission: string; }' is not assignable to type 'IntrinsicAttributes & ProtectedRouteProps'.
[00:40:14.058]   Property 'requiredPermission' does not exist on type 'IntrinsicAttributes & ProtectedRouteProps'. Did you mean 'requiredPermissions'?
[00:40:14.058] src/components/auth/__tests__/ProtectedRoute.test.tsx(115,36): error TS2322: Type '"user"' is not assignable to type '"admin"'.
[00:40:14.058] src/components/auth/__tests__/ProtectedRoute.test.tsx(126,23): error TS2322: Type '{ children: Element; requiredPermission: string; }' is not assignable to type 'IntrinsicAttributes & ProtectedRouteProps'.
[00:40:14.058]   Property 'requiredPermission' does not exist on type 'IntrinsicAttributes & ProtectedRouteProps'. Did you mean 'requiredPermissions'?
[00:40:14.058] src/components/auth/__tests__/ProtectedRoute.test.tsx(144,23): error TS2322: Type '{ children: Element; requiredRoles: string[]; }' is not assignable to type 'IntrinsicAttributes & ProtectedRouteProps'.
[00:40:14.059]   Property 'requiredRoles' does not exist on type 'IntrinsicAttributes & ProtectedRouteProps'.
[00:40:14.059] src/components/auth/__tests__/ProtectedRoute.test.tsx(152,36): error TS2322: Type '"user"' is not assignable to type '"admin"'.
[00:40:14.059] src/components/auth/__tests__/ProtectedRoute.test.tsx(163,23): error TS2322: Type '{ children: Element; requiredRoles: string[]; }' is not assignable to type 'IntrinsicAttributes & ProtectedRouteProps'.
[00:40:14.059]   Property 'requiredRoles' does not exist on type 'IntrinsicAttributes & ProtectedRouteProps'.
[00:40:14.059] src/components/auth/__tests__/ProtectedRoute.test.tsx(191,11): error TS2322: Type '{ email_confirmed_at: null; id: string; email: string; phone: string; confirmed_at: string; last_sign_in_at: string; app_metadata: {}; user_metadata: { full_name: string; }; aud: string; role: string; created_at: string; updated_at: string; }' is not assignable to type '{ id: string; email: string; email_confirmed_at: string; phone: string; confirmed_at: string; last_sign_in_at: string; app_metadata: {}; user_metadata: { full_name: string; }; aud: string; role: string; created_at: string; updated_at: string; }'.
[00:40:14.059]   Types of property 'email_confirmed_at' are incompatible.
[00:40:14.059]     Type 'null' is not assignable to type 'string'.
[00:40:14.059] src/components/auth/__tests__/ProtectedRoute.test.tsx(192,38): error TS2322: Type '{ email_confirmed_at: null; id: string; email: string; phone: string; confirmed_at: string; last_sign_in_at: string; app_metadata: {}; user_metadata: { full_name: string; }; aud: string; role: string; created_at: string; updated_at: string; }' is not assignable to type '{ id: string; email: string; email_confirmed_at: string; phone: string; confirmed_at: string; last_sign_in_at: string; app_metadata: {}; user_metadata: { full_name: string; }; aud: string; role: string; created_at: string; updated_at: string; }'.
[00:40:14.059]   Types of property 'email_confirmed_at' are incompatible.
[00:40:14.059]     Type 'null' is not assignable to type 'string'.
[00:40:14.059] src/components/auth/__tests__/ProtectedRoute.test.tsx(224,9): error TS2322: Type '{ children: Element; requiredRole: string; fallback: Element; }' is not assignable to type 'IntrinsicAttributes & ProtectedRouteProps'.
[00:40:14.059]   Property 'requiredRole' does not exist on type 'IntrinsicAttributes & ProtectedRouteProps'.
[00:40:14.059] src/components/auth/__tests__/ProtectedRoute.test.tsx(234,36): error TS2322: Type '"user"' is not assignable to type '"admin"'.
[00:40:14.059] src/components/auth/__tests__/ProtectedRoute.test.tsx(248,9): error TS2322: Type 'Element' is not assignable to type 'ComponentType<{}> | undefined'.
[00:40:14.059] src/components/auth/__tests__/SignInForm.test.tsx(80,42): error TS2307: Cannot find module '../../../services/authService' or its corresponding type declarations.
[00:40:14.059] src/components/auth/__tests__/SignInForm.test.tsx(111,42): error TS2307: Cannot find module '../../../services/authService' or its corresponding type declarations.
[00:40:14.059] src/components/auth/__tests__/SignInForm.test.tsx(155,42): error TS2307: Cannot find module '../../../services/authService' or its corresponding type declarations.
[00:40:14.059] src/components/auth/index.ts(58,3): error TS2305: Module '"./AccessDenied"' has no exported member 'SocialWorkerAccessDenied'.
[00:40:14.059] src/components/auth/index.ts(65,3): error TS2305: Module '"./RoleBasedMenu"' has no exported member 'AdminMenu'.
[00:40:14.059] src/components/auth/index.ts(66,3): error TS2724: '"./RoleBasedMenu"' has no exported member named 'SocialWorkerMenu'. Did you mean 'socialWorkerMenuItems'?
[00:40:14.059] src/components/auth/index.ts(67,3): error TS2305: Module '"./RoleBasedMenu"' has no exported member 'PatientMenu'.
[00:40:14.059] src/components/auth/index.ts(88,3): error TS2724: '"./AuthRouter"' has no exported member named 'AdminAuthRouter'. Did you mean 'AdminRouter'?
[00:40:14.059] src/components/auth/index.ts(89,3): error TS2724: '"./AuthRouter"' has no exported member named 'SocialWorkerAuthRouter'. Did you mean 'SocialWorkerRouter'?
[00:40:14.059] src/components/auth/index.ts(90,3): error TS2724: '"./AuthRouter"' has no exported member named 'PatientAuthRouter'. Did you mean 'PatientRouter'?
[00:40:14.059] src/components/charts/BarChart.tsx(169,9): error TS2322: Type '{ responsive: boolean; maintainAspectRatio: boolean; indexAxis: "x" | "y"; animation: { duration: number; easing: "easeInOutQuart"; }; plugins: { legend: { display: boolean; position: "top"; labels: { ...; }; }; title: { ...; }; tooltip: { ...; }; }; scales: { ...; }; interaction: { ...; }; elements: { ...; }; }' is not assignable to type '_DeepPartialObject<CoreChartOptions<"bar"> & ElementChartOptions<"bar"> & PluginChartOptions<"bar"> & DatasetChartOptions<"bar"> & ScaleChartOptions<...> & BarControllerChartOptions>'.
[00:40:14.059]   The types of 'plugins.title.font' are incompatible between these types.
[00:40:14.059]     Type '{ size: number; weight: "600"; family: string; }' is not assignable to type '((ctx: ScriptableChartContext, options: AnyObject) => Partial<FontSpec> | undefined) | _DeepPartialObject<Partial<FontSpec>> | _DeepPartialObject<...> | undefined'.
[00:40:14.060]       Type '{ size: number; weight: "600"; family: string; }' is not assignable to type '_DeepPartialObject<ScriptableOptions<Partial<FontSpec>, ScriptableChartContext>>'.
[00:40:14.060]         Types of property 'weight' are incompatible.
[00:40:14.060]           Type '"600"' is not assignable to type 'number | "bold" | "normal" | "lighter" | "bolder" | ((ctx: ScriptableChartContext, options: AnyObject) => number | "bold" | "normal" | "lighter" | "bolder" | null | undefined) | null | undefined'.
[00:40:14.060] src/components/charts/LazyChart.tsx(109,54): error TS2345: Argument of type 'RefObject<HTMLDivElement | null>' is not assignable to parameter of type 'RefObject<Element>'.
[00:40:14.060]   Type 'HTMLDivElement | null' is not assignable to type 'Element'.
[00:40:14.060]     Type 'null' is not assignable to type 'Element'.
[00:40:14.060] src/components/charts/LineChart.tsx(174,9): error TS2322: Type '{ responsive: boolean; maintainAspectRatio: boolean; animation: { duration: number; easing: "easeInOutQuart"; }; plugins: { legend: { display: boolean; position: "top"; labels: { padding: number; usePointStyle: boolean; font: { ...; }; }; }; title: { ...; }; tooltip: { ...; }; }; scales: { ...; }; interaction: { ......' is not assignable to type '_DeepPartialObject<CoreChartOptions<"line"> & ElementChartOptions<"line"> & PluginChartOptions<"line"> & DatasetChartOptions<"line"> & ScaleChartOptions<...> & LineControllerChartOptions>'.
[00:40:14.060]   The types of 'plugins.title.font' are incompatible between these types.
[00:40:14.060]     Type '{ size: number; weight: "600"; family: string; }' is not assignable to type '((ctx: ScriptableChartContext, options: AnyObject) => Partial<FontSpec> | undefined) | _DeepPartialObject<Partial<FontSpec>> | _DeepPartialObject<...> | undefined'.
[00:40:14.060]       Type '{ size: number; weight: "600"; family: string; }' is not assignable to type '_DeepPartialObject<ScriptableOptions<Partial<FontSpec>, ScriptableChartContext>>'.
[00:40:14.060]         Types of property 'weight' are incompatible.
[00:40:14.060]           Type '"600"' is not assignable to type 'number | "bold" | "normal" | "lighter" | "bolder" | ((ctx: ScriptableChartContext, options: AnyObject) => number | "bold" | "normal" | "lighter" | "bolder" | null | undefined) | null | undefined'.
[00:40:14.060] src/components/charts/PieChart.tsx(143,9): error TS2322: Type '{ responsive: boolean; maintainAspectRatio: boolean; cutout: string | number; animation: { duration: number; easing: "easeInOutQuart"; }; plugins: { legend: { display: boolean; position: "bottom"; labels: { ...; }; }; tooltip: { ...; }; }; elements: { ...; }; }' is not assignable to type '_DeepPartialObject<CoreChartOptions<"pie"> & ElementChartOptions<"pie"> & PluginChartOptions<"pie"> & DatasetChartOptions<"pie"> & ScaleChartOptions<...> & DoughnutControllerChartOptions>'.
[00:40:14.060]   The types of 'plugins.tooltip.titleFont' are incompatible between these types.
[00:40:14.060]     Type '{ size: number; weight: "600"; }' is not assignable to type '_DeepPartialObject<Partial<FontSpec>> | ((ctx: ScriptableTooltipContext<"pie">, options: AnyObject) => Partial<...> | undefined) | _DeepPartialObject<...> | undefined'.
[00:40:14.060]       Type '{ size: number; weight: "600"; }' is not assignable to type '_DeepPartialObject<ScriptableOptions<Partial<FontSpec>, ScriptableTooltipContext<"pie">>>'.
[00:40:14.060]         Types of property 'weight' are incompatible.
[00:40:14.060]           Type '"600"' is not assignable to type 'number | "bold" | "normal" | "lighter" | "bolder" | ((ctx: ScriptableTooltipContext<"pie">, options: AnyObject) => number | "bold" | ... 4 more ... | undefined) | null | undefined'.
[00:40:14.060] src/components/charts/__tests__/KPICard.test.tsx(5,1): error TS2582: Cannot find name 'describe'. Do you need to install type definitions for a test runner? Try `npm i --save-dev @types/jest` or `npm i --save-dev @types/mocha`.
[00:40:14.060] src/components/charts/__tests__/KPICard.test.tsx(11,3): error TS2582: Cannot find name 'it'. Do you need to install type definitions for a test runner? Try `npm i --save-dev @types/jest` or `npm i --save-dev @types/mocha`.
[00:40:14.060] src/components/charts/__tests__/KPICard.test.tsx(14,5): error TS2304: Cannot find name 'expect'.
[00:40:14.060] src/components/charts/__tests__/KPICard.test.tsx(15,5): error TS2304: Cannot find name 'expect'.
[00:40:14.060] src/components/charts/__tests__/KPICard.test.tsx(18,3): error TS2582: Cannot find name 'it'. Do you need to install type definitions for a test runner? Try `npm i --save-dev @types/jest` or `npm i --save-dev @types/mocha`.
[00:40:14.060] src/components/charts/__tests__/KPICard.test.tsx(27,5): error TS2304: Cannot find name 'expect'.
[00:40:14.060] src/components/charts/__tests__/KPICard.test.tsx(30,3): error TS2582: Cannot find name 'it'. Do you need to install type definitions for a test runner? Try `npm i --save-dev @types/jest` or `npm i --save-dev @types/mocha`.
[00:40:14.060] src/components/charts/__tests__/KPICard.test.tsx(39,5): error TS2304: Cannot find name 'expect'.
[00:40:14.060] src/components/charts/__tests__/KPICard.test.tsx(50,5): error TS2304: Cannot find name 'expect'.
[00:40:14.060] src/components/charts/__tests__/KPICard.test.tsx(53,3): error TS2582: Cannot find name 'it'. Do you need to install type definitions for a test runner? Try `npm i --save-dev @types/jest` or `npm i --save-dev @types/mocha`.
[00:40:14.060] src/components/charts/__tests__/KPICard.test.tsx(63,5): error TS2304: Cannot find name 'expect'.
[00:40:14.061] src/components/charts/__tests__/KPICard.test.tsx(66,3): error TS2582: Cannot find name 'it'. Do you need to install type definitions for a test runner? Try `npm i --save-dev @types/jest` or `npm i --save-dev @types/mocha`.
[00:40:14.061] src/components/charts/__tests__/KPICard.test.tsx(74,5): error TS2304: Cannot find name 'expect'.
[00:40:14.061] src/components/charts/__tests__/KPICard.test.tsx(77,3): error TS2582: Cannot find name 'it'. Do you need to install type definitions for a test runner? Try `npm i --save-dev @types/jest` or `npm i --save-dev @types/mocha`.
[00:40:14.061] src/components/charts/__tests__/KPICard.test.tsx(85,5): error TS2304: Cannot find name 'expect'.
[00:40:14.061] src/components/charts/__tests__/KPICard.test.tsx(88,3): error TS2582: Cannot find name 'it'. Do you need to install type definitions for a test runner? Try `npm i --save-dev @types/jest` or `npm i --save-dev @types/mocha`.
[00:40:14.061] src/components/charts/__tests__/KPICard.test.tsx(96,5): error TS2304: Cannot find name 'expect'.
[00:40:14.061] src/components/charts/__tests__/KPICard.test.tsx(99,3): error TS2582: Cannot find name 'it'. Do you need to install type definitions for a test runner? Try `npm i --save-dev @types/jest` or `npm i --save-dev @types/mocha`.
[00:40:14.061] src/components/charts/__tests__/KPICard.test.tsx(109,5): error TS2304: Cannot find name 'expect'.
[00:40:14.061] src/components/charts/__tests__/KPICard.test.tsx(112,3): error TS2582: Cannot find name 'it'. Do you need to install type definitions for a test runner? Try `npm i --save-dev @types/jest` or `npm i --save-dev @types/mocha`.
[00:40:14.061] src/components/charts/__tests__/KPICard.test.tsx(120,5): error TS2304: Cannot find name 'expect'.
[00:40:14.061] src/components/charts/__tests__/KPICard.test.tsx(123,3): error TS2582: Cannot find name 'it'. Do you need to install type definitions for a test runner? Try `npm i --save-dev @types/jest` or `npm i --save-dev @types/mocha`.
[00:40:14.061] src/components/charts/__tests__/KPICard.test.tsx(133,5): error TS2304: Cannot find name 'expect'.
[00:40:14.075] src/components/dashboard/StatCard.tsx(1,10): error TS1484: 'ReactNode' is a type and must be imported using a type-only import when 'verbatimModuleSyntax' is enabled.
[00:40:14.076] src/components/filters/SearchBar.tsx(38,22): error TS2554: Expected 1 arguments, but got 0.
[00:40:14.076] src/components/filters/__tests__/SearchBar.test.tsx(6,1): error TS2582: Cannot find name 'describe'. Do you need to install type definitions for a test runner? Try `npm i --save-dev @types/jest` or `npm i --save-dev @types/mocha`.
[00:40:14.076] src/components/filters/__tests__/SearchBar.test.tsx(9,15): error TS2708: Cannot use namespace 'jest' as a value.
[00:40:14.076] src/components/filters/__tests__/SearchBar.test.tsx(18,3): error TS2304: Cannot find name 'beforeEach'.
[00:40:14.076] src/components/filters/__tests__/SearchBar.test.tsx(19,5): error TS2708: Cannot use namespace 'jest' as a value.
[00:40:14.076] src/components/filters/__tests__/SearchBar.test.tsx(22,3): error TS2582: Cannot find name 'it'. Do you need to install type definitions for a test runner? Try `npm i --save-dev @types/jest` or `npm i --save-dev @types/mocha`.
[00:40:14.076] src/components/filters/__tests__/SearchBar.test.tsx(25,5): error TS2304: Cannot find name 'expect'.
[00:40:14.076] src/components/filters/__tests__/SearchBar.test.tsx(26,5): error TS2304: Cannot find name 'expect'.
[00:40:14.076] src/components/filters/__tests__/SearchBar.test.tsx(29,3): error TS2582: Cannot find name 'it'. Do you need to install type definitions for a test runner? Try `npm i --save-dev @types/jest` or `npm i --save-dev @types/mocha`.
[00:40:14.076] src/components/filters/__tests__/SearchBar.test.tsx(31,22): error TS2708: Cannot use namespace 'jest' as a value.
[00:40:14.076] src/components/filters/__tests__/SearchBar.test.tsx(38,5): error TS2304: Cannot find name 'expect'.
[00:40:14.076] src/components/filters/__tests__/SearchBar.test.tsx(41,3): error TS2582: Cannot find name 'it'. Do you need to install type definitions for a test runner? Try `npm i --save-dev @types/jest` or `npm i --save-dev @types/mocha`.
[00:40:14.076] src/components/filters/__tests__/SearchBar.test.tsx(55,5): error TS2304: Cannot find name 'expect'.
[00:40:14.076] src/components/filters/__tests__/SearchBar.test.tsx(56,5): error TS2304: Cannot find name 'expect'.
[00:40:14.076] src/components/filters/__tests__/SearchBar.test.tsx(59,3): error TS2582: Cannot find name 'it'. Do you need to install type definitions for a test runner? Try `npm i --save-dev @types/jest` or `npm i --save-dev @types/mocha`.
[00:40:14.076] src/components/filters/__tests__/SearchBar.test.tsx(73,5): error TS2304: Cannot find name 'expect'.
[00:40:14.076] src/components/filters/__tests__/SearchBar.test.tsx(74,5): error TS2304: Cannot find name 'expect'.
[00:40:14.076] src/components/filters/__tests__/SearchBar.test.tsx(77,3): error TS2582: Cannot find name 'it'. Do you need to install type definitions for a test runner? Try `npm i --save-dev @types/jest` or `npm i --save-dev @types/mocha`.
[00:40:14.076] src/components/filters/__tests__/SearchBar.test.tsx(79,22): error TS2708: Cannot use namespace 'jest' as a value.
[00:40:14.076] src/components/filters/__tests__/SearchBar.test.tsx(96,5): error TS2304: Cannot find name 'expect'.
[00:40:14.076] src/components/filters/__tests__/SearchBar.test.tsx(99,3): error TS2582: Cannot find name 'it'. Do you need to install type definitions for a test runner? Try `npm i --save-dev @types/jest` or `npm i --save-dev @types/mocha`.
[00:40:14.076] src/components/filters/__tests__/SearchBar.test.tsx(102,5): error TS2304: Cannot find name 'expect'.
[00:40:14.076] src/components/filters/__tests__/SearchBar.test.tsx(105,3): error TS2582: Cannot find name 'it'. Do you need to install type definitions for a test runner? Try `npm i --save-dev @types/jest` or `npm i --save-dev @types/mocha`.
[00:40:14.076] src/components/filters/__tests__/SearchBar.test.tsx(107,22): error TS2708: Cannot use namespace 'jest' as a value.
[00:40:14.076] src/components/filters/__tests__/SearchBar.test.tsx(114,5): error TS2304: Cannot find name 'expect'.
[00:40:14.076] src/components/filters/__tests__/SearchBar.test.tsx(117,3): error TS2582: Cannot find name 'it'. Do you need to install type definitions for a test runner? Try `npm i --save-dev @types/jest` or `npm i --save-dev @types/mocha`.
[00:40:14.077] src/components/filters/__tests__/SearchBar.test.tsx(119,22): error TS2708: Cannot use namespace 'jest' as a value.
[00:40:14.077] src/components/filters/__tests__/SearchBar.test.tsx(126,5): error TS2304: Cannot find name 'expect'.
[00:40:14.077] src/components/filters/__tests__/SearchBar.test.tsx(129,3): error TS2582: Cannot find name 'it'. Do you need to install type definitions for a test runner? Try `npm i --save-dev @types/jest` or `npm i --save-dev @types/mocha`.
[00:40:14.077] src/components/filters/__tests__/SearchBar.test.tsx(143,5): error TS2304: Cannot find name 'expect'.
[00:40:14.077] src/components/filters/__tests__/SearchBar.test.tsx(148,7): error TS2304: Cannot find name 'expect'.
[00:40:14.077] src/components/filters/__tests__/SearchBar.test.tsx(152,3): error TS2582: Cannot find name 'it'. Do you need to install type definitions for a test runner? Try `npm i --save-dev @types/jest` or `npm i --save-dev @types/mocha`.
[00:40:14.077] src/components/filters/__tests__/SearchBar.test.tsx(153,22): error TS2708: Cannot use namespace 'jest' as a value.
[00:40:14.077] src/components/filters/__tests__/SearchBar.test.tsx(166,7): error TS2304: Cannot find name 'expect'.
[00:40:14.077] src/components/filters/__tests__/SearchBar.test.tsx(170,3): error TS2582: Cannot find name 'it'. Do you need to install type definitions for a test runner? Try `npm i --save-dev @types/jest` or `npm i --save-dev @types/mocha`.
[00:40:14.077] src/components/filters/__tests__/SearchBar.test.tsx(174,5): error TS2304: Cannot find name 'expect'.
[00:40:14.078] src/components/filters/__tests__/SearchBar.test.tsx(175,5): error TS2304: Cannot find name 'expect'.
[00:40:14.078] src/components/goals/GoalBreakdownDialog.tsx(30,23): error TS2307: Cannot find module 'sonner' or its corresponding type declarations.
[00:40:14.078] src/components/goals/GoalBreakdownDialog.tsx(32,3): error TS1484: 'BaseGoal' is a type and must be imported using a type-only import when 'verbatimModuleSyntax' is enabled.
[00:40:14.078] src/components/goals/GoalBreakdownDialog.tsx(33,3): error TS1484: 'SixMonthGoal' is a type and must be imported using a type-only import when 'verbatimModuleSyntax' is enabled.
[00:40:14.078] src/components/goals/GoalBreakdownDialog.tsx(34,3): error TS1484: 'MonthlyGoal' is a type and must be imported using a type-only import when 'verbatimModuleSyntax' is enabled.
[00:40:14.078] src/components/goals/GoalBreakdownDialog.tsx(35,3): error TS1484: 'CreateGoalRequest' is a type and must be imported using a type-only import when 'verbatimModuleSyntax' is enabled.
[00:40:14.078] src/components/goals/GoalBreakdownDialog.tsx(38,3): error TS1484: 'BreakdownConfig' is a type and must be imported using a type-only import when 'verbatimModuleSyntax' is enabled.
[00:40:14.078] src/components/goals/GoalBreakdownDialog.tsx(39,3): error TS1484: 'BreakdownResult' is a type and must be imported using a type-only import when 'verbatimModuleSyntax' is enabled.
[00:40:14.078] src/components/goals/GoalBreakdownDialog.tsx(343,49): error TS2339: Property 'start_date' does not exist on type 'CreateGoalRequest'.
[00:40:14.078] src/components/goals/GoalBreakdownDialog.tsx(343,90): error TS2339: Property 'start_date' does not exist on type 'CreateGoalRequest'.
[00:40:14.078] src/components/goals/GoalBreakdownDialog.tsx(348,69): error TS2339: Property 'month_number' does not exist on type 'CreateGoalRequest'.
[00:40:14.078] src/components/goals/GoalBreakdownDialog.tsx(348,102): error TS2339: Property 'week_number' does not exist on type 'CreateGoalRequest'.
[00:40:14.078] src/components/goals/GoalBreakdownDialog.tsx(377,18): error TS2304: Cannot find name 'CardDescription'.
[00:40:14.078] src/components/goals/GoalBreakdownDialog.tsx(379,19): error TS2304: Cannot find name 'CardDescription'.
[00:40:14.078] src/components/goals/GoalCard.tsx(16,10): error TS1484: 'BaseGoal' is a type and must be imported using a type-only import when 'verbatimModuleSyntax' is enabled.
[00:40:14.079] src/components/goals/GoalCard.tsx(16,20): error TS2305: Module '"@/types/goals"' has no exported member 'GoalLevel'.
[00:40:14.079] src/components/goals/GoalCard.tsx(16,31): error TS1484: 'GoalStatus' is a type and must be imported using a type-only import when 'verbatimModuleSyntax' is enabled.
[00:40:14.079] src/components/goals/GoalCard.tsx(16,43): error TS1484: 'GoalCategory' is a type and must be imported using a type-only import when 'verbatimModuleSyntax' is enabled.
[00:40:14.079] src/components/goals/GoalCard.tsx(16,57): error TS1484: 'GoalPriority' is a type and must be imported using a type-only import when 'verbatimModuleSyntax' is enabled.
[00:40:14.079] src/components/goals/GoalCard.tsx(47,30): error TS2344: Type 'GoalCategory' does not satisfy the constraint 'string | number | symbol'.
[00:40:14.079] src/components/goals/GoalCard.tsx(67,10): error TS2678: Type '"in_progress"' is not comparable to type 'GoalStatus'.
[00:40:14.079] src/components/goals/GoalCard.tsx(74,10): error TS2678: Type '"deferred"' is not comparable to type 'GoalStatus'.
[00:40:14.079] src/components/goals/GoalCard.tsx(82,30): error TS2344: Type 'GoalCategory' does not satisfy the constraint 'string | number | symbol'.
[00:40:14.079] src/components/goals/GoalCard.tsx(106,3): error TS2353: Object literal may only specify known properties, and 'in_progress' does not exist in type 'Record<GoalStatus, string>'.
[00:40:14.079] src/components/goals/GoalCard.tsx(134,38): error TS2551: Property 'target_date' does not exist on type 'BaseGoal'. Did you mean 'start_date'?
[00:40:14.079] src/components/goals/GoalCard.tsx(140,38): error TS2551: Property 'target_date' does not exist on type 'BaseGoal'. Did you mean 'start_date'?
[00:40:14.079] src/components/goals/GoalCard.tsx(151,24): error TS2339: Property 'level' does not exist on type 'BaseGoal'.
[00:40:14.079] src/components/goals/GoalCard.tsx(174,51): error TS7053: Element implicitly has an 'any' type because expression of type 'any' can't be used to index type 'Record<GoalCategory, string>'.
[00:40:14.079] src/components/goals/GoalCard.tsx(174,71): error TS2339: Property 'category' does not exist on type 'BaseGoal'.
[00:40:14.079] src/components/goals/GoalCard.tsx(175,18): error TS7053: Element implicitly has an 'any' type because expression of type 'any' can't be used to index type 'Record<GoalCategory, string>'.
[00:40:14.079] src/components/goals/GoalCard.tsx(175,38): error TS2339: Property 'category' does not exist on type 'BaseGoal'.
[00:40:14.079] src/components/goals/GoalCard.tsx(235,36): error TS2551: Property 'target_date' does not exist on type 'BaseGoal'. Did you mean 'start_date'?
[00:40:14.080] src/components/goals/GoalCard.tsx(238,17): error TS2339: Property 'completion_date' does not exist on type 'BaseGoal'.
[00:40:14.080] src/components/goals/GoalCard.tsx(241,42): error TS2339: Property 'completion_date' does not exist on type 'BaseGoal'.
[00:40:14.080] src/components/goals/GoalCard.tsx(323,54): error TS2345: Argument of type '"in_progress"' is not assignable to parameter of type 'GoalStatus'.
[00:40:14.080] src/components/goals/GoalCategorySelector.tsx(3,10): error TS1484: 'BaseGoal' is a type and must be imported using a type-only import when 'verbatimModuleSyntax' is enabled.
[00:40:14.080] src/components/goals/GoalCategorySelector.tsx(3,20): error TS1484: 'GoalCategory' is a type and must be imported using a type-only import when 'verbatimModuleSyntax' is enabled.
[00:40:14.080] src/components/goals/GoalFilters.tsx(3,10): error TS1484: 'GoalStatus' is a type and must be imported using a type-only import when 'verbatimModuleSyntax' is enabled.
[00:40:14.080] src/components/goals/GoalFilters.tsx(3,22): error TS1484: 'GoalPriority' is a type and must be imported using a type-only import when 'verbatimModuleSyntax' is enabled.
[00:40:14.080] src/components/goals/GoalFilters.tsx(3,36): error TS1484: 'GoalType' is a type and must be imported using a type-only import when 'verbatimModuleSyntax' is enabled.
[00:40:14.081] src/components/goals/GoalFilters.tsx(4,10): error TS1484: 'AdvancedGoalFilters' is a type and must be imported using a type-only import when 'verbatimModuleSyntax' is enabled.
[00:40:14.081] src/components/goals/GoalForm.tsx(2,25): error TS2307: Cannot find module 'react-hook-form' or its corresponding type declarations.
[00:40:14.081] src/components/goals/GoalForm.tsx(3,29): error TS2307: Cannot find module '@hookform/resolvers/zod' or its corresponding type declarations.
[00:40:14.081] src/components/goals/GoalForm.tsx(29,8): error TS2307: Cannot find module '@/components/ui/form' or its corresponding type declarations.
[00:40:14.081] src/components/goals/GoalForm.tsx(30,26): error TS2307: Cannot find module '@/components/ui/calendar' or its corresponding type declarations.
[00:40:14.081] src/components/goals/GoalForm.tsx(35,8): error TS2307: Cannot find module '@/components/ui/popover' or its corresponding type declarations.
[00:40:14.081] src/components/goals/GoalForm.tsx(40,23): error TS2307: Cannot find module 'sonner' or its corresponding type declarations.
[00:40:14.081] src/components/goals/GoalForm.tsx(42,3): error TS1484: 'BaseGoal' is a type and must be imported using a type-only import when 'verbatimModuleSyntax' is enabled.
[00:40:14.081] src/components/goals/GoalForm.tsx(43,3): error TS1484: 'GoalType' is a type and must be imported using a type-only import when 'verbatimModuleSyntax' is enabled.
[00:40:14.082] src/components/goals/GoalForm.tsx(44,3): error TS1484: 'GoalStatus' is a type and must be imported using a type-only import when 'verbatimModuleSyntax' is enabled.
[00:40:14.082] src/components/goals/GoalForm.tsx(45,3): error TS1484: 'GoalPriority' is a type and must be imported using a type-only import when 'verbatimModuleSyntax' is enabled.
[00:40:14.082] src/components/goals/GoalForm.tsx(46,3): error TS1484: 'CreateGoalRequest' is a type and must be imported using a type-only import when 'verbatimModuleSyntax' is enabled.
[00:40:14.082] src/components/goals/GoalForm.tsx(47,3): error TS1484: 'UpdateGoalRequest' is a type and must be imported using a type-only import when 'verbatimModuleSyntax' is enabled.
[00:40:14.082] src/components/goals/GoalForm.tsx(113,29): error TS7006: Parameter 'g' implicitly has an 'any' type.
[00:40:14.082] src/components/goals/GoalForm.tsx(115,29): error TS7006: Parameter 'g' implicitly has an 'any' type.
[00:40:14.082] src/components/goals/GoalForm.tsx(136,27): error TS2339: Property 'week_number' does not exist on type 'BaseGoal'.
[00:40:14.082] src/components/goals/GoalForm.tsx(137,28): error TS2339: Property 'month_number' does not exist on type 'BaseGoal'.
[00:40:14.082] src/components/goals/GoalForm.tsx(138,35): error TS2339: Property 'evaluation_criteria' does not exist on type 'BaseGoal'.
[00:40:14.082] src/components/goals/GoalForm.tsx(201,28): error TS7031: Binding element 'field' implicitly has an 'any' type.
[00:40:14.082] src/components/goals/GoalForm.tsx(215,28): error TS7031: Binding element 'field' implicitly has an 'any' type.
[00:40:14.082] src/components/goals/GoalForm.tsx(242,28): error TS7031: Binding element 'field' implicitly has an 'any' type.
[00:40:14.082] src/components/goals/GoalForm.tsx(267,26): error TS7031: Binding element 'field' implicitly has an 'any' type.
[00:40:14.082] src/components/goals/GoalForm.tsx(287,28): error TS7031: Binding element 'field' implicitly has an 'any' type.
[00:40:14.082] src/components/goals/GoalForm.tsx(313,30): error TS7031: Binding element 'field' implicitly has an 'any' type.
[00:40:14.082] src/components/goals/GoalForm.tsx(323,54): error TS7006: Parameter 'parentGoal' implicitly has an 'any' type.
[00:40:14.082] src/components/goals/GoalForm.tsx(342,28): error TS7031: Binding element 'field' implicitly has an 'any' type.
[00:40:14.082] src/components/goals/GoalForm.tsx(369,38): error TS7006: Parameter 'date' implicitly has an 'any' type.
[00:40:14.082] src/components/goals/GoalForm.tsx(382,28): error TS7031: Binding element 'field' implicitly has an 'any' type.
[00:40:14.082] src/components/goals/GoalForm.tsx(409,38): error TS7006: Parameter 'date' implicitly has an 'any' type.
[00:40:14.082] src/components/goals/GoalForm.tsx(425,28): error TS7031: Binding element 'field' implicitly has an 'any' type.
[00:40:14.082] src/components/goals/GoalForm.tsx(446,30): error TS7031: Binding element 'field' implicitly has an 'any' type.
[00:40:14.082] src/components/goals/GoalForm.tsx(468,30): error TS7031: Binding element 'field' implicitly has an 'any' type.
[00:40:14.082] src/components/goals/GoalForm.tsx(492,28): error TS7031: Binding element 'field' implicitly has an 'any' type.
[00:40:14.082] src/components/goals/GoalHierarchyTree.tsx(3,10): error TS1484: 'BaseGoal' is a type and must be imported using a type-only import when 'verbatimModuleSyntax' is enabled.
[00:40:14.082] src/components/goals/GoalHierarchyTree.tsx(3,20): error TS1484: 'GoalTreeNode' is a type and must be imported using a type-only import when 'verbatimModuleSyntax' is enabled.
[00:40:14.082] src/components/goals/GoalHierarchyTree.tsx(3,34): error TS2305: Module '"@/types/goals"' has no exported member 'GoalLevel'.
[00:40:14.082] src/components/goals/GoalHierarchyTree.tsx(47,17): error TS2339: Property 'level' does not exist on type 'BaseGoal'.
[00:40:14.082] src/components/goals/GoalHierarchyTree.tsx(47,29): error TS2339: Property 'level' does not exist on type 'BaseGoal'.
[00:40:14.082] src/components/goals/GoalHierarchyTree.tsx(48,33): error TS2339: Property 'level' does not exist on type 'BaseGoal'.
[00:40:14.082] src/components/goals/GoalHierarchyTree.tsx(48,55): error TS2339: Property 'level' does not exist on type 'BaseGoal'.
[00:40:14.082] src/components/goals/GoalHierarchyTree.tsx(109,50): error TS2339: Property 'level' does not exist on type 'BaseGoal'.
[00:40:14.082] src/components/goals/GoalHierarchyTree.tsx(147,40): error TS2339: Property 'level' does not exist on type 'BaseGoal'.
[00:40:14.082] src/components/goals/GoalHierarchyTree.tsx(148,38): error TS2339: Property 'level' does not exist on type 'BaseGoal'.
[00:40:14.082] src/components/goals/GoalHierarchyTree.tsx(149,37): error TS2339: Property 'level' does not exist on type 'BaseGoal'.
[00:40:14.082] src/components/goals/GoalHierarchyTree.tsx(153,40): error TS2367: This comparison appears to be unintentional because the types 'GoalStatus' and '"in_progress"' have no overlap.
[00:40:14.082] src/components/goals/GoalHierarchyTree.tsx(157,37): error TS2367: This comparison appears to be unintentional because the types 'GoalStatus' and '"deferred"' have no overlap.
[00:40:14.083] src/components/goals/GoalStatusBadge.tsx(13,10): error TS1484: 'GoalStatus' is a type and must be imported using a type-only import when 'verbatimModuleSyntax' is enabled.
[00:40:14.083] src/components/goals/GoalTagSelector.tsx(3,10): error TS1484: 'BaseGoal' is a type and must be imported using a type-only import when 'verbatimModuleSyntax' is enabled.
[00:40:14.083] src/components/patients/PatientAccessControl.tsx(1,10): error TS1484: 'ReactNode' is a type and must be imported using a type-only import when 'verbatimModuleSyntax' is enabled.
[00:40:14.083] src/components/patients/PatientAccessControl.tsx(4,25): error TS2307: Cannot find module '@/hooks/useAuth' or its corresponding type declarations.
[00:40:14.083] src/components/patients/PatientAccessControl.tsx(17,30): error TS2344: Type '{ assigned_at: string; role_id: string; user_id: string; }' does not satisfy the constraint 'string | number | symbol'.
[00:40:14.083] src/components/patients/PatientAccessControl.tsx(28,32): error TS2344: Type '{ assigned_at: string; role_id: string; user_id: string; }' does not satisfy the constraint 'string | number | symbol'.
[00:40:14.083] src/components/patients/PatientAccessControl.tsx(91,44): error TS2538: Type '{ assigned_at: string; role_id: string; user_id: string; }' cannot be used as an index type.
[00:40:14.083] src/components/patients/PatientAccessControl.tsx(97,44): error TS2538: Type '{ assigned_at: string; role_id: string; user_id: string; }' cannot be used as an index type.
[00:40:14.083] src/components/patients/PatientAccessControl.tsx(98,48): error TS2538: Type '{ assigned_at: string; role_id: string; user_id: string; }' cannot be used as an index type.
[00:40:14.083] src/components/patients/PatientAccessControl.tsx(139,20): error TS2367: This comparison appears to be unintentional because the types '{ assigned_at: string; role_id: string; user_id: string; }' and 'string' have no overlap.
[00:40:14.083] src/components/patients/PatientAccessControl.tsx(167,44): error TS2538: Type '{ assigned_at: string; role_id: string; user_id: string; }' cannot be used as an index type.
[00:40:14.083] src/components/patients/PatientAccessControl.tsx(168,48): error TS2538: Type '{ assigned_at: string; role_id: string; user_id: string; }' cannot be used as an index type.
[00:40:14.083] src/components/patients/PatientAccessControl.tsx(177,46): error TS2538: Type '{ assigned_at: string; role_id: string; user_id: string; }' cannot be used as an index type.
[00:40:14.083] src/components/patients/PatientAccessControl.tsx(192,9): error TS2367: This comparison appears to be unintentional because the types '{ assigned_at: string; role_id: string; user_id: string; }' and 'string' have no overlap.
[00:40:14.083] src/components/patients/PatientAccessControl.tsx(206,9): error TS2367: This comparison appears to be unintentional because the types '{ assigned_at: string; role_id: string; user_id: string; }' and 'string' have no overlap.
[00:40:14.083] src/components/patients/PatientAccessControl.tsx(240,39): error TS2538: Type '{ assigned_at: string; role_id: string; user_id: string; }' cannot be used as an index type.
[00:40:14.083] src/components/patients/PatientAccessControl.tsx(247,42): error TS2322: Type 'string' is not assignable to type '{ assigned_at: string; role_id: string; user_id: string; }'.
[00:40:14.083] src/components/patients/PatientAccessControl.tsx(247,57): error TS2322: Type 'string' is not assignable to type '{ assigned_at: string; role_id: string; user_id: string; }'.
[00:40:14.083] src/components/patients/PatientAccessControl.tsx(255,42): error TS2322: Type 'string' is not assignable to type '{ assigned_at: string; role_id: string; user_id: string; }'.
[00:40:14.083] src/components/patients/PatientAccessControl.tsx(255,57): error TS2322: Type 'string' is not assignable to type '{ assigned_at: string; role_id: string; user_id: string; }'.
[00:40:14.083] src/components/patients/PatientAccessControl.tsx(255,66): error TS2322: Type 'string' is not assignable to type '{ assigned_at: string; role_id: string; user_id: string; }'.
[00:40:14.083] src/components/patients/PatientAccessControl.tsx(263,42): error TS2322: Type 'string' is not assignable to type '{ assigned_at: string; role_id: string; user_id: string; }'.
[00:40:14.083] src/components/patients/PatientAccessControl.tsx(263,57): error TS2322: Type 'string' is not assignable to type '{ assigned_at: string; role_id: string; user_id: string; }'.
[00:40:14.083] src/components/patients/PatientAccessControl.tsx(263,66): error TS2322: Type 'string' is not assignable to type '{ assigned_at: string; role_id: string; user_id: string; }'.
[00:40:14.083] src/components/patients/PatientAccessControl.tsx(263,83): error TS2322: Type 'string' is not assignable to type '{ assigned_at: string; role_id: string; user_id: string; }'.
[00:40:14.083] src/components/patients/PatientAccessControl.tsx(263,96): error TS2322: Type 'string' is not assignable to type '{ assigned_at: string; role_id: string; user_id: string; }'.
[00:40:14.083] src/components/patients/PatientDetail.tsx(246,61): error TS7006: Parameter 'allergy' implicitly has an 'any' type.
[00:40:14.083] src/components/patients/PatientDetail.tsx(246,70): error TS7006: Parameter 'index' implicitly has an 'any' type.
[00:40:14.083] src/components/patients/PatientDetail.tsx(262,63): error TS7006: Parameter 'medication' implicitly has an 'any' type.
[00:40:14.083] src/components/patients/PatientDetail.tsx(262,75): error TS7006: Parameter 'index' implicitly has an 'any' type.
[00:40:14.083] src/components/patients/PatientEditForm.tsx(2,25): error TS2307: Cannot find module 'react-hook-form' or its corresponding type declarations.
[00:40:14.083] src/components/patients/PatientEditForm.tsx(3,29): error TS2307: Cannot find module '@hookform/resolvers/zod' or its corresponding type declarations.
[00:40:14.083] src/components/patients/PatientEditForm.tsx(68,22): error TS2339: Property 'phone' does not exist on type '{ additional_info: Json; admission_date: string | null; contact_info: Json; created_at: string; date_of_birth: string | null; full_name: string; gender: string | null; id: string; ... 4 more ...; user_id: string | null; }'.
[00:40:14.083] src/components/patients/PatientEditForm.tsx(69,22): error TS2339: Property 'email' does not exist on type '{ additional_info: Json; admission_date: string | null; contact_info: Json; created_at: string; date_of_birth: string | null; full_name: string; gender: string | null; id: string; ... 4 more ...; user_id: string | null; }'.
[00:40:14.083] src/components/patients/PatientEditForm.tsx(70,24): error TS2339: Property 'address' does not exist on type '{ additional_info: Json; admission_date: string | null; contact_info: Json; created_at: string; date_of_birth: string | null; full_name: string; gender: string | null; id: string; ... 4 more ...; user_id: string | null; }'.
[00:40:14.083] src/components/patients/PatientEditForm.tsx(71,39): error TS2339: Property 'emergency_contact_name' does not exist on type '{ additional_info: Json; admission_date: string | null; contact_info: Json; created_at: string; date_of_birth: string | null; full_name: string; gender: string | null; id: string; ... 4 more ...; user_id: string | null; }'.
[00:40:14.083] src/components/patients/PatientEditForm.tsx(72,40): error TS2339: Property 'emergency_contact_phone' does not exist on type '{ additional_info: Json; admission_date: string | null; contact_info: Json; created_at: string; date_of_birth: string | null; full_name: string; gender: string | null; id: string; ... 4 more ...; user_id: string | null; }'.
[00:40:14.083] src/components/patients/PatientEditForm.tsx(73,47): error TS2339: Property 'emergency_contact_relationship' does not exist on type '{ additional_info: Json; admission_date: string | null; contact_info: Json; created_at: string; date_of_birth: string | null; full_name: string; gender: string | null; id: string; ... 4 more ...; user_id: string | null; }'.
[00:40:14.083] src/components/patients/PatientEditForm.tsx(74,32): error TS2339: Property 'medical_history' does not exist on type '{ additional_info: Json; admission_date: string | null; contact_info: Json; created_at: string; date_of_birth: string | null; full_name: string; gender: string | null; id: string; ... 4 more ...; user_id: string | null; }'.
[00:40:14.084] src/components/patients/PatientEditForm.tsx(75,26): error TS2339: Property 'allergies' does not exist on type '{ additional_info: Json; admission_date: string | null; contact_info: Json; created_at: string; date_of_birth: string | null; full_name: string; gender: string | null; id: string; ... 4 more ...; user_id: string | null; }'.
[00:40:14.084] src/components/patients/PatientEditForm.tsx(76,28): error TS2339: Property 'medications' does not exist on type '{ additional_info: Json; admission_date: string | null; contact_info: Json; created_at: string; date_of_birth: string | null; full_name: string; gender: string | null; id: string; ... 4 more ...; user_id: string | null; }'.
[00:40:14.084] src/components/patients/PatientEditForm.tsx(77,37): error TS2339: Property 'special_requirements' does not exist on type '{ additional_info: Json; admission_date: string | null; contact_info: Json; created_at: string; date_of_birth: string | null; full_name: string; gender: string | null; id: string; ... 4 more ...; user_id: string | null; }'.
[00:40:14.084] src/components/patients/PatientEditForm.tsx(78,22): error TS2339: Property 'notes' does not exist on type '{ additional_info: Json; admission_date: string | null; contact_info: Json; created_at: string; date_of_birth: string | null; full_name: string; gender: string | null; id: string; ... 4 more ...; user_id: string | null; }'.
[00:40:14.084] src/components/patients/PatientEditForm.tsx(84,17): error TS2339: Property 'allergies' does not exist on type '{ additional_info: Json; admission_date: string | null; contact_info: Json; created_at: string; date_of_birth: string | null; full_name: string; gender: string | null; id: string; ... 4 more ...; user_id: string | null; }'.
[00:40:14.084] src/components/patients/PatientEditForm.tsx(85,33): error TS2339: Property 'allergies' does not exist on type '{ additional_info: Json; admission_date: string | null; contact_info: Json; created_at: string; date_of_birth: string | null; full_name: string; gender: string | null; id: string; ... 4 more ...; user_id: string | null; }'.
[00:40:14.084] src/components/patients/PatientEditForm.tsx(87,17): error TS2339: Property 'medications' does not exist on type '{ additional_info: Json; admission_date: string | null; contact_info: Json; created_at: string; date_of_birth: string | null; full_name: string; gender: string | null; id: string; ... 4 more ...; user_id: string | null; }'.
[00:40:14.084] src/components/patients/PatientEditForm.tsx(88,35): error TS2339: Property 'medications' does not exist on type '{ additional_info: Json; admission_date: string | null; contact_info: Json; created_at: string; date_of_birth: string | null; full_name: string; gender: string | null; id: string; ... 4 more ...; user_id: string | null; }'.
[00:40:14.084] src/components/patients/PatientList.tsx(122,15): error TS2322: Type '{ children: Element[]; value: string; onChange: (e: any) => void; className: string; }' is not assignable to type 'IntrinsicAttributes & SelectSharedProps & { value?: string | undefined; defaultValue?: string | undefined; onValueChange?(value: string): void; }'.
[00:40:14.084]   Property 'onChange' does not exist on type 'IntrinsicAttributes & SelectSharedProps & { value?: string | undefined; defaultValue?: string | undefined; onValueChange?(value: string): void; }'.
[00:40:14.084] src/components/patients/PatientList.tsx(122,26): error TS7006: Parameter 'e' implicitly has an 'any' type.
[00:40:14.084] src/components/patients/PatientList.tsx(136,15): error TS2322: Type '{ children: Element[]; value: string; onChange: (e: any) => void; className: string; }' is not assignable to type 'IntrinsicAttributes & SelectSharedProps & { value?: string | undefined; defaultValue?: string | undefined; onValueChange?(value: string): void; }'.
[00:40:14.084]   Property 'onChange' does not exist on type 'IntrinsicAttributes & SelectSharedProps & { value?: string | undefined; defaultValue?: string | undefined; onValueChange?(value: string): void; }'.
[00:40:14.084] src/components/patients/PatientList.tsx(136,26): error TS7006: Parameter 'e' implicitly has an 'any' type.
[00:40:14.084] src/components/patients/PatientRegistrationForm.tsx(211,17): error TS2322: Type '{ children: Element[]; id: string; value: string; onChange: (e: any) => void; className: string; }' is not assignable to type 'IntrinsicAttributes & SelectSharedProps & { value?: string | undefined; defaultValue?: string | undefined; onValueChange?(value: string): void; }'.
[00:40:14.084]   Property 'id' does not exist on type 'IntrinsicAttributes & SelectSharedProps & { value?: string | undefined; defaultValue?: string | undefined; onValueChange?(value: string): void; }'.
[00:40:14.084] src/components/patients/PatientRegistrationForm.tsx(213,28): error TS7006: Parameter 'e' implicitly has an 'any' type.
[00:40:14.084] src/components/patients/PatientStatusManager.tsx(122,17): error TS2339: Property 'discharge_date' does not exist on type '{ additional_info: Json; admission_date: string | null; contact_info: Json; created_at: string; date_of_birth: string | null; full_name: string; gender: string | null; id: string; ... 4 more ...; user_id: string | null; }'.
[00:40:14.084] src/components/patients/PatientStatusManager.tsx(125,23): error TS2339: Property 'discharge_date' does not exist on type '{ additional_info: Json; admission_date: string | null; contact_info: Json; created_at: string; date_of_birth: string | null; full_name: string; gender: string | null; id: string; ... 4 more ...; user_id: string | null; }'.
[00:40:14.084] src/components/patients/PatientStatusManager.tsx(126,23): error TS2339: Property 'status_notes' does not exist on type '{ additional_info: Json; admission_date: string | null; contact_info: Json; created_at: string; date_of_birth: string | null; full_name: string; gender: string | null; id: string; ... 4 more ...; user_id: string | null; }'.
[00:40:14.084] src/components/patients/PatientStatusManager.tsx(158,24): error TS2339: Property 'discharge_date' does not exist on type '{ additional_info: Json; admission_date: string | null; contact_info: Json; created_at: string; date_of_birth: string | null; full_name: string; gender: string | null; id: string; ... 4 more ...; user_id: string | null; }'.
[00:40:14.084] src/components/patients/PatientStatusManager.tsx(159,47): error TS2339: Property 'discharge_date' does not exist on type '{ additional_info: Json; admission_date: string | null; contact_info: Json; created_at: string; date_of_birth: string | null; full_name: string; gender: string | null; id: string; ... 4 more ...; user_id: string | null; }'.
[00:40:14.084] src/components/patients/PatientStatusManager.tsx(163,20): error TS2339: Property 'status_notes' does not exist on type '{ additional_info: Json; admission_date: string | null; contact_info: Json; created_at: string; date_of_birth: string | null; full_name: string; gender: string | null; id: string; ... 4 more ...; user_id: string | null; }'.
[00:40:14.084] src/components/patients/PatientStatusManager.tsx(169,65): error TS2339: Property 'status_notes' does not exist on type '{ additional_info: Json; admission_date: string | null; contact_info: Json; created_at: string; date_of_birth: string | null; full_name: string; gender: string | null; id: string; ... 4 more ...; user_id: string | null; }'.
[00:40:14.084] src/components/patients/SocialWorkerAssignment.tsx(31,8): error TS2339: Property 'id' does not exist on type '{ contact_number: string | null; created_at: string; department: string | null; employee_id: string | null; full_name: string; is_active: boolean; updated_at: string; user_id: string; }'.
[00:40:14.084] src/components/patients/SocialWorkerAssignment.tsx(59,44): error TS2339: Property 'id' does not exist on type '{ contact_number: string | null; created_at: string; department: string | null; employee_id: string | null; full_name: string; is_active: boolean; updated_at: string; user_id: string; }'.
[00:40:14.084] src/components/patients/SocialWorkerAssignment.tsx(86,78): error TS2339: Property 'email' does not exist on type '{ contact_number: string | null; created_at: string; department: string | null; employee_id: string | null; full_name: string; is_active: boolean; updated_at: string; user_id: string; }'.
[00:40:14.084] src/components/patients/SocialWorkerAssignment.tsx(87,40): error TS2339: Property 'specializations' does not exist on type '{ contact_number: string | null; created_at: string; department: string | null; employee_id: string | null; full_name: string; is_active: boolean; updated_at: string; user_id: string; }'.
[00:40:14.084] src/components/patients/SocialWorkerAssignment.tsx(87,79): error TS2339: Property 'specializations' does not exist on type '{ contact_number: string | null; created_at: string; department: string | null; employee_id: string | null; full_name: string; is_active: boolean; updated_at: string; user_id: string; }'.
[00:40:14.084] src/components/patients/SocialWorkerAssignment.tsx(89,44): error TS2339: Property 'specializations' does not exist on type '{ contact_number: string | null; created_at: string; department: string | null; employee_id: string | null; full_name: string; is_active: boolean; updated_at: string; user_id: string; }'.
[00:40:14.084] src/components/patients/SocialWorkerAssignment.tsx(89,65): error TS7006: Parameter 'spec' implicitly has an 'any' type.
[00:40:14.084] src/components/patients/SocialWorkerAssignment.tsx(142,29): error TS2339: Property 'id' does not exist on type '{ contact_number: string | null; created_at: string; department: string | null; employee_id: string | null; full_name: string; is_active: boolean; updated_at: string; user_id: string; }'.
[00:40:14.084] src/components/patients/SocialWorkerAssignment.tsx(150,71): error TS2339: Property 'workload' does not exist on type '{ contact_number: string | null; created_at: string; department: string | null; employee_id: string | null; full_name: string; is_active: boolean; updated_at: string; user_id: string; }'.
[00:40:14.084] src/components/patients/SocialWorkerAssignment.tsx(188,41): error TS2339: Property 'id' does not exist on type '{ contact_number: string | null; created_at: string; department: string | null; employee_id: string | null; full_name: string; is_active: boolean; updated_at: string; user_id: string; }'.
[00:40:14.084] src/components/patients/SocialWorkerAssignment.tsx(188,55): error TS2339: Property 'id' does not exist on type '{ contact_number: string | null; created_at: string; department: string | null; employee_id: string | null; full_name: string; is_active: boolean; updated_at: string; user_id: string; }'.
[00:40:14.085] src/components/patients/SocialWorkerAssignment.tsx(191,70): error TS2339: Property 'workload' does not exist on type '{ contact_number: string | null; created_at: string; department: string | null; employee_id: string | null; full_name: string; is_active: boolean; updated_at: string; user_id: string; }'.
[00:40:14.085] src/components/patients/SocialWorkerAssignment.tsx(192,29): error TS2339: Property 'specializations' does not exist on type '{ contact_number: string | null; created_at: string; department: string | null; employee_id: string | null; full_name: string; is_active: boolean; updated_at: string; user_id: string; }'.
[00:40:14.085] src/components/patients/SocialWorkerAssignment.tsx(192,51): error TS2339: Property 'specializations' does not exist on type '{ contact_number: string | null; created_at: string; department: string | null; employee_id: string | null; full_name: string; is_active: boolean; updated_at: string; user_id: string; }'.
[00:40:14.085] src/components/patients/SocialWorkerAssignment.tsx(194,33): error TS2339: Property 'specializations' does not exist on type '{ contact_number: string | null; created_at: string; department: string | null; employee_id: string | null; full_name: string; is_active: boolean; updated_at: string; user_id: string; }'.
[00:40:14.085] src/components/patients/SocialWorkerAssignment.tsx(194,66): error TS7006: Parameter 'spec' implicitly has an 'any' type.
[00:40:14.085] src/components/patients/index.ts(2,41): error TS2307: Cannot find module './PatientRegistrationPage' or its corresponding type declarations.
[00:40:14.085] src/components/patients/index.ts(4,33): error TS2307: Cannot find module './PatientListPage' or its corresponding type declarations.
[00:40:14.085] src/components/patients/index.ts(6,35): error TS2307: Cannot find module './PatientDetailPage' or its corresponding type declarations.
[00:40:14.085] src/components/patients/index.ts(11,10): error TS2305: Module '"./SocialWorkerList"' has no exported member 'SocialWorkerList'.
[00:40:14.085] src/components/service-records/ServiceRecordDetail.tsx(16,3): error TS2724: '"lucide-react"' has no exported member named 'Print'. Did you mean 'Pin'?
[00:40:14.085] src/components/service-records/ServiceRecordDetail.tsx(47,19): error TS2339: Property 'is_group_session' does not exist on type 'ServiceRecordWithDetails'.
[00:40:14.085] src/components/service-records/ServiceRecordDetail.tsx(50,24): error TS2339: Property 'participants_count' does not exist on type 'ServiceRecordWithDetails'.
[00:40:14.085] src/components/service-records/ServiceRecordDetail.tsx(69,41): error TS2339: Property 'service_date_time' does not exist on type 'ServiceRecordWithDetails'.
[00:40:14.085] src/components/service-records/ServiceRecordDetail.tsx(134,53): error TS2339: Property 'service_category' does not exist on type 'ServiceRecordWithDetails'.
[00:40:14.085] src/components/service-records/ServiceRecordDetail.tsx(140,46): error TS2339: Property 'duration_minutes' does not exist on type 'ServiceRecordWithDetails'.
[00:40:14.085] src/components/service-records/ServiceRecordDetail.tsx(146,46): error TS2339: Property 'location' does not exist on type 'ServiceRecordWithDetails'.
[00:40:14.085] src/components/service-records/ServiceRecordDetail.tsx(168,23): error TS2339: Property 'objectives' does not exist on type 'ServiceRecordWithDetails'.
[00:40:14.085] src/components/service-records/ServiceRecordDetail.tsx(175,78): error TS2339: Property 'objectives' does not exist on type 'ServiceRecordWithDetails'.
[00:40:14.085] src/components/service-records/ServiceRecordDetail.tsx(180,23): error TS2339: Property 'session_notes' does not exist on type 'ServiceRecordWithDetails'.
[00:40:14.085] src/components/service-records/ServiceRecordDetail.tsx(187,78): error TS2339: Property 'session_notes' does not exist on type 'ServiceRecordWithDetails'.
[00:40:14.085] src/components/service-records/ServiceRecordDetail.tsx(192,23): error TS2339: Property 'outcomes' does not exist on type 'ServiceRecordWithDetails'.
[00:40:14.085] src/components/service-records/ServiceRecordDetail.tsx(199,78): error TS2339: Property 'outcomes' does not exist on type 'ServiceRecordWithDetails'.
[00:40:14.085] src/components/service-records/ServiceRecordDetail.tsx(204,23): error TS2339: Property 'next_steps' does not exist on type 'ServiceRecordWithDetails'.
[00:40:14.085] src/components/service-records/ServiceRecordDetail.tsx(211,78): error TS2339: Property 'next_steps' does not exist on type 'ServiceRecordWithDetails'.
[00:40:14.085] src/components/service-records/ServiceRecordDetail.tsx(216,24): error TS2339: Property 'objectives' does not exist on type 'ServiceRecordWithDetails'.
[00:40:14.085] src/components/service-records/ServiceRecordDetail.tsx(216,46): error TS2339: Property 'session_notes' does not exist on type 'ServiceRecordWithDetails'.
[00:40:14.085] src/components/service-records/ServiceRecordDetail.tsx(216,71): error TS2339: Property 'outcomes' does not exist on type 'ServiceRecordWithDetails'.
[00:40:14.085] src/components/service-records/ServiceRecordDetail.tsx(216,91): error TS2339: Property 'next_steps' does not exist on type 'ServiceRecordWithDetails'.
[00:40:14.085] src/components/service-records/ServiceRecordDetail.tsx(226,19): error TS2339: Property 'follow_up_needed' does not exist on type 'ServiceRecordWithDetails'.
[00:40:14.085] src/components/service-records/ServiceRecordDetail.tsx(239,29): error TS2339: Property 'follow_up_date' does not exist on type 'ServiceRecordWithDetails'.
[00:40:14.085] src/components/service-records/ServiceRecordDetail.tsx(241,54): error TS2339: Property 'follow_up_date' does not exist on type 'ServiceRecordWithDetails'.
[00:40:14.086] src/components/service-records/ServiceRecordDetail.tsx(321,39): error TS2339: Property 'department' does not exist on type '{ full_name: string; employee_id?: string | undefined; }'.
[00:40:14.086] src/components/service-records/ServiceRecordDetail.tsx(324,85): error TS2339: Property 'department' does not exist on type '{ full_name: string; employee_id?: string | undefined; }'.
[00:40:14.086] src/components/service-records/ServiceRecordDetail.tsx(327,39): error TS2339: Property 'contact_number' does not exist on type '{ full_name: string; employee_id?: string | undefined; }'.
[00:40:14.086] src/components/service-records/ServiceRecordDetail.tsx(330,85): error TS2339: Property 'contact_number' does not exist on type '{ full_name: string; employee_id?: string | undefined; }'.
[00:40:14.086] src/components/service-records/ServiceRecordDetail.tsx(346,27): error TS2339: Property 'created_at' does not exist on type 'ServiceRecordWithDetails'.
[00:40:14.086] src/components/service-records/ServiceRecordDetail.tsx(346,64): error TS2339: Property 'created_at' does not exist on type 'ServiceRecordWithDetails'.
[00:40:14.086] src/components/service-records/ServiceRecordDetail.tsx(352,27): error TS2339: Property 'updated_at' does not exist on type 'ServiceRecordWithDetails'.
[00:40:14.086] src/components/service-records/ServiceRecordDetail.tsx(352,64): error TS2339: Property 'updated_at' does not exist on type 'ServiceRecordWithDetails'.
[00:40:14.086] src/components/service-records/ServiceRecordForm.tsx(2,25): error TS2307: Cannot find module 'react-hook-form' or its corresponding type declarations.
[00:40:14.086] src/components/service-records/ServiceRecordForm.tsx(3,29): error TS2307: Cannot find module '@hookform/resolvers/zod' or its corresponding type declarations.
[00:40:14.087] src/components/service-records/ServiceRecordForm.tsx(102,34): error TS2551: Property 'patient_id' does not exist on type 'ServiceRecordWithDetails'. Did you mean 'patient'?
[00:40:14.087] src/components/service-records/ServiceRecordForm.tsx(103,40): error TS2551: Property 'social_worker_id' does not exist on type 'ServiceRecordWithDetails'. Did you mean 'social_worker'?
[00:40:14.087] src/components/service-records/ServiceRecordForm.tsx(105,40): error TS2339: Property 'service_category' does not exist on type 'ServiceRecordWithDetails'.
[00:40:14.087] src/components/service-records/ServiceRecordForm.tsx(106,41): error TS2339: Property 'service_date_time' does not exist on type 'ServiceRecordWithDetails'.
[00:40:14.087] src/components/service-records/ServiceRecordForm.tsx(107,40): error TS2339: Property 'duration_minutes' does not exist on type 'ServiceRecordWithDetails'.
[00:40:14.107] src/components/service-records/ServiceRecordForm.tsx(108,32): error TS2339: Property 'location' does not exist on type 'ServiceRecordWithDetails'.
[00:40:14.107] src/components/service-records/ServiceRecordForm.tsx(109,40): error TS2339: Property 'is_group_session' does not exist on type 'ServiceRecordWithDetails'.
[00:40:14.108] src/components/service-records/ServiceRecordForm.tsx(110,42): error TS2339: Property 'participants_count' does not exist on type 'ServiceRecordWithDetails'.
[00:40:14.108] src/components/service-records/ServiceRecordForm.tsx(111,37): error TS2339: Property 'session_notes' does not exist on type 'ServiceRecordWithDetails'.
[00:40:14.108] src/components/service-records/ServiceRecordForm.tsx(112,34): error TS2339: Property 'objectives' does not exist on type 'ServiceRecordWithDetails'.
[00:40:14.108] src/components/service-records/ServiceRecordForm.tsx(113,32): error TS2339: Property 'outcomes' does not exist on type 'ServiceRecordWithDetails'.
[00:40:14.108] src/components/service-records/ServiceRecordForm.tsx(114,34): error TS2339: Property 'next_steps' does not exist on type 'ServiceRecordWithDetails'.
[00:40:14.108] src/components/service-records/ServiceRecordForm.tsx(115,40): error TS2339: Property 'follow_up_needed' does not exist on type 'ServiceRecordWithDetails'.
[00:40:14.108] src/components/service-records/ServiceRecordForm.tsx(116,38): error TS2339: Property 'follow_up_date' does not exist on type 'ServiceRecordWithDetails'.
[00:40:14.109] src/components/service-records/ServiceRecordsList.tsx(190,19): error TS2339: Property 'is_group_session' does not exist on type 'ServiceRecordWithDetails'.
[00:40:14.109] src/components/service-records/ServiceRecordsList.tsx(193,21): error TS2339: Property 'participants_count' does not exist on type 'ServiceRecordWithDetails'.
[00:40:14.109] src/components/ui/focus-manager.tsx(97,26): error TS2345: Argument of type 'RefObject<HTMLDivElement | null>' is not assignable to parameter of type 'RefObject<HTMLElement>'.
[00:40:14.109]   Type 'HTMLDivElement | null' is not assignable to type 'HTMLElement'.
[00:40:14.109]     Type 'null' is not assignable to type 'HTMLElement'.
[00:40:14.109] src/components/ui/masked-input.tsx(6,3): error TS1484: 'MaskType' is a type and must be imported using a type-only import when 'verbatimModuleSyntax' is enabled.
[00:40:14.109] src/components/ui/masked-input.tsx(7,3): error TS1484: 'FormatOptions' is a type and must be imported using a type-only import when 'verbatimModuleSyntax' is enabled.
[00:40:14.109] src/components/ui/slider.tsx(33,16): error TS2322: Type '{ children: string; jsx: true; }' is not assignable to type 'DetailedHTMLProps<StyleHTMLAttributes<HTMLStyleElement>, HTMLStyleElement>'.
[00:40:14.109]   Property 'jsx' does not exist on type 'DetailedHTMLProps<StyleHTMLAttributes<HTMLStyleElement>, HTMLStyleElement>'.
[00:40:14.109] src/components/ui/toast.tsx(66,9): error TS18048: 'newToast.duration' is possibly 'undefined'.
[00:40:14.109] src/components/ui/validated-input.tsx(2,17): error TS1484: 'InputProps' is a type and must be imported using a type-only import when 'verbatimModuleSyntax' is enabled.
[00:40:14.109] src/components/ui/validated-input.tsx(20,8): error TS2307: Cannot find module '@/components/ui/tooltip' or its corresponding type declarations.
[00:40:14.109] src/components/ui/validated-input.tsx(97,40): error TS2345: Argument of type 'string | number | readonly string[]' is not assignable to parameter of type 'string'.
[00:40:14.109]   Type 'number' is not assignable to type 'string'.
[00:40:14.109] src/config/assessment-forms.ts(20,11): error TS2322: Type '(value: any) => true | "ìµœì†Œ 5ë¶„ ì´ìƒì´ì–´ì•¼ í•©ë‹ˆë‹¤" | "ìµœëŒ€ 180ë¶„ ì´í•˜ë¡œ ìž…ë ¥í•´ì£¼ì„¸ìš”"' is not assignable to type '(value: any, formData: any) => string | null'.
[00:40:14.109]   Type 'true | "ìµœì†Œ 5ë¶„ ì´ìƒì´ì–´ì•¼ í•©ë‹ˆë‹¤" | "ìµœëŒ€ 180ë¶„ ì´í•˜ë¡œ ìž…ë ¥í•´ì£¼ì„¸ìš”"' is not assignable to type 'string | null'.
[00:40:14.109]     Type 'boolean' is not assignable to type 'string'.
[00:40:14.109] src/config/assessment-forms.ts(56,11): error TS2353: Object literal may only specify known properties, and 'maxLength' does not exist in type '{ pattern?: string | undefined; message?: string | undefined; custom?: ((value: any, formData: any) => string | null) | undefined; }'.
[00:40:14.109] src/config/assessment-forms.ts(78,13): error TS2322: Type 'number' is not assignable to type 'string'.
[00:40:14.109] src/config/assessment-forms.ts(79,13): error TS2322: Type 'number' is not assignable to type 'string'.
[00:40:14.109] src/config/assessment-forms.ts(80,13): error TS2322: Type 'number' is not assignable to type 'string'.
[00:40:14.109] src/config/assessment-forms.ts(81,13): error TS2322: Type 'number' is not assignable to type 'string'.
[00:40:14.109] src/config/assessment-forms.ts(82,13): error TS2322: Type 'number' is not assignable to type 'string'.
[00:40:14.109] src/config/assessment-forms.ts(93,13): error TS2322: Type 'number' is not assignable to type 'string'.
[00:40:14.109] src/config/assessment-forms.ts(94,13): error TS2322: Type 'number' is not assignable to type 'string'.
[00:40:14.109] src/config/assessment-forms.ts(95,13): error TS2322: Type 'number' is not assignable to type 'string'.
[00:40:14.109] src/config/assessment-forms.ts(96,13): error TS2322: Type 'number' is not assignable to type 'string'.
[00:40:14.109] src/config/assessment-forms.ts(97,13): error TS2322: Type 'number' is not assignable to type 'string'.
[00:40:14.109] src/config/assessment-forms.ts(108,13): error TS2322: Type 'number' is not assignable to type 'string'.
[00:40:14.109] src/config/assessment-forms.ts(109,13): error TS2322: Type 'number' is not assignable to type 'string'.
[00:40:14.109] src/config/assessment-forms.ts(110,13): error TS2322: Type 'number' is not assignable to type 'string'.
[00:40:14.109] src/config/assessment-forms.ts(111,13): error TS2322: Type 'number' is not assignable to type 'string'.
[00:40:14.109] src/config/assessment-forms.ts(112,13): error TS2322: Type 'number' is not assignable to type 'string'.
[00:40:14.110] src/config/assessment-forms.ts(123,13): error TS2322: Type 'number' is not assignable to type 'string'.
[00:40:14.110] src/config/assessment-forms.ts(124,13): error TS2322: Type 'number' is not assignable to type 'string'.
[00:40:14.110] src/config/assessment-forms.ts(125,13): error TS2322: Type 'number' is not assignable to type 'string'.
[00:40:14.110] src/config/assessment-forms.ts(126,13): error TS2322: Type 'number' is not assignable to type 'string'.
[00:40:14.110] src/config/assessment-forms.ts(127,13): error TS2322: Type 'number' is not assignable to type 'string'.
[00:40:14.110] src/config/assessment-forms.ts(137,11): error TS2353: Object literal may only specify known properties, and 'maxLength' does not exist in type '{ pattern?: string | undefined; message?: string | undefined; custom?: ((value: any, formData: any) => string | null) | undefined; }'.
[00:40:14.110] src/config/assessment-forms.ts(212,11): error TS2353: Object literal may only specify known properties, and 'maxLength' does not exist in type '{ pattern?: string | undefined; message?: string | undefined; custom?: ((value: any, formData: any) => string | null) | undefined; }'.
[00:40:14.110] src/config/assessment-forms.ts(222,11): error TS2353: Object literal may only specify known properties, and 'maxLength' does not exist in type '{ pattern?: string | undefined; message?: string | undefined; custom?: ((value: any, formData: any) => string | null) | undefined; }'.
[00:40:14.110] src/config/assessment-forms.ts(232,11): error TS2353: Object literal may only specify known properties, and 'maxLength' does not exist in type '{ pattern?: string | undefined; message?: string | undefined; custom?: ((value: any, formData: any) => string | null) | undefined; }'.
[00:40:14.110] src/config/assessment-forms.ts(351,13): error TS2322: Type 'number' is not assignable to type 'string'.
[00:40:14.110] src/config/assessment-forms.ts(352,13): error TS2322: Type 'number' is not assignable to type 'string'.
[00:40:14.110] src/config/assessment-forms.ts(353,13): error TS2322: Type 'number' is not assignable to type 'string'.
[00:40:14.110] src/config/assessment-forms.ts(354,13): error TS2322: Type 'number' is not assignable to type 'string'.
[00:40:14.110] src/config/assessment-forms.ts(355,13): error TS2322: Type 'number' is not assignable to type 'string'.
[00:40:14.110] src/config/assessment-forms.ts(365,11): error TS2353: Object literal may only specify known properties, and 'maxLength' does not exist in type '{ pattern?: string | undefined; message?: string | undefined; custom?: ((value: any, formData: any) => string | null) | undefined; }'.
[00:40:14.110] src/config/assessment-forms.ts(439,13): error TS2322: Type 'number' is not assignable to type 'string'.
[00:40:14.110] src/config/assessment-forms.ts(440,13): error TS2322: Type 'number' is not assignable to type 'string'.
[00:40:14.110] src/config/assessment-forms.ts(441,13): error TS2322: Type 'number' is not assignable to type 'string'.
[00:40:14.110] src/config/assessment-forms.ts(442,13): error TS2322: Type 'number' is not assignable to type 'string'.
[00:40:14.110] src/config/assessment-forms.ts(443,13): error TS2322: Type 'number' is not assignable to type 'string'.
[00:40:14.110] src/config/assessment-forms.ts(454,13): error TS2322: Type 'number' is not assignable to type 'string'.
[00:40:14.110] src/config/assessment-forms.ts(455,13): error TS2322: Type 'number' is not assignable to type 'string'.
[00:40:14.110] src/config/assessment-forms.ts(456,13): error TS2322: Type 'number' is not assignable to type 'string'.
[00:40:14.110] src/config/assessment-forms.ts(457,13): error TS2322: Type 'number' is not assignable to type 'string'.
[00:40:14.110] src/config/assessment-forms.ts(458,13): error TS2322: Type 'number' is not assignable to type 'string'.
[00:40:14.110] src/config/assessment-forms.ts(468,11): error TS2353: Object literal may only specify known properties, and 'maxLength' does not exist in type '{ pattern?: string | undefined; message?: string | undefined; custom?: ((value: any, formData: any) => string | null) | undefined; }'.
[00:40:14.110] src/config/assessmentFormConfig.ts(1,10): error TS1484: 'AssessmentFormConfig' is a type and must be imported using a type-only import when 'verbatimModuleSyntax' is enabled.
[00:40:14.110] src/config/assessmentFormConfig.ts(1,32): error TS1484: 'AssessmentStep' is a type and must be imported using a type-only import when 'verbatimModuleSyntax' is enabled.
[00:40:14.110] src/constants/goal-categories.ts(1,10): error TS1484: 'GoalCategory' is a type and must be imported using a type-only import when 'verbatimModuleSyntax' is enabled.
[00:40:14.110] src/contexts/AdminAuthContext.tsx(1,65): error TS1484: 'ReactNode' is a type and must be imported using a type-only import when 'verbatimModuleSyntax' is enabled.
[00:40:14.110] src/contexts/AdminAuthContext.tsx(3,10): error TS1484: 'User' is a type and must be imported using a type-only import when 'verbatimModuleSyntax' is enabled.
[00:40:14.111] src/contexts/AdminAuthContext.tsx(3,16): error TS1484: 'UserRole' is a type and must be imported using a type-only import when 'verbatimModuleSyntax' is enabled.
[00:40:14.111] src/contexts/AdminAuthContext.tsx(3,26): error TS1484: 'Permission' is a type and must be imported using a type-only import when 'verbatimModuleSyntax' is enabled.
[00:40:14.111] src/contexts/AuthContext.tsx(23,7): error TS2739: Type '{ user: null; session: null; profile: null; loading: true; initialized: false; }' is missing the following properties from type 'AuthState': isAuthenticated, error
[00:40:14.111] src/contexts/AuthQueryContext.tsx(29,3): error TS2305: Module '"@/types/auth"' has no exported member 'AuthResult'.
[00:40:14.111] src/contexts/AuthQueryContext.tsx(200,5): error TS2322: Type 'UserProfile | null' is not assignable to type 'AnyUserProfile | null'.
[00:40:14.111]   Type 'UserProfile' is not assignable to type 'AnyUserProfile | null'.
[00:40:14.111]     Type 'UserProfile' is not assignable to type 'SocialWorkerProfile | AdministratorProfile | PatientProfile'.
[00:40:14.111]       Type 'UserProfile' is missing the following properties from type 'PatientProfile': id, patient_identifier, status
[00:40:14.111] src/contexts/DashboardContext.tsx(1,67): error TS1484: 'ReactNode' is a type and must be imported using a type-only import when 'verbatimModuleSyntax' is enabled.
[00:40:14.111] src/contexts/DashboardContext.tsx(3,3): error TS1484: 'DashboardState' is a type and must be imported using a type-only import when 'verbatimModuleSyntax' is enabled.
[00:40:14.111] src/contexts/DashboardContext.tsx(4,3): error TS1484: 'DashboardStats' is a type and must be imported using a type-only import when 'verbatimModuleSyntax' is enabled.
[00:40:14.111] src/contexts/DashboardContext.tsx(5,3): error TS1484: 'Patient' is a type and must be imported using a type-only import when 'verbatimModuleSyntax' is enabled.
[00:40:14.111] src/contexts/DashboardContext.tsx(6,3): error TS1484: 'Goal' is a type and must be imported using a type-only import when 'verbatimModuleSyntax' is enabled.
[00:40:14.111] src/contexts/DashboardContext.tsx(7,3): error TS1484: 'Session' is a type and must be imported using a type-only import when 'verbatimModuleSyntax' is enabled.
[00:40:14.111] src/contexts/DashboardContext.tsx(8,3): error TS1484: 'ChartData' is a type and must be imported using a type-only import when 'verbatimModuleSyntax' is enabled.
[00:40:14.111] src/contexts/DashboardContext.tsx(9,3): error TS1484: 'DashboardFilters' is a type and must be imported using a type-only import when 'verbatimModuleSyntax' is enabled.
[00:40:14.111] src/contexts/DashboardContext.tsx(10,3): error TS1484: 'LoadingState' is a type and must be imported using a type-only import when 'verbatimModuleSyntax' is enabled.
[00:40:14.111] src/contexts/DashboardContext.tsx(11,3): error TS1484: 'ErrorState' is a type and must be imported using a type-only import when 'verbatimModuleSyntax' is enabled.
[00:40:14.111] src/contexts/DashboardContext.tsx(12,3): error TS1484: 'QueryParams' is a type and must be imported using a type-only import when 'verbatimModuleSyntax' is enabled.
[00:40:14.111] src/contexts/DashboardContext.tsx(280,9): error TS2353: Object literal may only specify known properties, and 'realtimeStatus' does not exist in type 'DashboardState'.
[00:40:14.111] src/contexts/__tests__/AuthQueryContext.test.tsx(3,10): error TS1484: 'ReactNode' is a type and must be imported using a type-only import when 'verbatimModuleSyntax' is enabled.
[00:40:14.111] src/contexts/__tests__/AuthQueryContext.test.tsx(4,10): error TS2305: Module '"../AuthQueryContext"' has no exported member 'AuthQueryProvider'.
[00:40:14.111] src/contexts/__tests__/AuthQueryContext.test.tsx(60,44): error TS2307: Cannot find module '../../services/authService' or its corresponding type declarations.
[00:40:14.111] src/contexts/__tests__/AuthQueryContext.test.tsx(76,29): error TS2551: Property 'isLoading' does not exist on type 'EnhancedAuthContextType'. Did you mean 'loading'?
[00:40:14.111] src/contexts/__tests__/AuthQueryContext.test.tsx(82,31): error TS2551: Property 'isLoading' does not exist on type 'EnhancedAuthContextType'. Did you mean 'loading'?
[00:40:14.111] src/contexts/__tests__/AuthQueryContext.test.tsx(99,44): error TS2307: Cannot find module '../../services/authService' or its corresponding type declarations.
[00:40:14.112] src/contexts/__tests__/AuthQueryContext.test.tsx(117,31): error TS2551: Property 'isLoading' does not exist on type 'EnhancedAuthContextType'. Did you mean 'loading'?
[00:40:14.112] src/contexts/__tests__/AuthQueryContext.test.tsx(129,44): error TS2307: Cannot find module '../../services/authService' or its corresponding type declarations.
[00:40:14.112] src/contexts/__tests__/AuthQueryContext.test.tsx(143,31): error TS2551: Property 'isLoading' does not exist on type 'EnhancedAuthContextType'. Did you mean 'loading'?
[00:40:14.112] src/contexts/__tests__/AuthQueryContext.test.tsx(155,30): error TS2554: Expected 3 arguments, but got 1.
[00:40:14.112] src/contexts/__tests__/AuthQueryContext.test.tsx(162,44): error TS2307: Cannot find module '../../services/authService' or its corresponding type declarations.
[00:40:14.112] src/contexts/__tests__/AuthQueryContext.test.tsx(172,31): error TS2551: Property 'isLoading' does not exist on type 'EnhancedAuthContextType'. Did you mean 'loading'?
[00:40:14.112] src/contexts/__tests__/AuthQueryContext.test.tsx(183,44): error TS2307: Cannot find module '../../services/authService' or its corresponding type declarations.
[00:40:14.112] src/contexts/__tests__/AuthQueryContext.test.tsx(201,31): error TS2551: Property 'isLoading' does not exist on type 'EnhancedAuthContextType'. Did you mean 'loading'?
[00:40:14.112] src/contexts/__tests__/AuthQueryContext.test.tsx(212,44): error TS2307: Cannot find module '../../services/authService' or its corresponding type declarations.
[00:40:14.112] src/contexts/__tests__/AuthQueryContext.test.tsx(228,31): error TS2551: Property 'isLoading' does not exist on type 'EnhancedAuthContextType'. Did you mean 'loading'?
[00:40:14.112] src/contexts/__tests__/AuthQueryContext.test.tsx(238,29): error TS2339: Property 'resendVerification' does not exist on type 'EnhancedAuthContextType'.
[00:40:14.112] src/contexts/__tests__/AuthQueryContext.test.tsx(239,29): error TS2339: Property 'refreshSession' does not exist on type 'EnhancedAuthContextType'.
[00:40:14.112] src/contexts/__tests__/AuthQueryContext.test.tsx(240,29): error TS2339: Property 'updateSettings' does not exist on type 'EnhancedAuthContextType'.
[00:40:14.112] src/contexts/__tests__/AuthQueryContext.test.tsx(242,29): error TS2339: Property 'hasRole' does not exist on type 'EnhancedAuthContextType'.
[00:40:14.112] src/contexts/__tests__/AuthQueryContext.test.tsx(243,29): error TS2339: Property 'hasAnyRole' does not exist on type 'EnhancedAuthContextType'.
[00:40:14.112] src/contexts/__tests__/AuthQueryContext.test.tsx(247,44): error TS2307: Cannot find module '../../services/authService' or its corresponding type declarations.
[00:40:14.112] src/contexts/__tests__/AuthQueryContext.test.tsx(264,31): error TS2551: Property 'isLoading' does not exist on type 'EnhancedAuthContextType'. Did you mean 'loading'?
[00:40:14.112] src/contexts/__tests__/AuthQueryContext.test.tsx(274,29): error TS2339: Property 'hasRole' does not exist on type 'EnhancedAuthContextType'.
[00:40:14.112] src/contexts/__tests__/AuthQueryContext.test.tsx(275,29): error TS2339: Property 'hasRole' does not exist on type 'EnhancedAuthContextType'.
[00:40:14.112] src/contexts/__tests__/AuthQueryContext.test.tsx(278,29): error TS2339: Property 'hasAnyRole' does not exist on type 'EnhancedAuthContextType'.
[00:40:14.112] src/contexts/__tests__/AuthQueryContext.test.tsx(279,29): error TS2339: Property 'hasAnyRole' does not exist on type 'EnhancedAuthContextType'.
[00:40:14.112] src/contexts/__tests__/AuthQueryContext.test.tsx(283,44): error TS2307: Cannot find module '../../services/authService' or its corresponding type declarations.
[00:40:14.112] src/contexts/__tests__/AuthQueryContext.test.tsx(303,44): error TS2307: Cannot find module '../../services/authService' or its corresponding type declarations.
[00:40:14.112] src/contexts/__tests__/AuthQueryContext.test.tsx(313,31): error TS2551: Property 'isLoading' does not exist on type 'EnhancedAuthContextType'. Did you mean 'loading'?
[00:40:14.112] src/examples/AuthQueryIntegrationExample.tsx(119,60): error TS2339: Property 'department' does not exist on type 'UserProfile'.
[00:40:14.113] src/examples/AuthQueryIntegrationExample.tsx(234,38): error TS2339: Property 'isFresh' does not exist on type 'UseQueryResult<User | null, Error>'.
[00:40:14.113]   Property 'isFresh' does not exist on type 'QueryObserverRefetchErrorResult<User | null, Error>'.
[00:40:14.113] src/examples/AuthQueryIntegrationExample.tsx(245,41): error TS2339: Property 'isFresh' does not exist on type 'UseQueryResult<UserProfile, Error>'.
[00:40:14.113]   Property 'isFresh' does not exist on type 'QueryObserverRefetchErrorResult<UserProfile, Error>'.
[00:40:14.113] src/examples/AuthQueryIntegrationExample.tsx(256,42): error TS2339: Property 'isFresh' does not exist on type 'UseQueryResult<any, Error>'.
[00:40:14.113]   Property 'isFresh' does not exist on type 'QueryObserverRefetchErrorResult<any, Error>'.
[00:40:14.113] src/hooks/__tests__/useAuthQueries.test.tsx(4,10): error TS1484: 'ReactNode' is a type and must be imported using a type-only import when 'verbatimModuleSyntax' is enabled.
[00:40:14.113] src/hooks/__tests__/useAuthQueries.test.tsx(60,44): error TS2307: Cannot find module '../../services/authService' or its corresponding type declarations.
[00:40:14.113] src/hooks/__tests__/useAuthQueries.test.tsx(82,44): error TS2307: Cannot find module '../../services/authService' or its corresponding type declarations.
[00:40:14.113] src/hooks/__tests__/useAuthQueries.test.tsx(106,44): error TS2307: Cannot find module '../../services/authService' or its corresponding type declarations.
[00:40:14.113] src/hooks/__tests__/useAuthQueries.test.tsx(130,44): error TS2307: Cannot find module '../../services/authService' or its corresponding type declarations.
[00:40:14.113] src/hooks/__tests__/useAuthQueries.test.tsx(163,44): error TS2307: Cannot find module '../../services/authService' or its corresponding type declarations.
[00:40:14.113] src/hooks/__tests__/useAuthQueries.test.tsx(194,44): error TS2307: Cannot find module '../../services/authService' or its corresponding type declarations.
[00:40:14.113] src/hooks/__tests__/useAuthQueries.test.tsx(211,11): error TS2353: Object literal may only specify known properties, and 'fullName' does not exist in type '{ email: string; password: string; userData: SignUpForm; }'.
[00:40:14.113] src/hooks/__tests__/useAuthQueries.test.tsx(233,44): error TS2307: Cannot find module '../../services/authService' or its corresponding type declarations.
[00:40:14.113] src/hooks/__tests__/useAuthQueries.test.tsx(258,44): error TS2307: Cannot find module '../../services/authService' or its corresponding type declarations.
[00:40:14.113] src/hooks/__tests__/useAuthQueries.test.tsx(295,44): error TS2307: Cannot find module '../../services/authService' or its corresponding type declarations.
[00:40:14.113] src/hooks/__tests__/useAuthQueries.test.tsx(324,44): error TS2307: Cannot find module '../../services/authService' or its corresponding type declarations.
[00:40:14.113] src/hooks/__tests__/useAuthQueries.test.tsx(347,44): error TS2307: Cannot find module '../../services/authService' or its corresponding type declarations.
[00:40:14.113] src/hooks/assessments/useAssessments.ts(31,5): error TS2769: No overload matches this call.
[00:40:14.113]   Overload 1 of 3, '(options: DefinedInitialDataOptions<unknown, Error, unknown, readonly ["assessments", "list", AssessmentListParams]>, queryClient?: QueryClient | undefined): DefinedUseQueryResult<...>', gave the following error.
[00:40:14.113]     Object literal may only specify known properties, and 'keepPreviousData' does not exist in type 'DefinedInitialDataOptions<unknown, Error, unknown, readonly ["assessments", "list", AssessmentListParams]>'.
[00:40:14.113]   Overload 2 of 3, '(options: UndefinedInitialDataOptions<{ data: { id: any; patient_id: any; assessor_id: any; assessment_date: any; status: any; overall_notes: any; concentration_time: any; motivation_level: any; past_successes: any; constraints: any; ... 4 more ...; social_workers: { ...; }[]; }[]; count: number; page: number; limit: number; total_pages: number; }, Error, { ...; }, readonly [...]>, queryClient?: QueryClient | undefined): UseQueryResult<...>', gave the following error.
[00:40:14.117]     Object literal may only specify known properties, and 'keepPreviousData' does not exist in type 'UndefinedInitialDataOptions<{ data: { id: any; patient_id: any; assessor_id: any; assessment_date: any; status: any; overall_notes: any; concentration_time: any; motivation_level: any; past_successes: any; constraints: any; ... 4 more ...; social_workers: { ...; }[]; }[]; count: number; page: number; limit: number; ...'.
[00:40:14.117]   Overload 3 of 3, '(options: UseQueryOptions<{ data: { id: any; patient_id: any; assessor_id: any; assessment_date: any; status: any; overall_notes: any; concentration_time: any; motivation_level: any; past_successes: any; constraints: any; ... 4 more ...; social_workers: { ...; }[]; }[]; count: number; page: number; limit: number; total_pages: number; }, Error, { ...; }, readonly [...]>, queryClient?: QueryClient | undefined): UseQueryResult<...>', gave the following error.
[00:40:14.117]     Object literal may only specify known properties, and 'keepPreviousData' does not exist in type 'UseQueryOptions<{ data: { id: any; patient_id: any; assessor_id: any; assessment_date: any; status: any; overall_notes: any; concentration_time: any; motivation_level: any; past_successes: any; constraints: any; ... 4 more ...; social_workers: { ...; }[]; }[]; count: number; page: number; limit: number; total_pages:...'.
[00:40:14.117] src/hooks/assessments/useAssessments.ts(41,27): error TS2339: Property 'filters' does not exist on type 'Omit<AssessmentListParams, "filters">'.
[00:40:14.117] src/hooks/assessments/useAssessments.ts(49,5): error TS2769: No overload matches this call.
[00:40:14.117]   Overload 1 of 3, '(options: DefinedInitialDataOptions<unknown, Error, unknown, readonly ["assessments", "list", AssessmentListParams]>, queryClient?: QueryClient | undefined): DefinedUseQueryResult<...>', gave the following error.
[00:40:14.117]     Object literal may only specify known properties, and 'keepPreviousData' does not exist in type 'DefinedInitialDataOptions<unknown, Error, unknown, readonly ["assessments", "list", AssessmentListParams]>'.
[00:40:14.117]   Overload 2 of 3, '(options: UndefinedInitialDataOptions<{ data: { id: any; patient_id: any; assessor_id: any; assessment_date: any; status: any; overall_notes: any; concentration_time: any; motivation_level: any; past_successes: any; constraints: any; ... 4 more ...; social_workers: { ...; }[]; }[]; count: number; page: number; limit: number; total_pages: number; }, Error, { ...; }, readonly [...]>, queryClient?: QueryClient | undefined): UseQueryResult<...>', gave the following error.
[00:40:14.117]     Object literal may only specify known properties, and 'keepPreviousData' does not exist in type 'UndefinedInitialDataOptions<{ data: { id: any; patient_id: any; assessor_id: any; assessment_date: any; status: any; overall_notes: any; concentration_time: any; motivation_level: any; past_successes: any; constraints: any; ... 4 more ...; social_workers: { ...; }[]; }[]; count: number; page: number; limit: number; ...'.
[00:40:14.117]   Overload 3 of 3, '(options: UseQueryOptions<{ data: { id: any; patient_id: any; assessor_id: any; assessment_date: any; status: any; overall_notes: any; concentration_time: any; motivation_level: any; past_successes: any; constraints: any; ... 4 more ...; social_workers: { ...; }[]; }[]; count: number; page: number; limit: number; total_pages: number; }, Error, { ...; }, readonly [...]>, queryClient?: QueryClient | undefined): UseQueryResult<...>', gave the following error.
[00:40:14.117]     Object literal may only specify known properties, and 'keepPreviousData' does not exist in type 'UseQueryOptions<{ data: { id: any; patient_id: any; assessor_id: any; assessment_date: any; status: any; overall_notes: any; concentration_time: any; motivation_level: any; past_successes: any; constraints: any; ... 4 more ...; social_workers: { ...; }[]; }[]; count: number; page: number; limit: number; total_pages:...'.
[00:40:14.117] src/hooks/assessments/useAssessments.ts(100,54): error TS2345: Argument of type 'string | undefined' is not assignable to parameter of type 'string'.
[00:40:14.117]   Type 'undefined' is not assignable to type 'string'.
[00:40:14.117] src/hooks/assessments/useAssessments.ts(125,54): error TS2345: Argument of type 'string | undefined' is not assignable to parameter of type 'string'.
[00:40:14.117]   Type 'undefined' is not assignable to type 'string'.
[00:40:14.117] src/hooks/assessments/useAssessments.ts(150,54): error TS2345: Argument of type 'string | undefined' is not assignable to parameter of type 'string'.
[00:40:14.117]   Type 'undefined' is not assignable to type 'string'.
[00:40:14.117] src/hooks/assessments/useAssessments.ts(199,54): error TS2345: Argument of type 'string | undefined' is not assignable to parameter of type 'string'.
[00:40:14.117]   Type 'undefined' is not assignable to type 'string'.
[00:40:14.118] src/hooks/assessments/useAssessments.ts(216,5): error TS2353: Object literal may only specify known properties, and 'filters' does not exist in type 'Omit<AssessmentListParams, "filters">'.
[00:40:14.118] src/hooks/assessments/useAssessments.ts(223,5): error TS2353: Object literal may only specify known properties, and 'filters' does not exist in type 'Omit<AssessmentListParams, "filters">'.
[00:40:14.118] src/hooks/assessments/useAssessments.ts(234,5): error TS2353: Object literal may only specify known properties, and 'filters' does not exist in type 'Omit<AssessmentListParams, "filters">'.
[00:40:14.118] src/hooks/assessments/useAssessments.ts(245,30): error TS2339: Property 'data' does not exist on type '{}'.
[00:40:14.118] src/hooks/assessments/useAssessments.ts(249,60): error TS2339: Property 'data' does not exist on type '{}'.
[00:40:14.118] src/hooks/assessments/useAssessments.ts(271,46): error TS2552: Cannot find name 'AssessmentHistoryParams'. Did you mean 'AssessmentListParams'?
[00:40:14.118] src/hooks/assessments/useAssessments.ts(308,38): error TS2339: Property 'getMilestones' does not exist on type 'typeof AssessmentService'.
[00:40:14.118] src/hooks/assessments/useAssessments.ts(319,38): error TS2339: Property 'getInsights' does not exist on type 'typeof AssessmentService'.
[00:40:14.118] src/hooks/assessments/useAssessments.ts(331,27): error TS2304: Cannot find name 'CreateHistoryEntryRequest'.
[00:40:14.118] src/hooks/assessments/useAssessments.ts(352,34): error TS2304: Cannot find name 'AssessmentMilestone'.
[00:40:14.118] src/hooks/assessments/useAssessments.ts(353,41): error TS2345: Argument of type 'Omit<AssessmentMilestone, "id" | "created_at" | "created_by">' is not assignable to parameter of type 'Omit<AssessmentMilestone, "id" | "created_at">'.
[00:40:14.118]   Type 'Omit<AssessmentMilestone, "id" | "created_at" | "created_by">' is missing the following properties from type 'Omit<AssessmentMilestone, "id" | "created_at">': date, assessment_id, description, milestone_type, and 3 more.
[00:40:14.118] src/hooks/assessments/useAssessments.ts(357,39): error TS2339: Property 'patient_id' does not exist on type 'AssessmentMilestone'.
[00:40:14.118] src/hooks/assessments/useAssessments.ts(360,48): error TS2339: Property 'patient_id' does not exist on type 'AssessmentMilestone'.
[00:40:14.118] src/hooks/assessments/useAssessments.ts(373,32): error TS2304: Cannot find name 'ProgressInsight'.
[00:40:14.118] src/hooks/assessments/useAssessments.ts(374,39): error TS2345: Argument of type 'Omit<ProgressInsight, "id" | "created_at" | "created_by">' is not assignable to parameter of type 'Omit<ProgressInsight, "id" | "generated_at">'.
[00:40:14.118]   Type 'Omit<ProgressInsight, "id" | "created_at" | "created_by">' is missing the following properties from type 'Omit<ProgressInsight, "id" | "generated_at">': title, description, priority, insight_type, and 3 more.
[00:40:14.118] src/hooks/assessments/useAssessments.ts(378,37): error TS2339: Property 'patient_id' does not exist on type 'ProgressInsight'.
[00:40:14.118] src/hooks/assessments/useAssessments.ts(381,48): error TS2339: Property 'patient_id' does not exist on type 'ProgressInsight'.
[00:40:14.118] src/hooks/useAIRecommendations.ts(143,5): error TS2769: No overload matches this call.
[00:40:14.118]   Overload 1 of 3, '(options: DefinedInitialDataOptions<unknown, Error, unknown, (string | null)[]>, queryClient?: QueryClient | undefined): DefinedUseQueryResult<unknown, Error>', gave the following error.
[00:40:14.118]     Object literal may only specify known properties, and 'cacheTime' does not exist in type 'DefinedInitialDataOptions<unknown, Error, unknown, (string | null)[]>'.
[00:40:14.118]   Overload 2 of 3, '(options: UndefinedInitialDataOptions<AIRecommendation | null, Error, AIRecommendation | null, (string | null)[]>, queryClient?: QueryClient | undefined): UseQueryResult<...>', gave the following error.
[00:40:14.118]     Object literal may only specify known properties, and 'cacheTime' does not exist in type 'UndefinedInitialDataOptions<AIRecommendation | null, Error, AIRecommendation | null, (string | null)[]>'.
[00:40:14.118]   Overload 3 of 3, '(options: UseQueryOptions<AIRecommendation | null, Error, AIRecommendation | null, (string | null)[]>, queryClient?: QueryClient | undefined): UseQueryResult<...>', gave the following error.
[00:40:14.118]     Object literal may only specify known properties, and 'cacheTime' does not exist in type 'UseQueryOptions<AIRecommendation | null, Error, AIRecommendation | null, (string | null)[]>'.
[00:40:14.118] src/hooks/useAssessmentCharts.ts(2,35): error TS2307: Cannot find module '@/services/assessmentService' or its corresponding type declarations.
[00:40:14.118] src/hooks/useAssessmentCharts.ts(3,10): error TS1484: 'AssessmentData' is a type and must be imported using a type-only import when 'verbatimModuleSyntax' is enabled.
[00:40:14.118] src/hooks/useAssessmentCharts.ts(4,15): error TS2614: Module '"@/components/assessments/charts/AssessmentComparisonChart"' has no exported member 'AssessmentComparisonItem'. Did you mean to use 'import AssessmentComparisonItem from "@/components/assessments/charts/AssessmentComparisonChart"' instead?
[00:40:14.118] src/hooks/useAssessmentCharts.ts(23,32): error TS7006: Parameter 'a' implicitly has an 'any' type.
[00:40:14.119] src/hooks/useAssessmentCharts.ts(23,35): error TS7006: Parameter 'b' implicitly has an 'any' type.
[00:40:14.119] src/hooks/useAssessmentCharts.ts(38,40): error TS7006: Parameter 'a' implicitly has an 'any' type.
[00:40:14.119] src/hooks/useAssessmentCharts.ts(38,43): error TS7006: Parameter 'b' implicitly has an 'any' type.
[00:40:14.119] src/hooks/useAssessmentCharts.ts(126,36): error TS2339: Property 'effort_willingness' does not exist on type 'MotivationLevelOptions'.
[00:40:14.119] src/hooks/useAssessmentCharts.ts(128,36): error TS2339: Property 'external_support' does not exist on type 'MotivationLevelOptions'.
[00:40:14.119] src/hooks/useAssessmentCharts.ts(131,34): error TS2339: Property 'achievement_areas' does not exist on type 'PastSuccessesOptions'.
[00:40:14.123] src/hooks/useAssessmentCharts.ts(132,34): error TS2339: Property 'most_significant_achievement' does not exist on type 'PastSuccessesOptions'.
[00:40:14.123] src/hooks/useAssessmentCharts.ts(133,34): error TS2339: Property 'learning_from_success' does not exist on type 'PastSuccessesOptions'.
[00:40:14.123] src/hooks/useAssessmentCharts.ts(134,34): error TS2339: Property 'transferable_strategies' does not exist on type 'PastSuccessesOptions'.
[00:40:14.123] src/hooks/useAssessmentCharts.ts(147,14): error TS2769: No overload matches this call.
[00:40:14.123]   Overload 1 of 4, '(value: string | number | Date): Date', gave the following error.
[00:40:14.123]     Argument of type 'string | undefined' is not assignable to parameter of type 'string | number | Date'.
[00:40:14.123]       Type 'undefined' is not assignable to type 'string | number | Date'.
[00:40:14.123]   Overload 2 of 4, '(value: string | number): Date', gave the following error.
[00:40:14.123]     Argument of type 'string | undefined' is not assignable to parameter of type 'string | number'.
[00:40:14.123]       Type 'undefined' is not assignable to type 'string | number'.
[00:40:14.123] src/hooks/useAssessmentCharts.ts(147,49): error TS2769: No overload matches this call.
[00:40:14.123]   Overload 1 of 4, '(value: string | number | Date): Date', gave the following error.
[00:40:14.123]     Argument of type 'string | undefined' is not assignable to parameter of type 'string | number | Date'.
[00:40:14.123]       Type 'undefined' is not assignable to type 'string | number | Date'.
[00:40:14.123]   Overload 2 of 4, '(value: string | number): Date', gave the following error.
[00:40:14.123]     Argument of type 'string | undefined' is not assignable to parameter of type 'string | number'.
[00:40:14.123]       Type 'undefined' is not assignable to type 'string | number'.
[00:40:14.123] src/hooks/useAssessmentCharts.ts(168,32): error TS2769: No overload matches this call.
[00:40:14.123]   Overload 1 of 4, '(value: string | number | Date): Date', gave the following error.
[00:40:14.123]     Argument of type 'string | undefined' is not assignable to parameter of type 'string | number | Date'.
[00:40:14.123]       Type 'undefined' is not assignable to type 'string | number | Date'.
[00:40:14.124]   Overload 2 of 4, '(value: string | number): Date', gave the following error.
[00:40:14.124]     Argument of type 'string | undefined' is not assignable to parameter of type 'string | number'.
[00:40:14.124]       Type 'undefined' is not assignable to type 'string | number'.
[00:40:14.124] src/hooks/useAssessmentCharts.ts(169,31): error TS2769: No overload matches this call.
[00:40:14.124]   Overload 1 of 4, '(value: string | number | Date): Date', gave the following error.
[00:40:14.124]     Argument of type 'string | undefined' is not assignable to parameter of type 'string | number | Date'.
[00:40:14.124]       Type 'undefined' is not assignable to type 'string | number | Date'.
[00:40:14.129]   Overload 2 of 4, '(value: string | number): Date', gave the following error.
[00:40:14.129]     Argument of type 'string | undefined' is not assignable to parameter of type 'string | number'.
[00:40:14.129]       Type 'undefined' is not assignable to type 'string | number'.
[00:40:14.129] src/hooks/useAssessments.ts(2,10): error TS1484: 'AssessmentData' is a type and must be imported using a type-only import when 'verbatimModuleSyntax' is enabled.
[00:40:14.129] src/hooks/useAssessments.ts(2,26): error TS2724: '"@/types/assessment"' has no exported member named 'CreateAssessmentData'. Did you mean 'AssessmentData'?
[00:40:14.129] src/hooks/useAssessments.ts(133,31): error TS2345: Argument of type 'string | undefined' is not assignable to parameter of type 'string'.
[00:40:14.129]   Type 'undefined' is not assignable to type 'string'.
[00:40:14.129] src/hooks/useAssessments.ts(159,31): error TS2345: Argument of type 'string | undefined' is not assignable to parameter of type 'string'.
[00:40:14.129]   Type 'undefined' is not assignable to type 'string'.
[00:40:14.129] src/hooks/useAssessments.ts(221,36): error TS2769: No overload matches this call.
[00:40:14.129]   Overload 1 of 4, '(value: string | number | Date): Date', gave the following error.
[00:40:14.129]     Argument of type 'string | undefined' is not assignable to parameter of type 'string | number | Date'.
[00:40:14.129]       Type 'undefined' is not assignable to type 'string | number | Date'.
[00:40:14.129]   Overload 2 of 4, '(value: string | number): Date', gave the following error.
[00:40:14.129]     Argument of type 'string | undefined' is not assignable to parameter of type 'string | number'.
[00:40:14.129]       Type 'undefined' is not assignable to type 'string | number'.
[00:40:14.129] src/hooks/useAssessments.ts(244,36): error TS2339: Property 'effort_willingness' does not exist on type 'MotivationLevelOptions'.
[00:40:14.129] src/hooks/useAssessments.ts(246,36): error TS2339: Property 'external_support' does not exist on type 'MotivationLevelOptions'.
[00:40:14.129] src/hooks/useAssessments.ts(251,34): error TS2339: Property 'achievement_areas' does not exist on type 'PastSuccessesOptions'.
[00:40:14.129] src/hooks/useAssessments.ts(252,34): error TS2339: Property 'most_significant_achievement' does not exist on type 'PastSuccessesOptions'.
[00:40:14.129] src/hooks/useAssessments.ts(253,34): error TS2339: Property 'learning_from_success' does not exist on type 'PastSuccessesOptions'.
[00:40:14.129] src/hooks/useAssessments.ts(254,34): error TS2339: Property 'transferable_strategies' does not exist on type 'PastSuccessesOptions'.
[00:40:14.129] src/hooks/useAuthQueries.ts(16,3): error TS2305: Module '"@/types/auth"' has no exported member 'AuthResult'.
[00:40:14.129] src/hooks/useAuthQueries.ts(97,41): error TS2339: Property 'getUserProfile' does not exist on type 'typeof AuthService'.
[00:40:14.129] src/hooks/useAuthQueries.ts(104,34): error TS2339: Property 'getRolePermissions' does not exist on type 'typeof AuthService'.
[00:40:14.130] src/hooks/useAuthQueries.ts(125,47): error TS2339: Property 'hasPermission' does not exist on type 'typeof AuthService'.
[00:40:14.130] src/hooks/useAuthQueries.ts(203,40): error TS2339: Property 'signInWithPassword' does not exist on type 'typeof AuthService'.
[00:40:14.130] src/hooks/useAuthQueries.ts(218,47): error TS2339: Property 'getUserProfile' does not exist on type 'typeof AuthService'.
[00:40:14.130] src/hooks/useAuthQueries.ts(243,40): error TS2339: Property 'signUpWithPassword' does not exist on type 'typeof AuthService'.
[00:40:14.130] src/hooks/useDashboardData.ts(3,10): error TS1484: 'QueryParams' is a type and must be imported using a type-only import when 'verbatimModuleSyntax' is enabled.
[00:40:14.130] src/hooks/useDashboardData.ts(3,23): error TS1484: 'DashboardFilters' is a type and must be imported using a type-only import when 'verbatimModuleSyntax' is enabled.
[00:40:14.130] src/hooks/useErrorHandler.ts(2,10): error TS1484: 'AppError' is a type and must be imported using a type-only import when 'verbatimModuleSyntax' is enabled.
[00:40:14.130] src/hooks/useErrorHandler.ts(242,15): error TS2554: Expected 1-2 arguments, but got 3.
[00:40:14.130] src/hooks/useGoals.ts(2,23): error TS2307: Cannot find module 'sonner' or its corresponding type declarations.
[00:40:14.130] src/hooks/useGoals.ts(6,3): error TS1484: 'BaseGoal' is a type and must be imported using a type-only import when 'verbatimModuleSyntax' is enabled.
[00:40:14.130] src/hooks/useGoals.ts(7,3): error TS1484: 'GoalCategory' is a type and must be imported using a type-only import when 'verbatimModuleSyntax' is enabled.
[00:40:14.130] src/hooks/useGoals.ts(8,3): error TS1484: 'CreateGoalRequest' is a type and must be imported using a type-only import when 'verbatimModuleSyntax' is enabled.
[00:40:14.130] src/hooks/useGoals.ts(9,3): error TS1484: 'UpdateGoalRequest' is a type and must be imported using a type-only import when 'verbatimModuleSyntax' is enabled.
[00:40:14.130] src/hooks/useGoals.ts(10,3): error TS1484: 'GoalFilters' is a type and must be imported using a type-only import when 'verbatimModuleSyntax' is enabled.
[00:40:14.130] src/hooks/useGoals.ts(32,32): error TS2339: Property 'getGoalsByPatient' does not exist on type 'typeof import("/vercel/path0/src/services/rehabilitation-goals")'.
[00:40:14.130] src/hooks/useGoals.ts(44,32): error TS2339: Property 'getGoalById' does not exist on type 'typeof import("/vercel/path0/src/services/rehabilitation-goals")'.
[00:40:14.130] src/hooks/useGoals.ts(68,50): error TS2559: Type 'string' has no properties in common with type '{ patientId?: string | undefined; socialWorkerId?: string | undefined; dateFrom?: string | undefined; dateTo?: string | undefined; }'.
[00:40:14.130] src/hooks/useGoals.ts(81,62): error TS2339: Property 'createGoal' does not exist on type 'typeof import("/vercel/path0/src/services/rehabilitation-goals")'.
[00:40:14.130] src/hooks/useGoals.ts(91,55): error TS18046: 'newGoal' is of type 'unknown'.
[00:40:14.130] src/hooks/useGoals.ts(109,19): error TS2339: Property 'updateGoal' does not exist on type 'typeof import("/vercel/path0/src/services/rehabilitation-goals")'.
[00:40:14.130] src/hooks/useGoals.ts(119,45): error TS18046: 'updatedGoal' is of type 'unknown'.
[00:40:14.130] src/hooks/useGoals.ts(122,46): error TS18046: 'updatedGoal' is of type 'unknown'.
[00:40:14.130] src/hooks/useGoals.ts(140,49): error TS2339: Property 'deleteGoal' does not exist on type 'typeof import("/vercel/path0/src/services/rehabilitation-goals")'.
[00:40:14.130] src/hooks/useGoals.ts(165,19): error TS2339: Property 'updateGoalStatus' does not exist on type 'typeof import("/vercel/path0/src/services/rehabilitation-goals")'.
[00:40:14.130] src/hooks/useGoals.ts(175,45): error TS18046: 'updatedGoal' is of type 'unknown'.
[00:40:14.130] src/hooks/useGoals.ts(178,46): error TS18046: 'updatedGoal' is of type 'unknown'.
[00:40:14.130] src/hooks/useOptimizedData.ts(315,13): error TS18046: 'key' is of type 'unknown'.
[00:40:14.130] src/hooks/useOptimizedData.ts(316,28): error TS2345: Argument of type 'unknown' is not assignable to parameter of type 'string'.
[00:40:14.130] src/hooks/useRealtimeUpdates.ts(37,31): error TS2554: Expected 1 arguments, but got 0.
[00:40:14.130] src/hooks/useRealtimeUpdates.ts(47,18): error TS2769: No overload matches this call.
[00:40:14.130]   The last overload gave the following error.
[00:40:14.130]     Argument of type '"postgres_changes"' is not assignable to parameter of type '"system"'.
[00:40:14.131] src/hooks/useRealtimeUpdates.ts(54,18): error TS2769: No overload matches this call.
[00:40:14.131]   The last overload gave the following error.
[00:40:14.131]     Argument of type '"postgres_changes"' is not assignable to parameter of type '"system"'.
[00:40:14.131] src/hooks/useValidatedForm.ts(1,73): error TS2307: Cannot find module 'react-hook-form' or its corresponding type declarations.
[00:40:14.131] src/hooks/useValidatedForm.ts(2,29): error TS2307: Cannot find module '@hookform/resolvers/zod' or its corresponding type declarations.
[00:40:14.131] src/hooks/useValidatedForm.ts(5,22): error TS1484: 'AppError' is a type and must be imported using a type-only import when 'verbatimModuleSyntax' is enabled.
[00:40:14.131] src/hooks/useValidatedForm.ts(57,20): error TS2339: Property 'message' does not exist on type '{}'.
[00:40:14.131] src/hooks/useValidatedForm.ts(58,28): error TS2339: Property 'message' does not exist on type '{}'.
[00:40:14.131] src/lib/assessment-utils.ts(156,21): error TS7053: Element implicitly has an 'any' type because expression of type 'string' can't be used to index type 'ConcentrationTimeOptions | MotivationLevelOptions | PastSuccessesOptions | ConstraintsOptions | SocialPreferenceOptions'.
[00:40:14.131]   No index signature with a parameter of type 'string' was found on type 'ConcentrationTimeOptions | MotivationLevelOptions | PastSuccessesOptions | ConstraintsOptions | SocialPreferenceOptions'.
[00:40:14.131] src/lib/assessment-utils.ts(185,21): error TS7053: Element implicitly has an 'any' type because expression of type 'string' can't be used to index type 'ConcentrationTimeOptions | MotivationLevelOptions | PastSuccessesOptions | ConstraintsOptions | SocialPreferenceOptions'.
[00:40:14.131]   No index signature with a parameter of type 'string' was found on type 'ConcentrationTimeOptions | MotivationLevelOptions | PastSuccessesOptions | ConstraintsOptions | SocialPreferenceOptions'.
[00:40:14.133] src/lib/monitoring/error-logger.ts(1,10): error TS1484: 'AppError' is a type and must be imported using a type-only import when 'verbatimModuleSyntax' is enabled.
[00:40:14.133] src/lib/monitoring/error-logger.ts(335,14): error TS7023: 'removeSensitiveData' implicitly has return type 'any' because it does not have a return type annotation and is referenced directly or indirectly in one of its return expressions.
[00:40:14.133] src/lib/monitoring/error-logger.ts(339,24): error TS7024: Function implicitly has return type 'any' because it does not have a return type annotation and is referenced directly or indirectly in one of its return expressions.
[00:40:14.133] src/lib/supabase.ts(133,25): error TS2339: Property 'role_name' does not exist on type '{ role_name: any; }[]'.
[00:40:14.133] src/lib/validations/common-validation.ts(253,13): error TS2769: No overload matches this call.
[00:40:14.133]   Overload 1 of 2, '(check: (arg: string) => arg is string, message?: string | Partial<Omit<ZodCustomIssue, "code">> | ((arg: string) => Partial<Omit<ZodCustomIssue, "code">>) | undefined): ZodEffects<...>', gave the following error.
[00:40:14.133]     Argument of type '(val: any, ctx: any) => boolean' is not assignable to parameter of type '(arg: string) => arg is string'.
[00:40:14.133]       Target signature provides too few arguments. Expected 2 or more, but got 1.
[00:40:14.133]   Overload 2 of 2, '(check: (arg: string) => unknown, message?: string | Partial<Omit<ZodCustomIssue, "code">> | ((arg: string) => Partial<Omit<ZodCustomIssue, "code">>) | undefined): ZodEffects<...>', gave the following error.
[00:40:14.133]     Argument of type '(val: any, ctx: any) => boolean' is not assignable to parameter of type '(arg: string) => unknown'.
[00:40:14.133]       Target signature provides too few arguments. Expected 2 or more, but got 1.
[00:40:14.133] src/lib/validations/common-validation.ts(253,14): error TS7006: Parameter 'val' implicitly has an 'any' type.
[00:40:14.133] src/lib/validations/common-validation.ts(253,19): error TS7006: Parameter 'ctx' implicitly has an 'any' type.
[00:40:14.133] src/lib/validations/data-sanitization.ts(292,3): error TS2322: Type '{}' is not assignable to type 'Record<keyof T, (value: any) => any>'.
[00:40:14.133] src/lib/validations/data-sanitization.ts(301,7): error TS2862: Type 'T' is generic and can only be indexed for reading.
[00:40:14.133] src/lib/validations/data-sanitization.ts(304,7): error TS2862: Type 'T' is generic and can only be indexed for reading.
[00:40:14.133] src/lib/validations/data-sanitization.ts(307,7): error TS2862: Type 'T' is generic and can only be indexed for reading.
[00:40:14.133] src/lib/validations/data-sanitization.ts(314,7): error TS2862: Type 'T' is generic and can only be indexed for reading.
[00:40:14.133] src/lib/validations/server-validation.ts(2,10): error TS1484: 'AppError' is a type and must be imported using a type-only import when 'verbatimModuleSyntax' is enabled.
[00:40:14.133] src/pages/GoalSetting.tsx(198,30): error TS2339: Property 'assessment_id' does not exist on type '{}'.
[00:40:14.133] src/pages/GoalSetting.tsx(204,46): error TS2339: Property 'id' does not exist on type '{}'.
[00:40:14.133] src/pages/GoalSetting.tsx(207,30): error TS2339: Property 'recommendations' does not exist on type '{}'.
[00:40:14.133] src/pages/GoalSetting.tsx(207,84): error TS2339: Property 'recommendations' does not exist on type '{}'.
[00:40:14.133] src/pages/GoalSetting.tsx(208,62): error TS2339: Property 'recommendations' does not exist on type '{}'.
[00:40:14.133] src/pages/GoalSetting.tsx(210,37): error TS2339: Property 'recommendations' does not exist on type '{}'.
[00:40:14.133] src/pages/GoalSetting.tsx(211,41): error TS2339: Property 'patient_analysis' does not exist on type '{}'.
[00:40:14.133] src/pages/GoalSetting.tsx(212,48): error TS2339: Property 'patient_analysis' does not exist on type '{}'.
[00:40:14.133] src/pages/GoalSetting.tsx(613,44): error TS7006: Parameter 'monthlyPlan' implicitly has an 'any' type.
[00:40:14.133] src/pages/GoalSetting.tsx(613,57): error TS7006: Parameter 'monthIndex' implicitly has an 'any' type.
[00:40:14.133] src/pages/GoalSetting.tsx(638,22): error TS7006: Parameter 'weeklyPlan' implicitly has an 'any' type.
[00:40:14.133] src/pages/GoalSetting.tsx(644,24): error TS7006: Parameter 'weeklyPlan' implicitly has an 'any' type.
[00:40:14.133] src/pages/GoalSetting.tsx(644,36): error TS7006: Parameter 'weekIndex' implicitly has an 'any' type.
[00:40:14.134] src/pages/ProgressTracking.tsx(85,19): error TS2322: Type '"default" | "destructive" | "secondary" | "success" | "warning"' is not assignable to type '"default" | "destructive" | "outline" | "secondary" | null | undefined'.
[00:40:14.134]   Type '"success"' is not assignable to type '"default" | "destructive" | "outline" | "secondary" | null | undefined'.
[00:40:14.134] src/pages/ProgressTracking.tsx(284,60): error TS7006: Parameter 'weeklyGoal' implicitly has an 'any' type.
[00:40:14.134] src/pages/admin/AdminDashboard.tsx(9,10): error TS1484: 'Permission' is a type and must be imported using a type-only import when 'verbatimModuleSyntax' is enabled.
[00:40:14.134] src/pages/admin/AdminDashboard.tsx(198,13): error TS2322: Type '({ title: string; value: string; icon: ForwardRefExoticComponent<Omit<LucideProps, "ref"> & RefAttributes<SVGSVGElement>>; color: string; change: string; changeType: "positive"; permission: Permission; } | { ...; })[]' is not assignable to type 'StatCard[]'.
[00:40:14.134]   Type '{ title: string; value: string; icon: ForwardRefExoticComponent<Omit<LucideProps, "ref"> & RefAttributes<SVGSVGElement>>; color: string; change: string; changeType: "positive"; permission: Permission; } | { ...; }' is not assignable to type 'StatCard'.
[00:40:14.134]     Type '{ title: string; value: string; icon: React.ForwardRefExoticComponent<Omit<LucideProps, "ref"> & React.RefAttributes<SVGSVGElement>>; color: string; change: string; changeType: "positive"; permission: Permission; }' is not assignable to type 'StatCard'.
[00:40:14.134]       Types of property 'color' are incompatible.
[00:40:14.134]         Type 'string' is not assignable to type '"blue" | "green" | "purple" | "gray" | "red" | "orange"'.
[00:40:14.134] src/pages/admin/AdminDashboard.tsx(222,15): error TS2322: Type '{ title: string; description: string; icon: ForwardRefExoticComponent<Omit<LucideProps, "ref"> & RefAttributes<SVGSVGElement>>; action: string; permission: Permission; color: string; }[]' is not assignable to type 'QuickAction[]'.
[00:40:14.134]   Type '{ title: string; description: string; icon: React.ForwardRefExoticComponent<Omit<LucideProps, "ref"> & React.RefAttributes<SVGSVGElement>>; action: string; permission: Permission; color: string; }' is not assignable to type 'QuickAction'.
[00:40:14.134]     Types of property 'color' are incompatible.
[00:40:14.134]       Type 'string' is not assignable to type '"blue" | "green" | "purple" | "gray" | "red" | "orange"'.
[00:40:14.134] src/pages/admin/AdminLogin.tsx(36,63): error TS2363: The right-hand side of an arithmetic operation must be of type 'any', 'number', 'bigint' or an enum type.
[00:40:14.134] src/pages/admin/AssessmentManagement.tsx(5,10): error TS2614: Module '"../../components/admin/CategoryTree"' has no exported member 'CategoryTree'. Did you mean to use 'import CategoryTree from "../../components/admin/CategoryTree"' instead?
[00:40:14.134] src/pages/admin/AssessmentManagement.tsx(6,10): error TS2614: Module '"../../components/admin/AssessmentOptionsList"' has no exported member 'AssessmentOptionsList'. Did you mean to use 'import AssessmentOptionsList from "../../components/admin/AssessmentOptionsList"' instead?
[00:40:14.134] src/pages/admin/AssessmentManagement.tsx(7,43): error TS2307: Cannot find module '../../components/admin/AssessmentTemplateBuilder' or its corresponding type declarations.
[00:40:14.134] src/pages/admin/AssessmentManagement.tsx(8,10): error TS2614: Module '"../../components/admin/AssessmentStatsDashboard"' has no exported member 'AssessmentStatsDashboard'. Did you mean to use 'import AssessmentStatsDashboard from "../../components/admin/AssessmentStatsDashboard"' instead?
[00:40:14.134] src/pages/admin/AssessmentManagement.tsx(10,3): error TS1484: 'AssessmentCategory' is a type and must be imported using a type-only import when 'verbatimModuleSyntax' is enabled.
[00:40:14.134] src/pages/admin/AssessmentManagement.tsx(11,3): error TS1484: 'AssessmentOption' is a type and must be imported using a type-only import when 'verbatimModuleSyntax' is enabled.
[00:40:14.134] src/pages/admin/AssessmentManagement.tsx(12,3): error TS1484: 'AssessmentTemplate' is a type and must be imported using a type-only import when 'verbatimModuleSyntax' is enabled.
[00:40:14.134] src/pages/admin/AssessmentManagement.tsx(13,3): error TS1484: 'AssessmentStatistics' is a type and must be imported using a type-only import when 'verbatimModuleSyntax' is enabled.
[00:40:14.134] src/pages/admin/SystemSettings.tsx(5,10): error TS2614: Module '"../../components/admin/SettingsForm"' has no exported member 'SettingsForm'. Did you mean to use 'import SettingsForm from "../../components/admin/SettingsForm"' instead?
[00:40:14.134] src/pages/admin/SystemSettings.tsx(6,10): error TS2614: Module '"../../components/admin/SettingsHistory"' has no exported member 'SettingsHistory'. Did you mean to use 'import SettingsHistory from "../../components/admin/SettingsHistory"' instead?
[00:40:14.134] src/pages/admin/SystemSettings.tsx(8,3): error TS1484: 'SystemSettings' is a type and must be imported using a type-only import when 'verbatimModuleSyntax' is enabled.
[00:40:14.134] src/pages/admin/SystemSettings.tsx(10,3): error TS1484: 'SettingsChange' is a type and must be imported using a type-only import when 'verbatimModuleSyntax' is enabled.
[00:40:14.134] src/pages/admin/SystemSettings.tsx(274,40): error TS2345: Argument of type 'string' is not assignable to parameter of type 'Permission'.
[00:40:14.134] src/pages/admin/SystemSettings.tsx(410,26): error TS7006: Parameter 'field' implicitly has an 'any' type.
[00:40:14.134] src/pages/admin/SystemSettings.tsx(410,33): error TS7006: Parameter 'value' implicitly has an 'any' type.
[00:40:14.134] src/pages/admin/UserManagement.tsx(7,10): error TS1484: 'UserFilters' is a type and must be imported using a type-only import when 'verbatimModuleSyntax' is enabled.
[00:40:14.134] src/pages/admin/UserManagement.tsx(8,10): error TS2614: Module '"@/components/admin/UserModal"' has no exported member 'UserModal'. Did you mean to use 'import UserModal from "@/components/admin/UserModal"' instead?
[00:40:14.135] src/pages/admin/UserManagement.tsx(9,10): error TS1484: 'User' is a type and must be imported using a type-only import when 'verbatimModuleSyntax' is enabled.
[00:40:14.135] src/pages/admin/UserManagement.tsx(9,16): error TS1484: 'UserRole' is a type and must be imported using a type-only import when 'verbatimModuleSyntax' is enabled.
[00:40:14.135] src/pages/admin/UserManagement.tsx(78,15): error TS2693: 'UserRole' only refers to a type, but is being used as a value here.
[00:40:14.135] src/pages/admin/UserManagement.tsx(91,15): error TS2693: 'UserRole' only refers to a type, but is being used as a value here.
[00:40:14.135] src/pages/admin/UserManagement.tsx(104,15): error TS2693: 'UserRole' only refers to a type, but is being used as a value here.
[00:40:14.135] src/pages/admin/UserManagement.tsx(117,15): error TS2693: 'UserRole' only refers to a type, but is being used as a value here.
[00:40:14.135] src/pages/admin/UserManagement.tsx(129,15): error TS2693: 'UserRole' only refers to a type, but is being used as a value here.
[00:40:14.135] src/pages/admin/UserManagement.tsx(146,51): error TS2693: 'UserRole' only refers to a type, but is being used as a value here.
[00:40:14.135] src/pages/admin/UserManagement.tsx(146,80): error TS2693: 'UserRole' only refers to a type, but is being used as a value here.
[00:40:14.135] src/pages/admin/UserManagement.tsx(147,55): error TS2693: 'UserRole' only refers to a type, but is being used as a value here.
[00:40:14.135] src/pages/admin/UserManagement.tsx(148,50): error TS2693: 'UserRole' only refers to a type, but is being used as a value here.
[00:40:14.135] src/pages/admin/UserManagement.tsx(463,18): error TS2693: 'UserFilters' only refers to a type, but is being used as a value here.
[00:40:14.135] src/pages/ai-recommendation-test.tsx(10,7): error TS2353: Object literal may only specify known properties, and 'cacheTime' does not exist in type 'OmitKeyof<QueryObserverOptions<unknown, Error, unknown, unknown, readonly unknown[], never>, "suspense" | "queryKey", "strictly">'.
[00:40:14.135] src/pages/service-records/index.tsx(12,25): error TS2307: Cannot find module '@/hooks/auth/useUser' or its corresponding type declarations.
[00:40:14.135] src/providers/QueryProvider.tsx(21,11): error TS2322: Type '"bottom-right"' is not assignable to type 'DevtoolsPosition | undefined'.
[00:40:14.135] src/services/assessments.ts(334,9): error TS2322: Type 'null' is not assignable to type 'AssessmentData | undefined'.
[00:40:14.135] src/services/assessments.ts(336,11): error TS2353: Object literal may only specify known properties, and 'concentration' does not exist in type '{ step: AssessmentStep; field: string; previous_value: any; current_value: any; change_type: "stable" | "improvement" | "decline"; }[]'.
[00:40:14.135] src/services/assessments.ts(361,9): error TS2353: Object literal may only specify known properties, and 'concentration' does not exist in type '{ step: AssessmentStep; field: string; previous_value: any; current_value: any; change_type: "stable" | "improvement" | "decline"; }[]'.
[00:40:14.135] src/services/assessments.ts(387,9): error TS2353: Object literal may only specify known properties, and 'score_trends' does not exist in type 'AssessmentVisualizationData'.
[00:40:14.135] src/services/assessments.ts(428,7): error TS2322: Type '{ date: any; overall_score: number; status: any; notes: any; }[]' is not assignable to type '{ date: string; scores: { concentration: number; motivation: number; social_comfort: number; overall: number; }; }[]'.
[00:40:14.135]   Property 'scores' is missing in type '{ date: any; overall_score: number; status: any; notes: any; }' but required in type '{ date: string; scores: { concentration: number; motivation: number; social_comfort: number; overall: number; }; }'.
[00:40:14.135] src/services/assessments.ts(633,7): error TS2339: Property 'change_type' does not exist on type 'AssessmentHistoryParams'.
[00:40:14.135] src/services/assessments.ts(634,7): error TS2339: Property 'start_date' does not exist on type 'AssessmentHistoryParams'.
[00:40:14.135] src/services/assessments.ts(635,7): error TS2339: Property 'end_date' does not exist on type 'AssessmentHistoryParams'.
[00:40:14.135] src/services/assessments.ts(697,7): error TS2353: Object literal may only specify known properties, and 'versions' does not exist in type 'AssessmentVersionInfo'.
[00:40:14.135] src/services/assessments.ts(701,39): error TS2339: Property 'name' does not exist on type '{ name: any; }[]'.
[00:40:14.135] src/services/assessments.ts(710,7): error TS2339: Property 'patient_id' does not exist on type 'CreateHistoryEntryRequest'.
[00:40:14.135] src/services/assessments.ts(714,7): error TS2339: Property 'changed_by' does not exist on type 'CreateHistoryEntryRequest'.
[00:40:14.135] src/services/assessments.ts(802,7): error TS2353: Object literal may only specify known properties, and 'history' does not exist in type 'AssessmentTimeline'.
[00:40:14.135] src/services/auth.ts(474,23): error TS2339: Property 'employee_id' does not exist on type 'Partial<AnyUserProfile>'.
[00:40:14.135]   Property 'employee_id' does not exist on type 'Partial<AdministratorProfile>'.
[00:40:14.135] src/services/auth.ts(475,64): error TS2339: Property 'employee_id' does not exist on type 'Partial<AnyUserProfile>'.
[00:40:14.135]   Property 'employee_id' does not exist on type 'Partial<AdministratorProfile>'.
[00:40:14.135] src/services/auth.ts(484,23): error TS2339: Property 'contact_number' does not exist on type 'Partial<AnyUserProfile>'.
[00:40:14.135]   Property 'contact_number' does not exist on type 'Partial<AdministratorProfile>'.
[00:40:14.135] src/services/auth.ts(485,65): error TS2339: Property 'contact_number' does not exist on type 'Partial<AnyUserProfile>'.
[00:40:14.135]   Property 'contact_number' does not exist on type 'Partial<AdministratorProfile>'.
[00:40:14.135] src/services/auth.ts(537,23): error TS2339: Property 'date_of_birth' does not exist on type 'Partial<AnyUserProfile>'.
[00:40:14.135]   Property 'date_of_birth' does not exist on type 'Partial<SocialWorkerProfile>'.
[00:40:14.135] src/services/auth.ts(538,63): error TS2339: Property 'date_of_birth' does not exist on type 'Partial<AnyUserProfile>'.
[00:40:14.135]   Property 'date_of_birth' does not exist on type 'Partial<SocialWorkerProfile>'.
[00:40:14.135] src/services/goalBreakdownService.ts(2,3): error TS1484: 'BaseGoal' is a type and must be imported using a type-only import when 'verbatimModuleSyntax' is enabled.
[00:40:14.135] src/services/goalBreakdownService.ts(3,3): error TS1484: 'SixMonthGoal' is a type and must be imported using a type-only import when 'verbatimModuleSyntax' is enabled.
[00:40:14.135] src/services/goalBreakdownService.ts(4,3): error TS1484: 'MonthlyGoal' is a type and must be imported using a type-only import when 'verbatimModuleSyntax' is enabled.
[00:40:14.135] src/services/goalBreakdownService.ts(5,3): error TS1484: 'WeeklyGoal' is a type and must be imported using a type-only import when 'verbatimModuleSyntax' is enabled.
[00:40:14.135] src/services/goalBreakdownService.ts(6,3): error TS1484: 'GoalType' is a type and must be imported using a type-only import when 'verbatimModuleSyntax' is enabled.
[00:40:14.135] src/services/goalBreakdownService.ts(7,3): error TS1484: 'GoalPriority' is a type and must be imported using a type-only import when 'verbatimModuleSyntax' is enabled.
[00:40:14.136] src/services/goalBreakdownService.ts(8,3): error TS1484: 'CreateGoalRequest' is a type and must be imported using a type-only import when 'verbatimModuleSyntax' is enabled.
[00:40:14.136] src/services/goalBreakdownService.ts(77,11): error TS2353: Object literal may only specify known properties, and 'status' does not exist in type 'CreateGoalRequest'.
[00:40:14.136] src/services/goalBreakdownService.ts(87,21): error TS2339: Property 'evaluation_criteria' does not exist on type 'SixMonthGoal'.
[00:40:14.136] src/services/goalBreakdownService.ts(159,11): error TS2353: Object literal may only specify known properties, and 'status' does not exist in type 'CreateGoalRequest'.
[00:40:14.136] src/services/goalBreakdownService.ts(170,21): error TS2339: Property 'evaluation_criteria' does not exist on type 'MonthlyGoal'.
[00:40:14.136] src/services/goalBreakdownService.ts(216,15): error TS2740: Type '{ id: string; goal_type: "monthly"; actual_completion_rate: number; created_at: string; updated_at: string; patient_id: string; parent_goal_id?: string | undefined; title: string; description: string; ... 10 more ...; notes?: string | undefined; }' is missing the following properties from type 'MonthlyGoal': month_number, start_date, status, progress, and 2 more.
[00:40:14.136] src/services/goalBreakdownService.ts(278,30): error TS2339: Property 'start_date' does not exist on type 'CreateGoalRequest'.
[00:40:14.136] src/services/goalBreakdownService.ts(280,32): error TS2339: Property 'start_date' does not exist on type 'CreateGoalRequest'.
[00:40:14.136] src/services/index.ts(46,3): error TS2459: Module '"./patients"' declares 'Patient' locally, but it is not exported.
[00:40:14.136] src/services/index.ts(50,3): error TS2305: Module '"./patients"' has no exported member 'PatientListResponse'.
[00:40:14.136] src/services/index.ts(51,3): error TS2305: Module '"./patients"' has no exported member 'PatientFilters'.
[00:40:14.136] src/services/index.ts(64,3): error TS2305: Module '"./auth"' has no exported member 'LoginCredentials'.
[00:40:14.136] src/services/index.ts(65,3): error TS2305: Module '"./auth"' has no exported member 'RegisterData'.
[00:40:14.136] src/services/index.ts(66,3): error TS2305: Module '"./auth"' has no exported member 'AuthResponse'.
[00:40:14.136] src/services/index.ts(67,3): error TS2724: '"./auth"' has no exported member named 'UserProfile'. Did you mean 'getUserProfile'?
[00:40:14.136] src/services/index.ts(68,3): error TS2459: Module '"./auth"' declares 'UserRole' locally, but it is not exported.
[00:40:14.136] src/services/index.ts(72,10): error TS2724: '"./rehabilitation-goals"' has no exported member named 'RehabilitationGoalService'. Did you mean 'getRehabilitationGoals'?
[00:40:14.136] src/services/index.ts(73,10): error TS2305: Module '"./goal-categories"' has no exported member 'GoalCategoryService'.
[00:40:14.136] src/services/index.ts(74,10): error TS2305: Module '"./goal-evaluations"' has no exported member 'GoalEvaluationService'.
[00:40:14.136] src/services/index.ts(75,10): error TS2305: Module '"./goal-history"' has no exported member 'GoalHistoryService'.
[00:40:14.136] src/services/index.ts(78,10): error TS2305: Module '"./weekly-check-ins"' has no exported member 'WeeklyCheckInService'.
[00:40:14.136] src/services/index.ts(81,10): error TS2724: '"./ai-recommendations"' has no exported member named 'AIRecommendationService'. Did you mean 'getAIRecommendations'?
[00:40:14.136] src/services/patients.ts(243,13): error TS2322: Type '{ updated_at: string; full_name?: string; patient_identifier?: string; date_of_birth?: string; gender?: string; contact_info?: object; additional_info?: object; primary_social_worker_id?: string; admission_date?: string; status?: string; }' is not assignable to type '{ additional_info?: Json | undefined; admission_date?: string | null | undefined; contact_info?: Json | undefined; created_at?: string | undefined; date_of_birth?: string | null | undefined; ... 7 more ...; user_id?: string | ... 1 more ... | undefined; }'.
[00:40:14.136]   Types of property 'additional_info' are incompatible.
[00:40:14.136]     Type 'object | undefined' is not assignable to type 'Json | undefined'.
[00:40:14.136]       Type 'object' is not assignable to type 'Json | undefined'.
[00:40:14.136] src/services/social-workers.ts(116,5): error TS2322: Type '{ id: any; full_name: any; email: any; specializations: any; workload: any; }[]' is not assignable to type '{ contact_number: string | null; created_at: string; department: string | null; employee_id: string | null; full_name: string; is_active: boolean; updated_at: string; user_id: string; }[]'.
[00:40:14.136]   Type '{ id: any; full_name: any; email: any; specializations: any; workload: any; }' is missing the following properties from type '{ contact_number: string | null; created_at: string; department: string | null; employee_id: string | null; full_name: string; is_active: boolean; updated_at: string; user_id: string; }': contact_number, created_at, department, employee_id, and 3 more.
[00:40:14.136] src/test/auth.e2e.test.tsx(67,44): error TS2307: Cannot find module '../services/authService' or its corresponding type declarations.
[00:40:14.136] src/test/auth.e2e.test.tsx(128,44): error TS2307: Cannot find module '../services/authService' or its corresponding type declarations.
[00:40:14.136] src/test/auth.e2e.test.tsx(138,10): error TS2741: Property 'children' is missing in type '{}' but required in type 'AuthRouterProps'.
[00:40:14.136] src/test/auth.e2e.test.tsx(181,25): error TS2322: Type '{ children: Element; requiredRole: string; }' is not assignable to type 'IntrinsicAttributes & ProtectedRouteProps'.
[00:40:14.136]   Property 'requiredRole' does not exist on type 'IntrinsicAttributes & ProtectedRouteProps'.
[00:40:14.136] src/test/auth.e2e.test.tsx(189,38): error TS2322: Type '"user"' is not assignable to type '"admin"'.
[00:40:14.136] src/test/auth.e2e.test.tsx(200,25): error TS2322: Type '{ children: Element; requiredRole: string; }' is not assignable to type 'IntrinsicAttributes & ProtectedRouteProps'.
[00:40:14.136]   Property 'requiredRole' does not exist on type 'IntrinsicAttributes & ProtectedRouteProps'.
[00:40:14.156] src/test/auth.e2e.test.tsx(218,44): error TS2307: Cannot find module '../services/authService' or its corresponding type declarations.
[00:40:14.156] src/test/auth.e2e.test.tsx(261,44): error TS2307: Cannot find module '../services/authService' or its corresponding type declarations.
[00:40:14.156] src/test/auth.e2e.test.tsx(267,10): error TS2741: Property 'children' is missing in type '{}' but required in type 'AuthRouterProps'.
[00:40:14.158] src/test/auth.e2e.test.tsx(292,44): error TS2307: Cannot find module '../services/authService' or its corresponding type declarations.
[00:40:14.159] src/test/auth.e2e.test.tsx(349,44): error TS2307: Cannot find module '../services/authService' or its corresponding type declarations.
[00:40:14.159] src/test/auth.e2e.test.tsx(403,44): error TS2307: Cannot find module '../services/authService' or its corresponding type declarations.
[00:40:14.159] src/test/auth.e2e.test.tsx(409,10): error TS2741: Property 'children' is missing in type '{}' but required in type 'AuthRouterProps'.
[00:40:14.159] src/test/auth.e2e.test.tsx(427,10): error TS2741: Property 'children' is missing in type '{}' but required in type 'AuthRouterProps'.
[00:40:14.159] src/test/auth.e2e.test.tsx(441,44): error TS2307: Cannot find module '../services/authService' or its corresponding type declarations.
[00:40:14.159] src/test/auth.e2e.test.tsx(451,10): error TS2741: Property 'children' is missing in type '{}' but required in type 'AuthRouterProps'.
[00:40:14.159] src/test/auth.e2e.test.tsx(471,10): error TS2741: Property 'children' is missing in type '{}' but required in type 'AuthRouterProps'.
[00:40:14.159] src/test/auth.e2e.test.tsx(489,10): error TS2741: Property 'children' is missing in type '{}' but required in type 'AuthRouterProps'.
[00:40:14.159] src/test/manual-auth-test.tsx(63,42): error TS2322: Type '{ id: string; email: string; name: string; }' is not assignable to type 'null'.
[00:40:14.159] src/test/testUtils.tsx(1,18): error TS1484: 'RenderOptions' is a type and must be imported using a type-only import when 'verbatimModuleSyntax' is enabled.
[00:40:14.160] src/test/testUtils.tsx(3,10): error TS1484: 'ReactElement' is a type and must be imported using a type-only import when 'verbatimModuleSyntax' is enabled.
[00:40:14.161] src/test/testUtils.tsx(3,24): error TS1484: 'ReactNode' is a type and must be imported using a type-only import when 'verbatimModuleSyntax' is enabled.
[00:40:14.161] src/test/testUtils.tsx(5,10): error TS2305: Module '"../contexts/AuthQueryContext"' has no exported member 'AuthQueryProvider'.
[00:40:14.161] src/test/testUtils.tsx(174,21): error TS2322: Type '{ children: ReactNode; value: { user: { id: string; email: string; email_confirmed_at: string; phone: string; confirmed_at: string; last_sign_in_at: string; app_metadata: {}; user_metadata: { ...; }; aud: string; role: string; created_at: string; updated_at: string; } | null; ... 17 more ...; hasAnyRole: Mock<...>; ...' is not assignable to type 'IntrinsicAttributes & AuthProviderProps'.
[00:40:14.161]   Property 'value' does not exist on type 'IntrinsicAttributes & AuthProviderProps'.
[00:40:14.161] src/tests/assessment-integration.test.ts(25,7): error TS2353: Object literal may only specify known properties, and 'preferred_environment' does not exist in type 'ConcentrationTimeOptions'.
[00:40:14.161] src/tests/assessment-integration.test.ts(33,7): error TS2353: Object literal may only specify known properties, and 'effort_willingness' does not exist in type 'MotivationLevelOptions'.
[00:40:14.161] src/tests/assessment-integration.test.ts(38,7): error TS2322: Type 'string[]' is not assignable to type 'boolean'.
[00:40:14.161] src/tests/assessment-integration.test.ts(39,7): error TS2322: Type 'string[]' is not assignable to type 'boolean'.
[00:40:14.161] src/tests/assessment-integration.test.ts(40,7): error TS2322: Type 'string[]' is not assignable to type 'boolean'.
[00:40:14.161] src/tests/assessment-integration.test.ts(41,7): error TS2322: Type 'string[]' is not assignable to type 'boolean'.
[00:40:14.161] src/tests/assessment-integration.test.ts(48,7): error TS2353: Object literal may only specify known properties, and 'resource_limitations' does not exist in type 'ConstraintsOptions'.
[00:40:14.161] src/tests/assessment-integration.test.ts(52,7): error TS2322: Type '"moderate"' is not assignable to type '"active_participant" | "observer" | "leader" | "supporter"'.
[00:40:14.161] src/tests/assessment-integration.test.ts(101,11): error TS2353: Object literal may only specify known properties, and 'preferred_environment' does not exist in type 'ConcentrationTimeOptions'.
[00:40:14.161] src/tests/assessment-integration.test.ts(147,54): error TS2339: Property 'score_trends' does not exist on type 'AssessmentVisualizationData'.
[00:40:14.161] src/tests/assessment-integration.test.ts(180,9): error TS2454: Variable 'createdAssessmentId' is used before being assigned.
[00:40:14.161] src/tests/assessment-integration.test.ts(191,44): error TS18046: 'error' is of type 'unknown'.
[00:40:14.161] src/types/announcement.ts(474,20): error TS2339: Property 'metadata' does not exist on type 'Announcement'.
[00:40:14.161] src/types/announcement.ts(475,24): error TS2339: Property 'metadata' does not exist on type 'Announcement'.
[00:40:14.161] src/types/announcement.ts(475,66): error TS2339: Property 'metadata' does not exist on type 'Announcement'.
[00:40:14.161] src/utils/accessibility-test.ts(16,9): error TS2353: Object literal may only specify known properties, and ''color-contrast'' does not exist in type 'Rule[]'.
[00:40:14.161] src/utils/accessibility-test.ts(23,7): error TS2559: Type 'string' has no properties in common with type 'Locale'.
[00:40:14.161] src/utils/accessibility-test.ts(67,77): error TS2503: Cannot find namespace 'axe'.
[00:40:14.161] src/utils/accessibility-test.ts(75,31): error TS2339: Property 'run' does not exist on type '(_React: any, _ReactDOM: any, _timeout: number, _conf?: ReactSpec | undefined, _context?: ContextSpec | undefined, _logger?: ((results: AxeResults) => void) | undefined) => Promise<...>'.
[00:40:14.161] src/utils/accessibility-test.ts(116,53): error TS2503: Cannot find namespace 'axe'.
[00:40:14.161] src/utils/accessibility-test.ts(129,25): error TS7006: Parameter 'violation' implicitly has an 'any' type.
[00:40:14.161] src/utils/accessibility-test.ts(129,36): error TS7006: Parameter 'index' implicitly has an 'any' type.
[00:40:14.161] src/utils/accessibility-test.ts(141,25): error TS7006: Parameter 'item' implicitly has an 'any' type.
[00:40:14.161] src/utils/accessibility-test.ts(141,31): error TS7006: Parameter 'index' implicitly has an 'any' type.
[00:40:14.161] src/utils/accessibility-test.ts(160,12): error TS2503: Cannot find namespace 'axe'.
[00:40:14.161] src/utils/assessmentFormUtils.ts(2,3): error TS1484: 'AssessmentStep' is a type and must be imported using a type-only import when 'verbatimModuleSyntax' is enabled.
[00:40:14.161] src/utils/assessmentFormUtils.ts(3,3): error TS1484: 'AssessmentData' is a type and must be imported using a type-only import when 'verbatimModuleSyntax' is enabled.
[00:40:14.161] src/utils/assessmentFormUtils.ts(4,3): error TS1484: 'AssessmentFieldConfig' is a type and must be imported using a type-only import when 'verbatimModuleSyntax' is enabled.
[00:40:14.161] src/utils/assessmentFormUtils.ts(5,3): error TS1484: 'AssessmentFormConfig' is a type and must be imported using a type-only import when 'verbatimModuleSyntax' is enabled.
[00:40:14.162] src/utils/assessmentFormUtils.ts(361,24): error TS2339: Property 'effort_willingness' does not exist on type 'MotivationLevelOptions'.
[00:40:14.162] src/utils/assessmentFormUtils.ts(365,40): error TS2339: Property 'achievement_areas' does not exist on type 'PastSuccessesOptions'.
[00:40:14.162] src/utils/assessmentFormUtils.ts(365,75): error TS2339: Property 'achievement_areas' does not exist on type 'PastSuccessesOptions'.
[00:40:14.162] src/utils/assessmentFormUtils.ts(425,21): error TS2304: Cannot find name 'ASSESSMENT_STEP_DURATION'.
[00:40:14.162] src/utils/auth.ts(7,15): error TS2724: '"@/types/auth"' has no exported member named 'AuthErrorCode'. Did you mean 'AuthError'?
[00:40:14.162] src/utils/auth.ts(325,22): error TS7053: Element implicitly has an 'any' type because expression of type 'AuthErrorCode' can't be used to index type '{ readonly unknown_error: "ì•Œ ìˆ˜ ì—†ëŠ” ì˜¤ë¥˜ê°€ ë°œìƒí–ˆìŠµë‹ˆë‹¤."; readonly network_error: "ë„¤íŠ¸ì›Œí¬ ì˜¤ë¥˜ê°€ ë°œìƒí–ˆìŠµë‹ˆë‹¤."; readonly invalid_credentials: "ì´ë©”ì¼ ë˜ëŠ” ë¹„ë°€ë²ˆí˜¸ê°€ ì˜¬ë°”ë¥´ì§€ ì•ŠìŠµë‹ˆë‹¤."; readonly user_not_found: "ì‚¬ìš©ìžë¥¼ ì°¾ì„ ìˆ˜ ì—†ìŠµë‹ˆë‹¤."; ... 13 more ...; readonly email_not_verified: "ì´ë©”ì¼ ì¸ì¦ì´ ì™„ë£Œë˜ì§€ ì•Šì•˜ìŠµë‹ˆë‹¤."; }'.
[00:40:14.162] src/utils/auth.ts(326,12): error TS7053: Element implicitly has an 'any' type because expression of type 'AuthErrorCode' can't be used to index type '{ readonly unknown_error: "ì•Œ ìˆ˜ ì—†ëŠ” ì˜¤ë¥˜ê°€ ë°œìƒí–ˆìŠµë‹ˆë‹¤."; readonly network_error: "ë„¤íŠ¸ì›Œí¬ ì˜¤ë¥˜ê°€ ë°œìƒí–ˆìŠµë‹ˆë‹¤."; readonly invalid_credentials: "ì´ë©”ì¼ ë˜ëŠ” ë¹„ë°€ë²ˆí˜¸ê°€ ì˜¬ë°”ë¥´ì§€ ì•ŠìŠµë‹ˆë‹¤."; readonly user_not_found: "ì‚¬ìš©ìžë¥¼ ì°¾ì„ ìˆ˜ ì—†ìŠµë‹ˆë‹¤."; ... 13 more ...; readonly email_not_verified: "ì´ë©”ì¼ ì¸ì¦ì´ ì™„ë£Œë˜ì§€ ì•Šì•˜ìŠµë‹ˆë‹¤."; }'.
[00:40:14.162] src/utils/goal-categorization.ts(2,3): error TS1484: 'BaseGoal' is a type and must be imported using a type-only import when 'verbatimModuleSyntax' is enabled.
[00:40:14.162] src/utils/goal-categorization.ts(3,3): error TS1484: 'GoalCategory' is a type and must be imported using a type-only import when 'verbatimModuleSyntax' is enabled.
[00:40:14.162] src/utils/goal-categorization.ts(4,3): error TS1484: 'GoalType' is a type and must be imported using a type-only import when 'verbatimModuleSyntax' is enabled.
[00:40:14.162] src/utils/goal-categorization.ts(5,3): error TS1484: 'GoalStatus' is a type and must be imported using a type-only import when 'verbatimModuleSyntax' is enabled.
[00:40:14.162] src/utils/goal-categorization.ts(6,3): error TS1484: 'GoalPriority' is a type and must be imported using a type-only import when 'verbatimModuleSyntax' is enabled.
[00:40:14.162] src/utils/goal-categorization.ts(148,5): error TS2322: Type '({ readonly id: "easy"; readonly label: "ì‰¬ì›€"; readonly color: "#10B981"; readonly category: "difficulty"; } | { readonly id: "medium"; readonly label: "ë³´í†µ"; readonly color: "#F59E0B"; readonly category: "difficulty"; } | ... 21 more ... | undefined)[]' is not assignable to type 'GoalTag[]'.
[00:40:14.162]   Type '{ readonly id: "easy"; readonly label: "ì‰¬ì›€"; readonly color: "#10B981"; readonly category: "difficulty"; } | { readonly id: "medium"; readonly label: "ë³´í†µ"; readonly color: "#F59E0B"; readonly category: "difficulty"; } | ... 21 more ... | undefined' is not assignable to type 'GoalTag'.
[00:40:14.162]     Type 'undefined' is not assignable to type 'GoalTag'.
[00:40:14.162] src/utils/goal-categorization.ts(150,29): error TS2677: A type predicate's type must be assignable to its parameter's type.
[00:40:14.162]   Type 'GoalTag' is not assignable to type '{ readonly id: "easy"; readonly label: "ì‰¬ì›€"; readonly color: "#10B981"; readonly category: "difficulty"; } | { readonly id: "medium"; readonly label: "ë³´í†µ"; readonly color: "#F59E0B"; readonly category: "difficulty"; } | ... 21 more ... | undefined'.
[00:40:14.162]     Type 'GoalTag' is not assignable to type '{ readonly id: "easy"; readonly label: "ì‰¬ì›€"; readonly color: "#10B981"; readonly category: "difficulty"; } | { readonly id: "medium"; readonly label: "ë³´í†µ"; readonly color: "#F59E0B"; readonly category: "difficulty"; } | ... 20 more ... | { ...; }'.
[00:40:14.162]       Type 'GoalTag' is not assignable to type '{ readonly id: "private"; readonly label: "ë¯¼ê°„ ê¸°ê´€"; readonly color: "#8B5CF6"; readonly category: "resource"; }'.
[00:40:14.162]         Types of property 'id' are incompatible.
[00:40:14.162]           Type 'string' is not assignable to type '"private"'.
[00:40:14.162] src/utils/routes.ts(187,12): error TS7053: Element implicitly has an 'any' type because expression of type 'UserRole' can't be used to index type '{ readonly administrator: readonly ["/admin/dashboard", "/admin/users", "/admin/social-workers", "/admin/patients", "/admin/administrators", "/admin/settings", "/admin/analytics", "/admin/system"]; readonly social_worker: readonly [...]; readonly patient: readonly [...]; }'.
[00:40:14.162]   Property 'user' does not exist on type '{ readonly administrator: readonly ["/admin/dashboard", "/admin/users", "/admin/social-workers", "/admin/patients", "/admin/administrators", "/admin/settings", "/admin/analytics", "/admin/system"]; readonly social_worker: readonly [...]; readonly patient: readonly [...]; }'.
[00:40:14.162] src/utils/routes.ts(187,36): error TS7006: Parameter 'routePath' implicitly has an 'any' type.
[00:40:14.350] vite.config.ts(59,5): error TS2769: No overload matches this call.
[00:40:14.350]   The last overload gave the following error.
[00:40:14.350]     Type 'false | { cert: NonSharedBuffer; key: NonSharedBuffer; }' is not assignable to type 'ServerOptions | undefined'.
[00:40:14.350]       Type 'false' has no properties in common with type 'ServerOptions'.
[00:40:14.350]         Type 'false | { cert: NonSharedBuffer; key: NonSharedBuffer; }' is not assignable to type 'ServerOptions | undefined'.
[00:40:14.350]           Type 'false' has no properties in common with type 'ServerOptions'.
[00:40:14.350] vite.config.ts(74,5): error TS2769: No overload matches this call.
[00:40:14.350]   The last overload gave the following error.
[00:40:14.350]     Type 'false | { cert: NonSharedBuffer; key: NonSharedBuffer; }' is not assignable to type 'ServerOptions | undefined'.
[00:40:14.350]       Type 'false' has no properties in common with type 'ServerOptions'.
[00:40:14.350]         Type 'false | { cert: NonSharedBuffer; key: NonSharedBuffer; }' is not assignable to type 'ServerOptions | undefined'.
[00:40:14.350]           Type 'false' has no properties in common with type 'ServerOptions'.
[00:40:14.449] Error: Command "npm run build" exited with 1
[00:40:15.254] 
[00:40:18.366] Exiting build container